+---------------------------------------------------------------------+
|  Log file: pa.results.log                                           |
|  Compiler version: 9.11.0                                           |
|  Created on: Wed Nov 27 16:25:27 2024                               |
|  Run ID: 2f44ef5928204c5a                                           |
+---------------------------------------------------------------------+

Allocation state: Final Allocation
------------------------------------------------------------------------------
|       PHV Group        | Containers Used |   Bits Used   | Bits Available |
| (container bit widths) |     (% used)    |    (% used)   |                |
------------------------------------------------------------------------------
|         0 (32)         |    2 (12.50%)   |  64 (12.50%)  |      512       |
|         1 (32)         |    8 (50.00%)   |  256 (50.00%) |      512       |
|         2 (32)         |    0 (0.00%)    |   0 (0.00%)   |      512       |
|         3 (32)         |    0 (0.00%)    |   0 (0.00%)   |      512       |
|    Total for 32 bit    |   10 (15.62%)   |  320 (15.62%) |      2048      |
|                        |                 |               |                |
|         4 (8)          |    9 (56.25%)   |  47 (36.72%)  |      128       |
|         5 (8)          |    3 (18.75%)   |  15 (11.72%)  |      128       |
|         6 (8)          |    0 (0.00%)    |   0 (0.00%)   |      128       |
|         7 (8)          |    0 (0.00%)    |   0 (0.00%)   |      128       |
|    Total for 8 bit     |   12 (18.75%)   |  62 (12.11%)  |      512       |
|                        |                 |               |                |
|         8 (16)         |   14 (87.50%)   |  217 (84.77%) |      256       |
|         9 (16)         |    3 (18.75%)   |  41 (16.02%)  |      256       |
|        10 (16)         |    0 (0.00%)    |   0 (0.00%)   |      256       |
|        11 (16)         |    0 (0.00%)    |   0 (0.00%)   |      256       |
|        12 (16)         |    0 (0.00%)    |   0 (0.00%)   |      256       |
|        13 (16)         |    0 (0.00%)    |   0 (0.00%)   |      256       |
|    Total for 16 bit    |   17 (17.71%)   |  258 (16.80%) |      1536      |
|                        |                 |               |                |
|       14 (32) T        |   14 (87.50%)   |  448 (87.50%) |      512       |
|       15 (32) T        |    0 (0.00%)    |   0 (0.00%)   |      512       |
|    Total for 32 bit    |   14 (43.75%)   |  448 (43.75%) |      1024      |
|                        |                 |               |                |
|        16 (8) T        |    7 (43.75%)   |  56 (43.75%)  |      128       |
|        17 (8) T        |    0 (0.00%)    |   0 (0.00%)   |      128       |
|    Total for 8 bit     |    7 (21.88%)   |  56 (21.88%)  |      256       |
|                        |                 |               |                |
|       18 (16) T        |   16 (100.00%)  | 256 (100.00%) |      256       |
|       19 (16) T        |    4 (25.00%)   |  64 (25.00%)  |      256       |
|       20 (16) T        |    0 (0.00%)    |   0 (0.00%)   |      256       |
|    Total for 16 bit    |   20 (41.67%)   |  320 (41.67%) |      768       |
|                        |                 |               |                |
|       MAU total        |   39 (17.41%)   |  640 (15.62%) |      4096      |
|     Tagalong total     |   41 (36.61%)   |  824 (40.23%) |      2048      |
|     Overall total      |   80 (23.81%)   | 1464 (23.83%) |      6144      |
------------------------------------------------------------------------------

--------------------------------------------
PHV Allocation
--------------------------------------------

Allocations in Group 0 32 bits
  32-bit PHV 0 (ingress): phv0[31:0] = hdr.ipv4.src_addr[31:0] (deparsed)
  32-bit PHV 1 (ingress): phv1[31:0] = hdr.ipv4.dst_addr[31:0] (deparsed)
  >> 2 in ingress and 0 in egress

Allocations in Group 1 32 bits
  32-bit PHV 16 (egress): phv16[31:0] = eg_md.result_d1[31:0]
  32-bit PHV 17 (egress): phv17[31:0] = $tmp24[31:0]
  32-bit PHV 18 (egress): phv18[31:0] = eg_md.result_d2[31:0]
  32-bit PHV 19 (egress): phv19[31:0] = $tmp25[31:0]
  32-bit PHV 20 (egress): phv20[31:0] = hdr.ipv4.dst_addr[31:0] (deparsed)
  32-bit PHV 21 (egress): phv21[31:0] = hdr.ipv4.src_addr[31:0] (deparsed)
  32-bit PHV 22 (egress): phv22[31:0] = eg_md.hash_meta_d1[31:0]
  32-bit PHV 23 (egress): phv23[31:0] = eg_md.hash_meta_d2[31:0]
  >> 0 in ingress and 8 in egress

Allocations in Group 4 8 bits
  8-bit PHV 64 (ingress): phv64[7:0] = $tmp3[31:24] (deparsed)
  8-bit PHV 64 (ingress): phv64[7:0] = $tmp3[23:16] (deparsed)
  8-bit PHV 64 (ingress): phv64[7:0] = $tmp3[15:8] (deparsed)
  8-bit PHV 64 (ingress): phv64[7:0] = $tmp3[7:0] (deparsed)
  8-bit PHV 65 (ingress): phv65[2:0] = ig_intr_md_for_dprsr.digest_type[2:0] (deparsed)
  8-bit PHV 66 (ingress): phv66[2:0] = ig_intr_md_for_dprsr.resubmit_type[2:0] (deparsed)
  8-bit PHV 67 (ingress): phv67[7:0] = ig_md.idx2[7:0]
  8-bit PHV 67 (ingress): phv67[2:0] = ig_intr_md_for_dprsr.mirror_type[2:0] (deparsed)
  8-bit PHV 68 (ingress): phv68[2:0] = ig_intr_md_for_dprsr.drop_ctl[2:0] (deparsed)
  8-bit PHV 69 (ingress): phv69[7:0] = hdr.ipv4.protocol[7:0] (deparsed)
  8-bit PHV 70 (ingress): phv70[3:3] = hdr.tcp.$valid[0:0] (deparsed)
  8-bit PHV 70 (ingress): phv70[2:2] = hdr.udp.$valid[0:0] (deparsed)
  8-bit PHV 70 (ingress): phv70[1:1] = hdr.ipv4.$valid[0:0] (deparsed)
  8-bit PHV 70 (ingress): phv70[0:0] = hdr.ethernet.$valid[0:0] (deparsed)
  8-bit PHV 71 (ingress): phv71[7:7] = ig_intr_md.resubmit_flag[0:0]
  8-bit PHV 71 (ingress): phv71[0:0] = ig_intr_md.ingress_port[8:8]
  8-bit PHV 71 (ingress): phv71[0:0] = ig_md.found[0:0]
  8-bit PHV 72 (ingress): phv72[7:0] = ig_md.idx2[15:8]
  >> 9 in ingress and 0 in egress

Allocations in Group 5 8 bits
  8-bit PHV 80 (egress): phv80[2:0] = hdr.min_parse_depth_padding_0.$stkvalid[2:0]
  8-bit PHV 80 (egress): phv80[2:2] = hdr.min_parse_depth_padding_0[0].$valid[0:0] (deparsed)
  8-bit PHV 80 (egress): phv80[1:1] = hdr.min_parse_depth_padding_0[1].$valid[0:0] (deparsed)
  8-bit PHV 80 (egress): phv80[0:0] = hdr.min_parse_depth_padding_0[2].$valid[0:0] (deparsed)
  8-bit PHV 81 (egress): phv81[7:0] = hdr.ipv4.protocol[7:0] (deparsed)
  8-bit PHV 82 (egress): phv82[3:3] = hdr.udp.$valid[0:0] (deparsed)
  8-bit PHV 82 (egress): phv82[2:2] = hdr.tcp.$valid[0:0] (deparsed)
  8-bit PHV 82 (egress): phv82[1:1] = hdr.ipv4.$valid[0:0] (deparsed)
  8-bit PHV 82 (egress): phv82[0:0] = hdr.ethernet.$valid[0:0] (deparsed)
  >> 0 in ingress and 3 in egress

Allocations in Group 8 16 bits
  16-bit PHV 128 (ingress): phv128[8:0] = ig_intr_md_for_tm.ucast_egress_port[8:0] (deparsed)
  16-bit PHV 129 (ingress): phv129[15:0] = ig_md.idx4[15:0]
  16-bit PHV 129 (ingress): phv129[15:0] = ig_md.out_remain1[15:0]
  16-bit PHV 129 (ingress): phv129[9:0] = $tmp2[9:0] (deparsed)
  16-bit PHV 129 (ingress): phv129[7:0] = ig_intr_md.ingress_port[7:0]
  16-bit PHV 130 (ingress): phv130[15:0] = ig_md.remain1[15:0]
  16-bit PHV 131 (ingress): phv131[15:0] = ig_md.resubmit_md.remain[15:0] (deparsed)
  16-bit PHV 132 (ingress): phv132[15:0] = ig_md.idx1[15:0]
  16-bit PHV 133 (ingress): phv133[15:0] = ig_md.resubmit_md.idx[15:0] (deparsed)
  16-bit PHV 134 (ingress): phv134[15:0] = ig_md.src_port[15:0] (deparsed)
  16-bit PHV 135 (ingress): phv135[15:0] = ig_md.dst_port[15:0] (deparsed)
  16-bit PHV 136 (ingress): phv136[15:0] = ig_md.remain2[15:0]
  16-bit PHV 136 (ingress): phv136[15:0] = ig_md.out_remain4[15:0] (deparsed)
  16-bit PHV 137 (ingress): phv137[15:0] = ig_md.out_remain2[15:0]
  16-bit PHV 138 (ingress): phv138[15:0] = ig_md.remain3[15:0]
  16-bit PHV 139 (ingress): phv139[15:0] = ig_md.out_remain3[15:0]
  16-bit PHV 140 (ingress): phv140[15:0] = ig_md.idx3[15:0]
  16-bit PHV 141 (ingress): phv141[15:0] = ig_md.remain4[15:0]
  >> 14 in ingress and 0 in egress

Allocations in Group 9 16 bits
  16-bit PHV 144 (egress): phv144[8:0] = eg_intr_md.egress_port[8:0] (deparsed)
  16-bit PHV 145 (egress): phv145[15:0] = eg_md.src_port[15:0]
  16-bit PHV 146 (egress): phv146[15:0] = eg_md.dst_port[15:0]
  >> 0 in ingress and 3 in egress

Allocations in Group 14 32 bits (tagalong)
  32-bit PHV 256 (ingress): phv256[31:28] = hdr.ipv4.version[3:0] (tagalong capable) (deparsed)
  32-bit PHV 256 (ingress): phv256[27:24] = hdr.ipv4.ihl[3:0] (tagalong capable) (deparsed)
  32-bit PHV 256 (ingress): phv256[23:16] = hdr.ipv4.diffserv[7:0] (tagalong capable) (deparsed)
  32-bit PHV 256 (ingress): phv256[15:0] = hdr.ipv4.total_len[15:0] (tagalong capable) (deparsed)
  32-bit PHV 257 (ingress): phv257[31:16] = hdr.udp.hdr_length[15:0] (tagalong capable) (deparsed)
  32-bit PHV 257 (ingress): phv257[31:28] = hdr.tcp.data_offset[3:0] (tagalong capable) (deparsed)
  32-bit PHV 257 (ingress): phv257[27:24] = hdr.tcp.res[3:0] (tagalong capable) (deparsed)
  32-bit PHV 257 (ingress): phv257[23:16] = hdr.tcp.flags[7:0] (tagalong capable) (deparsed)
  32-bit PHV 257 (ingress): phv257[15:0] = hdr.udp.checksum[15:0] (tagalong capable) (deparsed)
  32-bit PHV 257 (ingress): phv257[15:0] = hdr.tcp.window[15:0] (tagalong capable) (deparsed)
  32-bit PHV 258 (ingress): phv258[31:16] = hdr.ipv4.identification[15:0] (tagalong capable) (deparsed)
  32-bit PHV 258 (ingress): phv258[15:13] = hdr.ipv4.flags[2:0] (tagalong capable) (deparsed)
  32-bit PHV 258 (ingress): phv258[12:0] = hdr.ipv4.frag_offset[12:0] (tagalong capable) (deparsed)
  32-bit PHV 259 (ingress): phv259[31:16] = hdr.udp.src_port[15:0] (tagalong capable) (deparsed)
  32-bit PHV 259 (ingress): phv259[31:16] = hdr.tcp.checksum[15:0] (tagalong capable) (deparsed)
  32-bit PHV 259 (ingress): phv259[15:0] = hdr.udp.dst_port[15:0] (tagalong capable) (deparsed)
  32-bit PHV 259 (ingress): phv259[15:0] = hdr.tcp.urgent_ptr[15:0] (tagalong capable) (deparsed)
  32-bit PHV 260 (egress): phv260[31:28] = hdr.ipv4.version[3:0] (tagalong capable) (deparsed)
  32-bit PHV 260 (egress): phv260[27:24] = hdr.ipv4.ihl[3:0] (tagalong capable) (deparsed)
  32-bit PHV 260 (egress): phv260[23:16] = hdr.ipv4.diffserv[7:0] (tagalong capable) (deparsed)
  32-bit PHV 260 (egress): phv260[15:0] = hdr.ipv4.total_len[15:0] (tagalong capable) (deparsed)
  32-bit PHV 261 (egress): phv261[31:16] = hdr.ipv4.identification[15:0] (tagalong capable) (deparsed)
  32-bit PHV 261 (egress): phv261[15:13] = hdr.ipv4.flags[2:0] (tagalong capable) (deparsed)
  32-bit PHV 261 (egress): phv261[12:0] = hdr.ipv4.frag_offset[12:0] (tagalong capable) (deparsed)
  32-bit PHV 262 (egress): phv262[31:0] = hdr.min_parse_depth_padding_0[0].packet_payload[31:0] (tagalong capable) (deparsed)
  32-bit PHV 262 (egress): phv262[31:16] = hdr.tcp.checksum[15:0] (tagalong capable) (deparsed)
  32-bit PHV 262 (egress): phv262[31:16] = hdr.udp.hdr_length[15:0] (tagalong capable) (deparsed)
  32-bit PHV 262 (egress): phv262[15:0] = hdr.tcp.urgent_ptr[15:0] (tagalong capable) (deparsed)
  32-bit PHV 262 (egress): phv262[15:0] = hdr.udp.checksum[15:0] (tagalong capable) (deparsed)
  32-bit PHV 263 (egress): phv263[31:0] = hdr.min_parse_depth_padding_0[0].packet_payload[63:32] (tagalong capable) (deparsed)
  32-bit PHV 263 (egress): phv263[31:16] = hdr.tcp.src_port[15:0] (tagalong capable) (deparsed)
  32-bit PHV 263 (egress): phv263[31:16] = hdr.udp.src_port[15:0] (tagalong capable) (deparsed)
  32-bit PHV 263 (egress): phv263[15:0] = hdr.tcp.dst_port[15:0] (tagalong capable) (deparsed)
  32-bit PHV 263 (egress): phv263[15:0] = hdr.udp.dst_port[15:0] (tagalong capable) (deparsed)
  32-bit PHV 264 (egress): phv264[31:0] = hdr.min_parse_depth_padding_0[1].packet_payload[31:0] (tagalong capable) (deparsed)
  32-bit PHV 264 (egress): phv264[31:0] = hdr.tcp.ack_no[31:0] (tagalong capable) (deparsed)
  32-bit PHV 265 (egress): phv265[31:0] = hdr.min_parse_depth_padding_0[1].packet_payload[63:32] (tagalong capable) (deparsed)
  32-bit PHV 265 (egress): phv265[31:0] = hdr.tcp.seq_no[31:0] (tagalong capable) (deparsed)
  32-bit PHV 266 (egress): phv266[31:0] = hdr.min_parse_depth_padding_0[2].packet_payload[31:0] (tagalong capable) (deparsed)
  32-bit PHV 267 (egress): phv267[31:0] = hdr.min_parse_depth_padding_0[2].packet_payload[63:32] (tagalong capable) (deparsed)
  32-bit PHV 268 (ingress): phv268[31:0] = hdr.tcp.ack_no[31:0] (tagalong capable) (deparsed)
  32-bit PHV 269 (ingress): phv269[31:0] = hdr.tcp.seq_no[31:0] (tagalong capable) (deparsed)
  >> 6 in ingress and 8 in egress

Allocations in Group 16 8 bits (tagalong)
  8-bit PHV 288 (ingress): phv288[7:0] = hdr.ipv4.ttl[7:0] (tagalong capable) (deparsed)
  8-bit PHV 292 (egress): phv292[7:0] = hdr.min_parse_depth_padding_0[0].packet_payload[87:80] (tagalong capable) (deparsed)
  8-bit PHV 292 (egress): phv292[7:0] = hdr.tcp.window[7:0] (tagalong capable) (deparsed)
  8-bit PHV 293 (egress): phv293[7:0] = hdr.min_parse_depth_padding_0[1].packet_payload[87:80] (tagalong capable) (deparsed)
  8-bit PHV 293 (egress): phv293[7:0] = hdr.tcp.window[15:8] (tagalong capable) (deparsed)
  8-bit PHV 294 (egress): phv294[7:0] = hdr.min_parse_depth_padding_0[2].packet_payload[87:80] (tagalong capable) (deparsed)
  8-bit PHV 294 (egress): phv294[7:4] = hdr.tcp.data_offset[3:0] (tagalong capable) (deparsed)
  8-bit PHV 294 (egress): phv294[3:0] = hdr.tcp.res[3:0] (tagalong capable) (deparsed)
  8-bit PHV 295 (egress): phv295[7:0] = hdr.min_parse_depth_padding_0[0].packet_payload[71:64] (tagalong capable) (deparsed)
  8-bit PHV 295 (egress): phv295[7:0] = hdr.tcp.flags[7:0] (tagalong capable) (deparsed)
  8-bit PHV 296 (egress): phv296[7:0] = hdr.ipv4.ttl[7:0] (tagalong capable) (deparsed)
  8-bit PHV 297 (egress): phv297[7:0] = hdr.min_parse_depth_padding_0[0].packet_payload[79:72] (tagalong capable) (deparsed)
  >> 1 in ingress and 6 in egress

Allocations in Group 18 16 bits (tagalong)
  16-bit PHV 320 (ingress): phv320[15:0] = hdr.tcp.dst_port[15:0] (tagalong capable) (deparsed)
  16-bit PHV 321 (ingress): phv321[15:0] = hdr.tcp.src_port[15:0] (tagalong capable) (deparsed)
  16-bit PHV 322 (ingress): phv322[15:0] = hdr.ethernet.src_addr[15:0] (tagalong capable) (deparsed)
  16-bit PHV 323 (ingress): phv323[15:0] = hdr.ethernet.src_addr[31:16] (tagalong capable) (deparsed)
  16-bit PHV 324 (ingress): phv324[15:0] = hdr.ethernet.dst_addr[15:0] (tagalong capable) (deparsed)
  16-bit PHV 325 (ingress): phv325[15:0] = hdr.ethernet.dst_addr[31:16] (tagalong capable) (deparsed)
  16-bit PHV 326 (egress): phv326[15:0] = hdr.ipv4.hdr_checksum[15:0] (tagalong capable) (deparsed)
  16-bit PHV 327 (egress): phv327[15:0] = hdr.ethernet.src_addr[15:0] (tagalong capable) (deparsed)
  16-bit PHV 328 (egress): phv328[15:0] = hdr.ethernet.src_addr[31:16] (tagalong capable) (deparsed)
  16-bit PHV 329 (egress): phv329[15:0] = hdr.ethernet.dst_addr[15:0] (tagalong capable) (deparsed)
  16-bit PHV 330 (egress): phv330[15:0] = hdr.ethernet.dst_addr[31:16] (tagalong capable) (deparsed)
  16-bit PHV 331 (egress): phv331[15:0] = hdr.min_parse_depth_padding_0[1].packet_payload[79:64] (tagalong capable) (deparsed)
  16-bit PHV 332 (egress): phv332[15:0] = hdr.min_parse_depth_padding_0[2].packet_payload[79:64] (tagalong capable) (deparsed)
  16-bit PHV 333 (egress): phv333[15:0] = hdr.ethernet.ether_type[15:0] (tagalong capable) (deparsed)
  16-bit PHV 334 (egress): phv334[15:0] = hdr.ethernet.src_addr[47:32] (tagalong capable) (deparsed)
  16-bit PHV 335 (egress): phv335[15:0] = hdr.ethernet.dst_addr[47:32] (tagalong capable) (deparsed)
  >> 6 in ingress and 10 in egress

Allocations in Group 19 16 bits (tagalong)
  16-bit PHV 338 (ingress): phv338[15:0] = hdr.ethernet.ether_type[15:0] (tagalong capable) (deparsed)
  16-bit PHV 339 (ingress): phv339[15:0] = hdr.ethernet.src_addr[47:32] (tagalong capable) (deparsed)
  16-bit PHV 340 (ingress): phv340[15:0] = hdr.ethernet.dst_addr[47:32] (tagalong capable) (deparsed)
  16-bit PHV 341 (ingress): phv341[15:0] = hdr.ipv4.hdr_checksum[15:0] (tagalong capable) (deparsed)
  >> 4 in ingress and 0 in egress


Final POV layout (ingress):

Final POV layout (egress):
