Parser Characterization Report:
Number of states on ingress: 8

Number of matches on ingress: 12

Longest path (7 states) on ingress:
    $entry_point
    start
    parse_resubmit
    parse_ethernet
    parse_ethernet.$split_0
    parse_ipv4
    parse_udp

Shortest path (4 states) on ingress:
    $entry_point
    start
    parse_ethernet
    parse_ethernet.$split_0

Timing is met for min-sized packet (73 B) running at 100 Gbps

Extractor usage:
+-------------------------+------------+-------+--------+--------+------------------+-------+
|State                    |Match       |8-bit  |16-bit  |32-bit  |Total Extractors  |Other  |
+-------------------------+------------+-------+--------+--------+------------------+-------+
|$entry_point             |*           |0      |0       |0       |0                 |       |
|start                    |0b0*******  |1      |1       |0       |2                 |       |
|-                        |0b1*******  |1      |1       |0       |2                 |       |
|parse_resubmit           |*           |0      |2       |0       |2                 |       |
|parse_ethernet           |*           |1      |4       |0       |5                 |       |
|parse_ethernet.$split_0  |0x0800      |0      |3       |0       |3                 |       |
|-                        |0x****      |0      |3       |0       |3                 |       |
|parse_ipv4               |0x11        |3      |1       |4       |8                 |       |
|-                        |0x06        |3      |1       |4       |8                 |       |
|-                        |0x**        |3      |1       |4       |8                 |       |
|parse_tcp                |*           |1      |4       |4       |9                 |       |
|parse_udp                |*           |1      |2       |2       |5                 |       |
+-------------------------+------------+-------+--------+--------+------------------+-------+
Number of states on egress: 13

Number of matches on egress: 21

Longest path (7 states) on egress:
    $entry_point
    start.$split_0
    start.$split_1
    parse_ipv4
    min_parse_depth_accept_initial
    min_parse_depth_accept_loop.$split_0
    min_parse_depth_accept_loop.$it1.$split_0

Shortest path (4 states) on egress:
    $entry_point
    start.$split_0
    start.$split_1
    min_parse_depth_reject_initial

Timing is met for min-sized packet (73 B) running at 100 Gbps

Extractor usage:
+-------------------------------------------+--------+-------+--------+--------+------------------+-------+
|State                                      |Match   |8-bit  |16-bit  |32-bit  |Total Extractors  |Other  |
+-------------------------------------------+--------+-------+--------+--------+------------------+-------+
|$entry_point                               |*       |1      |3       |0       |4                 |       |
|start.$split_0                             |*       |0      |4       |0       |4                 |       |
|start.$split_1                             |0x0800  |0      |1       |0       |1                 |       |
|-                                          |0x****  |0      |1       |0       |1                 |       |
|min_parse_depth_reject_initial             |0x0     |0      |0       |0       |0                 |       |
|-                                          |0b**    |0      |0       |0       |0                 |       |
|min_parse_depth_reject_loop                |*       |0      |0       |0       |0                 |       |
|min_parse_depth_reject_loop.$split_0       |0x0     |0      |0       |0       |0                 |       |
|-                                          |0b**    |0      |0       |0       |0                 |       |
|parse_ipv4                                 |0x06    |3      |1       |4       |8                 |       |
|-                                          |0x11    |3      |1       |4       |8                 |       |
|-                                          |0x**    |3      |1       |4       |8                 |       |
|min_parse_depth_accept_initial             |0x0     |4      |0       |2       |6                 |       |
|-                                          |0b**    |0      |0       |0       |0                 |       |
|min_parse_depth_accept_loop.$split_0       |0x0     |2      |1       |2       |5                 |       |
|-                                          |0b**    |0      |0       |0       |0                 |       |
|min_parse_depth_accept_loop.$it1.$split_0  |0x0     |2      |1       |2       |5                 |       |
|-                                          |0b**    |0      |0       |0       |0                 |       |
|parse_udp                                  |0x****  |1      |2       |2       |5                 |       |
|parse_tcp                                  |*       |4      |2       |4       |10                |       |
|parse_tcp.$split_0                         |0x****  |1      |0       |0       |1                 |       |
+-------------------------------------------+--------+-------+--------+--------+------------------+-------+
