+---------------------------------------------------------------------+
|  Log file: mau.resources.log                                        |
|  Compiler version: 9.11.0                                           |
|  Created on: Mon Mar 10 17:43:12 2025                               |
|  Run ID: d396d9b5eb7244ad                                           |
+---------------------------------------------------------------------+


---------------------------------------------------------------------------------------------------------------------------------------------------------------------------------------------------------------------------------------------------------------------------------------------------------------------------------------------------------------
| Stage Number | Exact Match Input xbar | Ternary Match Input xbar | Hash Bit | Hash Dist Unit | Gateway | SRAM | Map RAM | TCAM | VLIW Instr | Meter ALU | Stats ALU | Stash | Exact Match Search Bus | Exact Match Result Bus | Tind Result Bus | Action Data Bus Bytes | 8-bit Action Slots | 16-bit Action Slots | 32-bit Action Slots | Logical TableID |
---------------------------------------------------------------------------------------------------------------------------------------------------------------------------------------------------------------------------------------------------------------------------------------------------------------------------------------------------------------
|      0       |           7            |            0             |    52    |       2        |    0    |  20  |    18   |  0   |     3      |     2     |     0     |   2   |           2            |           2            |        0        |           5           |         0          |          0          |          0          |        2        |
|      1       |           8            |            0             |    26    |       1        |    0    |  10  |    9    |  0   |     2      |     1     |     0     |   1   |           1            |           1            |        0        |           3           |         0          |          0          |          0          |        1        |
|      2       |           8            |            0             |    26    |       1        |    0    |  10  |    9    |  0   |     2      |     1     |     0     |   1   |           1            |           1            |        1        |           2           |         0          |          0          |          0          |        2        |
|      3       |           8            |            0             |    26    |       1        |    0    |  10  |    9    |  0   |     2      |     1     |     0     |   1   |           1            |           1            |        0        |           2           |         0          |          0          |          0          |        1        |
|      4       |           8            |            0             |    26    |       1        |    0    |  10  |    9    |  0   |     2      |     1     |     0     |   1   |           1            |           1            |        0        |           3           |         0          |          0          |          0          |        1        |
|      5       |           8            |            0             |    26    |       1        |    0    |  10  |    9    |  0   |     2      |     1     |     0     |   1   |           1            |           1            |        0        |           2           |         0          |          0          |          0          |        1        |
|      6       |           8            |            0             |    26    |       1        |    0    |  10  |    9    |  0   |     2      |     1     |     0     |   1   |           1            |           1            |        0        |           1           |         0          |          0          |          0          |        1        |
|      7       |           2            |            0             |    10    |       0        |    0    |  1   |    0    |  0   |     2      |     0     |     0     |   1   |           1            |           1            |        0        |           0           |         0          |          0          |          0          |        1        |
|      8       |           0            |            0             |    0     |       0        |    0    |  0   |    0    |  0   |     0      |     0     |     0     |   0   |           0            |           0            |        0        |           0           |         0          |          0          |          0          |        0        |
|      9       |           0            |            0             |    0     |       0        |    0    |  0   |    0    |  0   |     0      |     0     |     0     |   0   |           0            |           0            |        0        |           0           |         0          |          0          |          0          |        0        |
|      10      |           0            |            0             |    0     |       0        |    0    |  0   |    0    |  0   |     0      |     0     |     0     |   0   |           0            |           0            |        0        |           0           |         0          |          0          |          0          |        0        |
|      11      |           0            |            0             |    0     |       0        |    0    |  0   |    0    |  0   |     0      |     0     |     0     |   0   |           0            |           0            |        0        |           0           |         0          |          0          |          0          |        0        |
|              |                        |                          |          |                |         |      |         |      |            |           |           |       |                        |                        |                 |                       |                    |                     |                     |                 |
|    Totals    |           57           |            0             |   218    |       8        |    0    |  81  |    72   |  0   |     17     |     8     |     0     |   9   |           9            |           9            |        1        |           18          |         0          |          0          |          0          |        10       |
---------------------------------------------------------------------------------------------------------------------------------------------------------------------------------------------------------------------------------------------------------------------------------------------------------------------------------------------------------------


-------------------------------------------------------------------------------------------------------------------------------------------------------------------------------------------------------------------------------------------------------------------------------------------------------------------------------------------------------------------
| Stage Number | Exact Match Input xbar | Ternary Match Input xbar | Hash Bit | Hash Dist Unit | Gateway |  SRAM  | Map RAM |  TCAM | VLIW Instr | Meter ALU | Stats ALU | Stash  | Exact Match Search Bus | Exact Match Result Bus | Tind Result Bus | Action Data Bus Bytes | 8-bit Action Slots | 16-bit Action Slots | 32-bit Action Slots | Logical TableID |
-------------------------------------------------------------------------------------------------------------------------------------------------------------------------------------------------------------------------------------------------------------------------------------------------------------------------------------------------------------------
|      0       |         5.47%          |          0.00%           |  12.50%  |     33.33%     |  0.00%  | 25.00% |  37.50% | 0.00% |   9.38%    |   50.00%  |   0.00%   | 12.50% |         12.50%         |         12.50%         |      0.00%      |         3.91%         |       0.00%        |        0.00%        |        0.00%        |      12.50%     |
|      1       |         6.25%          |          0.00%           |  6.25%   |     16.67%     |  0.00%  | 12.50% |  18.75% | 0.00% |   6.25%    |   25.00%  |   0.00%   | 6.25%  |         6.25%          |         6.25%          |      0.00%      |         2.34%         |       0.00%        |        0.00%        |        0.00%        |      6.25%      |
|      2       |         6.25%          |          0.00%           |  6.25%   |     16.67%     |  0.00%  | 12.50% |  18.75% | 0.00% |   6.25%    |   25.00%  |   0.00%   | 6.25%  |         6.25%          |         6.25%          |      6.25%      |         1.56%         |       0.00%        |        0.00%        |        0.00%        |      12.50%     |
|      3       |         6.25%          |          0.00%           |  6.25%   |     16.67%     |  0.00%  | 12.50% |  18.75% | 0.00% |   6.25%    |   25.00%  |   0.00%   | 6.25%  |         6.25%          |         6.25%          |      0.00%      |         1.56%         |       0.00%        |        0.00%        |        0.00%        |      6.25%      |
|      4       |         6.25%          |          0.00%           |  6.25%   |     16.67%     |  0.00%  | 12.50% |  18.75% | 0.00% |   6.25%    |   25.00%  |   0.00%   | 6.25%  |         6.25%          |         6.25%          |      0.00%      |         2.34%         |       0.00%        |        0.00%        |        0.00%        |      6.25%      |
|      5       |         6.25%          |          0.00%           |  6.25%   |     16.67%     |  0.00%  | 12.50% |  18.75% | 0.00% |   6.25%    |   25.00%  |   0.00%   | 6.25%  |         6.25%          |         6.25%          |      0.00%      |         1.56%         |       0.00%        |        0.00%        |        0.00%        |      6.25%      |
|      6       |         6.25%          |          0.00%           |  6.25%   |     16.67%     |  0.00%  | 12.50% |  18.75% | 0.00% |   6.25%    |   25.00%  |   0.00%   | 6.25%  |         6.25%          |         6.25%          |      0.00%      |         0.78%         |       0.00%        |        0.00%        |        0.00%        |      6.25%      |
|      7       |         1.56%          |          0.00%           |  2.40%   |     0.00%      |  0.00%  | 1.25%  |  0.00%  | 0.00% |   6.25%    |   0.00%   |   0.00%   | 6.25%  |         6.25%          |         6.25%          |      0.00%      |         0.00%         |       0.00%        |        0.00%        |        0.00%        |      6.25%      |
|      8       |         0.00%          |          0.00%           |  0.00%   |     0.00%      |  0.00%  | 0.00%  |  0.00%  | 0.00% |   0.00%    |   0.00%   |   0.00%   | 0.00%  |         0.00%          |         0.00%          |      0.00%      |         0.00%         |       0.00%        |        0.00%        |        0.00%        |      0.00%      |
|      9       |         0.00%          |          0.00%           |  0.00%   |     0.00%      |  0.00%  | 0.00%  |  0.00%  | 0.00% |   0.00%    |   0.00%   |   0.00%   | 0.00%  |         0.00%          |         0.00%          |      0.00%      |         0.00%         |       0.00%        |        0.00%        |        0.00%        |      0.00%      |
|      10      |         0.00%          |          0.00%           |  0.00%   |     0.00%      |  0.00%  | 0.00%  |  0.00%  | 0.00% |   0.00%    |   0.00%   |   0.00%   | 0.00%  |         0.00%          |         0.00%          |      0.00%      |         0.00%         |       0.00%        |        0.00%        |        0.00%        |      0.00%      |
|      11      |         0.00%          |          0.00%           |  0.00%   |     0.00%      |  0.00%  | 0.00%  |  0.00%  | 0.00% |   0.00%    |   0.00%   |   0.00%   | 0.00%  |         0.00%          |         0.00%          |      0.00%      |         0.00%         |       0.00%        |        0.00%        |        0.00%        |      0.00%      |
|              |                        |                          |          |                |         |        |         |       |            |           |           |        |                        |                        |                 |                       |                    |                     |                     |                 |
|   Average    |         5.57%          |          0.00%           |  6.55%   |     16.67%     |  0.00%  | 12.66% |  18.75% | 0.00% |   6.64%    |   25.00%  |   0.00%   | 7.03%  |         7.03%          |         7.03%          |      0.78%      |         1.76%         |       0.00%        |        0.00%        |        0.00%        |      7.81%      |
-------------------------------------------------------------------------------------------------------------------------------------------------------------------------------------------------------------------------------------------------------------------------------------------------------------------------------------------------------------------


Allocated Resource Usage
--------------------------------------------------------------------------------------------------------------------------------------------------
|                 Table                 | Stage  | Crossbar | Hash | Gateways | RAMs | TCAMs | Map  | Action |  VLIW |  Exm   |  Exm   |  Tind  |
|                  Name                 | Number |  Bytes   | Bits |          |      |       | RAMs |  Data  | Slots | Search | Result | Result |
|                                       |        |          |      |          |      |       |      |  Bus   |       |  Bus   |  Bus   |  Bus   |
|                                       |        |          |      |          |      |       |      | Bytes  |       |        |        |        |
--------------------------------------------------------------------------------------------------------------------------------------------------
| WaterfallIngressParser.$PORT_METADATA |   -1   |    0     |  0   |    0     |  0   |   0   |  0   |   0    |   0   |   0    |   0    |   0    |
|       WaterfallIngress.swap1_hi       |   0    |    5     |  26  |    0     |  1   |   0   |  0   |   2    |   3   |   1    |   1    |   0    |
|       WaterfallIngress.swap1_lo       |   0    |    5     |  26  |    0     |  1   |   0   |  0   |   3    |   3   |   1    |   1    |   0    |
|      WaterfallIngress.table_1_hi      |   0    |    2     |  0   |    0     |  9   |   0   |  9   |   0    |   0   |   0    |   0    |   0    |
|      WaterfallIngress.table_1_lo      |   0    |    2     |  0   |    0     |  9   |   0   |  9   |   0    |   0   |   0    |   0    |   0    |
|               swap1_hi_0              |   0    |    0     |  0   |    0     |  0   |   0   |  0   |   0    |   0   |   0    |   0    |   0    |
|               swap1_lo_0              |   0    |    0     |  0   |    0     |  0   |   0   |  0   |   0    |   0   |   0    |   0    |   0    |
|       WaterfallIngress.swap2_lo       |   1    |    6     |  26  |    0     |  1   |   0   |  0   |   3    |   3   |   1    |   1    |   0    |
|      WaterfallIngress.table_2_lo      |   1    |    4     |  0   |    0     |  9   |   0   |  9   |   0    |   0   |   0    |   0    |   0    |
|               swap2_lo_0              |   1    |    0     |  0   |    0     |  0   |   0   |  0   |   0    |   0   |   0    |   0    |   0    |
|       WaterfallIngress.swap2_hi       |   2    |    6     |  26  |    0     |  1   |   0   |  0   |   2    |   3   |   1    |   1    |   0    |
|      WaterfallIngress.table_2_hi      |   2    |    4     |  0   |    0     |  9   |   0   |  9   |   0    |   0   |   0    |   0    |   0    |
|               swap2_hi_0              |   2    |    0     |  0   |    0     |  0   |   0   |  0   |   0    |   0   |   0    |   0    |   0    |
|           tbl_bypass_egress           |   2    |    0     |  0   |    0     |  0   |   0   |  0   |   0    |   1   |   0    |   0    |   1    |
|       WaterfallIngress.swap3_hi       |   3    |    6     |  26  |    0     |  1   |   0   |  0   |   2    |   3   |   1    |   1    |   0    |
|      WaterfallIngress.table_3_hi      |   3    |    4     |  0   |    0     |  9   |   0   |  9   |   0    |   0   |   0    |   0    |   0    |
|               swap3_hi_0              |   3    |    0     |  0   |    0     |  0   |   0   |  0   |   0    |   0   |   0    |   0    |   0    |
|       WaterfallIngress.swap3_lo       |   4    |    6     |  26  |    0     |  1   |   0   |  0   |   3    |   3   |   1    |   1    |   0    |
|      WaterfallIngress.table_3_lo      |   4    |    4     |  0   |    0     |  9   |   0   |  9   |   0    |   0   |   0    |   0    |   0    |
|               swap3_lo_0              |   4    |    0     |  0   |    0     |  0   |   0   |  0   |   0    |   0   |   0    |   0    |   0    |
|       WaterfallIngress.swap4_hi       |   5    |    6     |  26  |    0     |  1   |   0   |  0   |   2    |   3   |   1    |   1    |   0    |
|      WaterfallIngress.table_4_hi      |   5    |    4     |  0   |    0     |  9   |   0   |  9   |   0    |   0   |   0    |   0    |   0    |
|               swap4_hi_0              |   5    |    0     |  0   |    0     |  0   |   0   |  0   |   0    |   0   |   0    |   0    |   0    |
|       WaterfallIngress.swap4_lo       |   6    |    6     |  26  |    0     |  1   |   0   |  0   |   1    |   3   |   1    |   1    |   0    |
|      WaterfallIngress.table_4_lo      |   6    |    4     |  0   |    0     |  9   |   0   |  9   |   0    |   0   |   0    |   0    |   0    |
|               swap4_lo_0              |   6    |    0     |  0   |    0     |  0   |   0   |  0   |   0    |   0   |   0    |   0    |   0    |
|         WaterfallIngress.resub        |   7    |    2     |  10  |    0     |  1   |   0   |  0   |   0    |   2   |   1    |   1    |   0    |
--------------------------------------------------------------------------------------------------------------------------------------------------

