+---------------------------------------------------------------------+
|  Log file: pa.characterize.log                                      |
|  Compiler version: 9.11.0                                           |
|  Created on: Mon Mar 10 17:43:12 2025                               |
|  Run ID: d396d9b5eb7244ad                                           |
+---------------------------------------------------------------------+

Program: waterfall.p4

----------------------------------------------------------------------------------------------------------------------------------------------
| Container |  Gress  |                   Name                   | Class |  | P | 0 | 1  | 2  | 3  | 4  | 5  | 6  | 7 | 8 | 9 | 10 | 11 | D |
----------------------------------------------------------------------------------------------------------------------------------------------
|    phv0   |    -    |                                          |       |  |   |   |    |    |    |    |    |    |   |   |   |    |    |   |
|    phv1   |    -    |                                          |       |  |   |   |    |    |    |    |    |    |   |   |   |    |    |   |
|    phv2   |    -    |                                          |       |  |   |   |    |    |    |    |    |    |   |   |   |    |    |   |
|    phv3   |    -    |                                          |       |  |   |   |    |    |    |    |    |    |   |   |   |    |    |   |
|    phv4   |    -    |                                          |       |  |   |   |    |    |    |    |    |    |   |   |   |    |    |   |
|    phv5   |    -    |                                          |       |  |   |   |    |    |    |    |    |    |   |   |   |    |    |   |
|    phv6   |    -    |                                          |       |  |   |   |    |    |    |    |    |    |   |   |   |    |    |   |
|    phv7   |    -    |                                          |       |  |   |   |    |    |    |    |    |    |   |   |   |    |    |   |
|    phv8   |    -    |                                          |       |  |   |   |    |    |    |    |    |    |   |   |   |    |    |   |
|    phv9   |    -    |                                          |       |  |   |   |    |    |    |    |    |    |   |   |   |    |    |   |
|   phv10   |    -    |                                          |       |  |   |   |    |    |    |    |    |    |   |   |   |    |    |   |
|   phv11   |    -    |                                          |       |  |   |   |    |    |    |    |    |    |   |   |   |    |    |   |
|   phv12   |    -    |                                          |       |  |   |   |    |    |    |    |    |    |   |   |   |    |    |   |
|   phv13   |    -    |                                          |       |  |   |   |    |    |    |    |    |    |   |   |   |    |    |   |
|   phv14   |    -    |                                          |       |  |   |   |    |    |    |    |    |    |   |   |   |    |    |   |
|   phv15   |    -    |                                          |       |  |   |   |    |    |    |    |    |    |   |   |   |    |    |   |
|   phv16   |    -    |                                          |       |  |   |   |    |    |    |    |    |    |   |   |   |    |    |   |
|   phv17   |    -    |                                          |       |  |   |   |    |    |    |    |    |    |   |   |   |    |    |   |
|   phv18   |    -    |                                          |       |  |   |   |    |    |    |    |    |    |   |   |   |    |    |   |
|   phv19   |    -    |                                          |       |  |   |   |    |    |    |    |    |    |   |   |   |    |    |   |
|   phv20   |    -    |                                          |       |  |   |   |    |    |    |    |    |    |   |   |   |    |    |   |
|   phv21   |    -    |                                          |       |  |   |   |    |    |    |    |    |    |   |   |   |    |    |   |
|   phv22   |    -    |                                          |       |  |   |   |    |    |    |    |    |    |   |   |   |    |    |   |
|   phv23   |    -    |                                          |       |  |   |   |    |    |    |    |    |    |   |   |   |    |    |   |
|   phv24   |    -    |                                          |       |  |   |   |    |    |    |    |    |    |   |   |   |    |    |   |
|   phv25   |    -    |                                          |       |  |   |   |    |    |    |    |    |    |   |   |   |    |    |   |
|   phv26   |    -    |                                          |       |  |   |   |    |    |    |    |    |    |   |   |   |    |    |   |
|   phv27   |    -    |                                          |       |  |   |   |    |    |    |    |    |    |   |   |   |    |    |   |
|   phv28   |    -    |                                          |       |  |   |   |    |    |    |    |    |    |   |   |   |    |    |   |
|   phv29   |    -    |                                          |       |  |   |   |    |    |    |    |    |    |   |   |   |    |    |   |
|   phv30   |    -    |                                          |       |  |   |   |    |    |    |    |    |    |   |   |   |    |    |   |
|   phv31   |    -    |                                          |       |  |   |   |    |    |    |    |    |    |   |   |   |    |    |   |
|   phv32   |    -    |                                          |       |  |   |   |    |    |    |    |    |    |   |   |   |    |    |   |
|   phv33   |    -    |                                          |       |  |   |   |    |    |    |    |    |    |   |   |   |    |    |   |
|   phv34   |    -    |                                          |       |  |   |   |    |    |    |    |    |    |   |   |   |    |    |   |
|   phv35   |    -    |                                          |       |  |   |   |    |    |    |    |    |    |   |   |   |    |    |   |
|   phv36   |    -    |                                          |       |  |   |   |    |    |    |    |    |    |   |   |   |    |    |   |
|   phv37   |    -    |                                          |       |  |   |   |    |    |    |    |    |    |   |   |   |    |    |   |
|   phv38   |    -    |                                          |       |  |   |   |    |    |    |    |    |    |   |   |   |    |    |   |
|   phv39   |    -    |                                          |       |  |   |   |    |    |    |    |    |    |   |   |   |    |    |   |
|   phv40   |    -    |                                          |       |  |   |   |    |    |    |    |    |    |   |   |   |    |    |   |
|   phv41   |    -    |                                          |       |  |   |   |    |    |    |    |    |    |   |   |   |    |    |   |
|   phv42   |    -    |                                          |       |  |   |   |    |    |    |    |    |    |   |   |   |    |    |   |
|   phv43   |    -    |                                          |       |  |   |   |    |    |    |    |    |    |   |   |   |    |    |   |
|   phv44   |    -    |                                          |       |  |   |   |    |    |    |    |    |    |   |   |   |    |    |   |
|   phv45   |    -    |                                          |       |  |   |   |    |    |    |    |    |    |   |   |   |    |    |   |
|   phv46   |    -    |                                          |       |  |   |   |    |    |    |    |    |    |   |   |   |    |    |   |
|   phv47   |    -    |                                          |       |  |   |   |    |    |    |    |    |    |   |   |   |    |    |   |
|   phv48   |    -    |                                          |       |  |   |   |    |    |    |    |    |    |   |   |   |    |    |   |
|   phv49   |    -    |                                          |       |  |   |   |    |    |    |    |    |    |   |   |   |    |    |   |
|   phv50   |    -    |                                          |       |  |   |   |    |    |    |    |    |    |   |   |   |    |    |   |
|   phv51   |    -    |                                          |       |  |   |   |    |    |    |    |    |    |   |   |   |    |    |   |
|   phv52   |    -    |                                          |       |  |   |   |    |    |    |    |    |    |   |   |   |    |    |   |
|   phv53   |    -    |                                          |       |  |   |   |    |    |    |    |    |    |   |   |   |    |    |   |
|   phv54   |    -    |                                          |       |  |   |   |    |    |    |    |    |    |   |   |   |    |    |   |
|   phv55   |    -    |                                          |       |  |   |   |    |    |    |    |    |    |   |   |   |    |    |   |
|   phv56   |    -    |                                          |       |  |   |   |    |    |    |    |    |    |   |   |   |    |    |   |
|   phv57   |    -    |                                          |       |  |   |   |    |    |    |    |    |    |   |   |   |    |    |   |
|   phv58   |    -    |                                          |       |  |   |   |    |    |    |    |    |    |   |   |   |    |    |   |
|   phv59   |    -    |                                          |       |  |   |   |    |    |    |    |    |    |   |   |   |    |    |   |
|   phv60   |    -    |                                          |       |  |   |   |    |    |    |    |    |    |   |   |   |    |    |   |
|   phv61   |    -    |                                          |       |  |   |   |    |    |    |    |    |    |   |   |   |    |    |   |
|   phv62   |    -    |                                          |       |  |   |   |    |    |    |    |    |    |   |   |   |    |    |   |
|   phv63   |    -    |                                          |       |  |   |   |    |    |    |    |    |    |   |   |   |    |    |   |
|           |         |                                          |       |  |   |   |    |    |    |    |    |    |   |   |   |    |    |   |
|   phv64   | ingress |                                          | OL,SH |  |   |   |    |    |    |    |    |    |   |   |   |    |    |   |
|    [7:0]  | ingress |               $tmp3[23:16]               |  meta |  |   |   |    |    |    |    |    |    |   |   |   |    |    | R |
|    [7:0]  | ingress |               $tmp3[15:8]                |  meta |  |   |   |    |    |    |    |    |    |   |   |   |    |    | R |
|    [7:0]  | ingress |                $tmp3[7:0]                |  meta |  |   |   |    |    |    |    |    |    |   |   |   |    |    | R |
|   phv65   | ingress |                                          |       |  |   |   |    |    |    |    |    |    |   |   |   |    |    |   |
|    [2:0]  | ingress |  ig_intr_md_for_dprsr.mirror_type[2:0]   | imeta |  |   |   |    |    |    |    |    |    |   |   |   |    |    | R |
|   phv66   | ingress |                                          |       |  |   |   |    |    |    |    |    |    |   |   |   |    |    |   |
|    [2:0]  | ingress |  ig_intr_md_for_dprsr.digest_type[2:0]   | imeta |  |   |   |    |    |    |    |    |    | W | ~ | ~ | ~  | ~  | R |
|   phv67   | ingress |                                          |       |  |   |   |    |    |    |    |    |    |   |   |   |    |    |   |
|    [2:0]  | ingress | ig_intr_md_for_dprsr.resubmit_type[2:0]  | imeta |  |   |   |    |    |    |    |    |    | W | ~ | ~ | ~  | ~  | R |
|   phv68   | ingress |                                          |   SH  |  |   |   |    |    |    |    |    |    |   |   |   |    |    |   |
|    [4:1]  | ingress |           ig_md.found_lo[3:0]            |  meta |  |   | W | RW | R  | R  | RW | R  | RW | R |   |   |    |    |   |
|    [0:0]  | ingress |   ig_intr_md_for_tm.bypass_egress[0:0]   | imeta |  |   |   |    | W  | ~  | ~  | ~  | ~  | ~ | ~ | ~ | ~  | ~  | R |
|   phv69   | ingress |                                          |       |  |   |   |    |    |    |    |    |    |   |   |   |    |    |   |
|    [7:0]  | ingress |       ig_md.resubmit_md.type[7:0]        |  pkt  |  |   |   |    |    |    |    |    |    | W | ~ | ~ | ~  | ~  | R |
|   phv70   | ingress |                                          |   SH  |  |   |   |    |    |    |    |    |    |   |   |   |    |    |   |
|    [3:3]  | ingress |           hdr.tcp.$valid[0:0]            |  pov  |  | W | ~ | ~  | ~  | ~  | ~  | ~  | ~  | ~ | ~ | ~ | ~  | ~  | R |
|    [2:2]  | ingress |           hdr.udp.$valid[0:0]            |  pov  |  | W | ~ | ~  | ~  | ~  | ~  | ~  | ~  | ~ | ~ | ~ | ~  | ~  | R |
|    [1:1]  | ingress |           hdr.ipv4.$valid[0:0]           |  pov  |  | W | ~ | ~  | ~  | ~  | ~  | ~  | ~  | ~ | ~ | ~ | ~  | ~  | R |
|    [0:0]  | ingress |         hdr.ethernet.$valid[0:0]         |  pov  |  | W | ~ | ~  | ~  | ~  | ~  | ~  | ~  | ~ | ~ | ~ | ~  | ~  | R |
|   phv71   |    -    |                                          |       |  |   |   |    |    |    |    |    |    |   |   |   |    |    |   |
|   phv72   |    -    |                                          |       |  |   |   |    |    |    |    |    |    |   |   |   |    |    |   |
|   phv73   |    -    |                                          |       |  |   |   |    |    |    |    |    |    |   |   |   |    |    |   |
|   phv74   |    -    |                                          |       |  |   |   |    |    |    |    |    |    |   |   |   |    |    |   |
|   phv75   |    -    |                                          |       |  |   |   |    |    |    |    |    |    |   |   |   |    |    |   |
|   phv76   |    -    |                                          |       |  |   |   |    |    |    |    |    |    |   |   |   |    |    |   |
|   phv77   |    -    |                                          |       |  |   |   |    |    |    |    |    |    |   |   |   |    |    |   |
|   phv78   |    -    |                                          |       |  |   |   |    |    |    |    |    |    |   |   |   |    |    |   |
|   phv79   |    -    |                                          |       |  |   |   |    |    |    |    |    |    |   |   |   |    |    |   |
|   phv80   |    -    |                                          |       |  |   |   |    |    |    |    |    |    |   |   |   |    |    |   |
|   phv81   |    -    |                                          |       |  |   |   |    |    |    |    |    |    |   |   |   |    |    |   |
|   phv82   |    -    |                                          |       |  |   |   |    |    |    |    |    |    |   |   |   |    |    |   |
|   phv83   |    -    |                                          |       |  |   |   |    |    |    |    |    |    |   |   |   |    |    |   |
|   phv84   |    -    |                                          |       |  |   |   |    |    |    |    |    |    |   |   |   |    |    |   |
|   phv85   |    -    |                                          |       |  |   |   |    |    |    |    |    |    |   |   |   |    |    |   |
|   phv86   |    -    |                                          |       |  |   |   |    |    |    |    |    |    |   |   |   |    |    |   |
|   phv87   |    -    |                                          |       |  |   |   |    |    |    |    |    |    |   |   |   |    |    |   |
|   phv88   |    -    |                                          |       |  |   |   |    |    |    |    |    |    |   |   |   |    |    |   |
|   phv89   |    -    |                                          |       |  |   |   |    |    |    |    |    |    |   |   |   |    |    |   |
|   phv90   |    -    |                                          |       |  |   |   |    |    |    |    |    |    |   |   |   |    |    |   |
|   phv91   |    -    |                                          |       |  |   |   |    |    |    |    |    |    |   |   |   |    |    |   |
|   phv92   |    -    |                                          |       |  |   |   |    |    |    |    |    |    |   |   |   |    |    |   |
|   phv93   |    -    |                                          |       |  |   |   |    |    |    |    |    |    |   |   |   |    |    |   |
|   phv94   |    -    |                                          |       |  |   |   |    |    |    |    |    |    |   |   |   |    |    |   |
|   phv95   |    -    |                                          |       |  |   |   |    |    |    |    |    |    |   |   |   |    |    |   |
|   phv96   |    -    |                                          |       |  |   |   |    |    |    |    |    |    |   |   |   |    |    |   |
|   phv97   |    -    |                                          |       |  |   |   |    |    |    |    |    |    |   |   |   |    |    |   |
|   phv98   |    -    |                                          |       |  |   |   |    |    |    |    |    |    |   |   |   |    |    |   |
|   phv99   |    -    |                                          |       |  |   |   |    |    |    |    |    |    |   |   |   |    |    |   |
|   phv100  |    -    |                                          |       |  |   |   |    |    |    |    |    |    |   |   |   |    |    |   |
|   phv101  |    -    |                                          |       |  |   |   |    |    |    |    |    |    |   |   |   |    |    |   |
|   phv102  |    -    |                                          |       |  |   |   |    |    |    |    |    |    |   |   |   |    |    |   |
|   phv103  |    -    |                                          |       |  |   |   |    |    |    |    |    |    |   |   |   |    |    |   |
|   phv104  |    -    |                                          |       |  |   |   |    |    |    |    |    |    |   |   |   |    |    |   |
|   phv105  |    -    |                                          |       |  |   |   |    |    |    |    |    |    |   |   |   |    |    |   |
|   phv106  |    -    |                                          |       |  |   |   |    |    |    |    |    |    |   |   |   |    |    |   |
|   phv107  |    -    |                                          |       |  |   |   |    |    |    |    |    |    |   |   |   |    |    |   |
|   phv108  |    -    |                                          |       |  |   |   |    |    |    |    |    |    |   |   |   |    |    |   |
|   phv109  |    -    |                                          |       |  |   |   |    |    |    |    |    |    |   |   |   |    |    |   |
|   phv110  |    -    |                                          |       |  |   |   |    |    |    |    |    |    |   |   |   |    |    |   |
|   phv111  |    -    |                                          |       |  |   |   |    |    |    |    |    |    |   |   |   |    |    |   |
|   phv112  |    -    |                                          |       |  |   |   |    |    |    |    |    |    |   |   |   |    |    |   |
|   phv113  |    -    |                                          |       |  |   |   |    |    |    |    |    |    |   |   |   |    |    |   |
|   phv114  |    -    |                                          |       |  |   |   |    |    |    |    |    |    |   |   |   |    |    |   |
|   phv115  |    -    |                                          |       |  |   |   |    |    |    |    |    |    |   |   |   |    |    |   |
|   phv116  |    -    |                                          |       |  |   |   |    |    |    |    |    |    |   |   |   |    |    |   |
|   phv117  |    -    |                                          |       |  |   |   |    |    |    |    |    |    |   |   |   |    |    |   |
|   phv118  |    -    |                                          |       |  |   |   |    |    |    |    |    |    |   |   |   |    |    |   |
|   phv119  |    -    |                                          |       |  |   |   |    |    |    |    |    |    |   |   |   |    |    |   |
|   phv120  |    -    |                                          |       |  |   |   |    |    |    |    |    |    |   |   |   |    |    |   |
|   phv121  |    -    |                                          |       |  |   |   |    |    |    |    |    |    |   |   |   |    |    |   |
|   phv122  |    -    |                                          |       |  |   |   |    |    |    |    |    |    |   |   |   |    |    |   |
|   phv123  |    -    |                                          |       |  |   |   |    |    |    |    |    |    |   |   |   |    |    |   |
|   phv124  |    -    |                                          |       |  |   |   |    |    |    |    |    |    |   |   |   |    |    |   |
|   phv125  |    -    |                                          |       |  |   |   |    |    |    |    |    |    |   |   |   |    |    |   |
|   phv126  |    -    |                                          |       |  |   |   |    |    |    |    |    |    |   |   |   |    |    |   |
|   phv127  |    -    |                                          |       |  |   |   |    |    |    |    |    |    |   |   |   |    |    |   |
|           |         |                                          |       |  |   |   |    |    |    |    |    |    |   |   |   |    |    |   |
|   phv128  | ingress |                                          |   SH  |  |   |   |    |    |    |    |    |    |   |   |   |    |    |   |
|   [15:15] | ingress |      ig_intr_md.resubmit_flag[0:0]       | imeta |  | W | R | R  | R  | R  | R  | R  | R  | R |   |   |    |    |   |
|   [12:9]  | ingress |           ig_md.found_hi[3:0]            |  meta |  |   | W | R  | RW | RW | R  | RW | R  | R |   |   |    |    |   |
|    [8:0]  | ingress |       ig_intr_md.ingress_port[8:0]       | imeta |  | W | ~ | ~  | R  |    |    |    |    |   |   |   |    |    |   |
|   phv129  | ingress |                                          |       |  |   |   |    |    |    |    |    |    |   |   |   |    |    |   |
|    [8:0]  | ingress | ig_intr_md_for_tm.ucast_egress_port[8:0] | imeta |  |   |   |    | W  | ~  | ~  | ~  | ~  | ~ | ~ | ~ | ~  | ~  | R |
|   phv130  | ingress |                                          | OL,SH |  |   |   |    |    |    |    |    |    |   |   |   |    |    |   |
|   [15:0]  | ingress |          ig_md.remain1_lo[15:0]          |  meta |  |   | W |    |    |    |    |    |    |   |   |   |    |    |   |
|   [15:0]  | ingress |          ig_md.remain3_lo[15:0]          |  meta |  |   |   |    |    |    | W  |    |    |   |   |   |    |    |   |
|    [9:0]  | ingress |                $tmp2[9:0]                |  meta |  |   |   |    |    |    |    |    |    |   |   |   |    |    | R |
|   phv131  | ingress |                                          |       |  |   |   |    |    |    |    |    |    |   |   |   |    |    |   |
|   [15:0]  | ingress |         hdr.ipv4.src_addr[15:0]          |  pkt  |  | W | R | R  | ~  | ~  | R  | ~  | ~  | R | ~ | ~ | ~  | ~  | R |
|   phv132  | ingress |                                          | OL,SH |  |   |   |    |    |    |    |    |    |   |   |   |    |    |   |
|   [15:0]  | ingress |    ig_md.resubmit_md.remain_lo[15:0]     |  pkt  |  |   |   |    |    |    |    |    |    | W | ~ | ~ | ~  | ~  | R |
|   [15:0]  | ingress |          ig_md.remain2_lo[15:0]          |  meta |  |   |   | W  |    |    |    |    |    |   |   |   |    |    |   |
|   phv133  | ingress |                                          |       |  |   |   |    |    |    |    |    |    |   |   |   |    |    |   |
|   [15:0]  | ingress |         hdr.ipv4.src_addr[31:16]         |  pkt  |  | W | R | ~  | R  | R  | ~  | ~  | ~  | R | ~ | ~ | ~  | ~  | R |
|   phv134  | ingress |                                          | OL,SH |  |   |   |    |    |    |    |    |    |   |   |   |    |    |   |
|   [15:0]  | ingress |          ig_md.remain1_hi[15:0]          |  meta |  |   | W |    |    |    |    |    |    |   |   |   |    |    |   |
|   [15:0]  | ingress |          ig_md.remain3_hi[15:0]          |  meta |  |   |   |    |    | W  |    |    |    |   |   |   |    |    |   |
|   phv135  | ingress |                                          | OL,SH |  |   |   |    |    |    |    |    |    |   |   |   |    |    |   |
|   [15:0]  | ingress |    ig_md.resubmit_md.remain_hi[15:0]     |  pkt  |  |   |   |    |    |    |    |    |    | W | ~ | ~ | ~  | ~  | R |
|   [15:0]  | ingress |          ig_md.remain2_hi[15:0]          |  meta |  |   |   |    | W  |    |    |    |    |   |   |   |    |    |   |
|   phv136  |    -    |                                          |       |  |   |   |    |    |    |    |    |    |   |   |   |    |    |   |
|   phv137  |    -    |                                          |       |  |   |   |    |    |    |    |    |    |   |   |   |    |    |   |
|   phv138  |    -    |                                          |       |  |   |   |    |    |    |    |    |    |   |   |   |    |    |   |
|   phv139  |    -    |                                          |       |  |   |   |    |    |    |    |    |    |   |   |   |    |    |   |
|   phv140  |    -    |                                          |       |  |   |   |    |    |    |    |    |    |   |   |   |    |    |   |
|   phv141  |    -    |                                          |       |  |   |   |    |    |    |    |    |    |   |   |   |    |    |   |
|   phv142  |    -    |                                          |       |  |   |   |    |    |    |    |    |    |   |   |   |    |    |   |
|   phv143  |    -    |                                          |       |  |   |   |    |    |    |    |    |    |   |   |   |    |    |   |
|   phv144  |    -    |                                          |       |  |   |   |    |    |    |    |    |    |   |   |   |    |    |   |
|   phv145  |    -    |                                          |       |  |   |   |    |    |    |    |    |    |   |   |   |    |    |   |
|   phv146  |    -    |                                          |       |  |   |   |    |    |    |    |    |    |   |   |   |    |    |   |
|   phv147  |    -    |                                          |       |  |   |   |    |    |    |    |    |    |   |   |   |    |    |   |
|   phv148  |    -    |                                          |       |  |   |   |    |    |    |    |    |    |   |   |   |    |    |   |
|   phv149  |    -    |                                          |       |  |   |   |    |    |    |    |    |    |   |   |   |    |    |   |
|   phv150  |    -    |                                          |       |  |   |   |    |    |    |    |    |    |   |   |   |    |    |   |
|   phv151  |    -    |                                          |       |  |   |   |    |    |    |    |    |    |   |   |   |    |    |   |
|   phv152  |    -    |                                          |       |  |   |   |    |    |    |    |    |    |   |   |   |    |    |   |
|   phv153  |    -    |                                          |       |  |   |   |    |    |    |    |    |    |   |   |   |    |    |   |
|   phv154  |    -    |                                          |       |  |   |   |    |    |    |    |    |    |   |   |   |    |    |   |
|   phv155  |    -    |                                          |       |  |   |   |    |    |    |    |    |    |   |   |   |    |    |   |
|   phv156  |    -    |                                          |       |  |   |   |    |    |    |    |    |    |   |   |   |    |    |   |
|   phv157  |    -    |                                          |       |  |   |   |    |    |    |    |    |    |   |   |   |    |    |   |
|   phv158  |    -    |                                          |       |  |   |   |    |    |    |    |    |    |   |   |   |    |    |   |
|   phv159  |    -    |                                          |       |  |   |   |    |    |    |    |    |    |   |   |   |    |    |   |
|   phv160  |    -    |                                          |       |  |   |   |    |    |    |    |    |    |   |   |   |    |    |   |
|   phv161  |    -    |                                          |       |  |   |   |    |    |    |    |    |    |   |   |   |    |    |   |
|   phv162  |    -    |                                          |       |  |   |   |    |    |    |    |    |    |   |   |   |    |    |   |
|   phv163  |    -    |                                          |       |  |   |   |    |    |    |    |    |    |   |   |   |    |    |   |
|   phv164  |    -    |                                          |       |  |   |   |    |    |    |    |    |    |   |   |   |    |    |   |
|   phv165  |    -    |                                          |       |  |   |   |    |    |    |    |    |    |   |   |   |    |    |   |
|   phv166  |    -    |                                          |       |  |   |   |    |    |    |    |    |    |   |   |   |    |    |   |
|   phv167  |    -    |                                          |       |  |   |   |    |    |    |    |    |    |   |   |   |    |    |   |
|   phv168  |    -    |                                          |       |  |   |   |    |    |    |    |    |    |   |   |   |    |    |   |
|   phv169  |    -    |                                          |       |  |   |   |    |    |    |    |    |    |   |   |   |    |    |   |
|   phv170  |    -    |                                          |       |  |   |   |    |    |    |    |    |    |   |   |   |    |    |   |
|   phv171  |    -    |                                          |       |  |   |   |    |    |    |    |    |    |   |   |   |    |    |   |
|   phv172  |    -    |                                          |       |  |   |   |    |    |    |    |    |    |   |   |   |    |    |   |
|   phv173  |    -    |                                          |       |  |   |   |    |    |    |    |    |    |   |   |   |    |    |   |
|   phv174  |    -    |                                          |       |  |   |   |    |    |    |    |    |    |   |   |   |    |    |   |
|   phv175  |    -    |                                          |       |  |   |   |    |    |    |    |    |    |   |   |   |    |    |   |
|   phv176  |    -    |                                          |       |  |   |   |    |    |    |    |    |    |   |   |   |    |    |   |
|   phv177  |    -    |                                          |       |  |   |   |    |    |    |    |    |    |   |   |   |    |    |   |
|   phv178  |    -    |                                          |       |  |   |   |    |    |    |    |    |    |   |   |   |    |    |   |
|   phv179  |    -    |                                          |       |  |   |   |    |    |    |    |    |    |   |   |   |    |    |   |
|   phv180  |    -    |                                          |       |  |   |   |    |    |    |    |    |    |   |   |   |    |    |   |
|   phv181  |    -    |                                          |       |  |   |   |    |    |    |    |    |    |   |   |   |    |    |   |
|   phv182  |    -    |                                          |       |  |   |   |    |    |    |    |    |    |   |   |   |    |    |   |
|   phv183  |    -    |                                          |       |  |   |   |    |    |    |    |    |    |   |   |   |    |    |   |
|   phv184  |    -    |                                          |       |  |   |   |    |    |    |    |    |    |   |   |   |    |    |   |
|   phv185  |    -    |                                          |       |  |   |   |    |    |    |    |    |    |   |   |   |    |    |   |
|   phv186  |    -    |                                          |       |  |   |   |    |    |    |    |    |    |   |   |   |    |    |   |
|   phv187  |    -    |                                          |       |  |   |   |    |    |    |    |    |    |   |   |   |    |    |   |
|   phv188  |    -    |                                          |       |  |   |   |    |    |    |    |    |    |   |   |   |    |    |   |
|   phv189  |    -    |                                          |       |  |   |   |    |    |    |    |    |    |   |   |   |    |    |   |
|   phv190  |    -    |                                          |       |  |   |   |    |    |    |    |    |    |   |   |   |    |    |   |
|   phv191  |    -    |                                          |       |  |   |   |    |    |    |    |    |    |   |   |   |    |    |   |
|   phv192  |    -    |                                          |       |  |   |   |    |    |    |    |    |    |   |   |   |    |    |   |
|   phv193  |    -    |                                          |       |  |   |   |    |    |    |    |    |    |   |   |   |    |    |   |
|   phv194  |    -    |                                          |       |  |   |   |    |    |    |    |    |    |   |   |   |    |    |   |
|   phv195  |    -    |                                          |       |  |   |   |    |    |    |    |    |    |   |   |   |    |    |   |
|   phv196  |    -    |                                          |       |  |   |   |    |    |    |    |    |    |   |   |   |    |    |   |
|   phv197  |    -    |                                          |       |  |   |   |    |    |    |    |    |    |   |   |   |    |    |   |
|   phv198  |    -    |                                          |       |  |   |   |    |    |    |    |    |    |   |   |   |    |    |   |
|   phv199  |    -    |                                          |       |  |   |   |    |    |    |    |    |    |   |   |   |    |    |   |
|   phv200  |    -    |                                          |       |  |   |   |    |    |    |    |    |    |   |   |   |    |    |   |
|   phv201  |    -    |                                          |       |  |   |   |    |    |    |    |    |    |   |   |   |    |    |   |
|   phv202  |    -    |                                          |       |  |   |   |    |    |    |    |    |    |   |   |   |    |    |   |
|   phv203  |    -    |                                          |       |  |   |   |    |    |    |    |    |    |   |   |   |    |    |   |
|   phv204  |    -    |                                          |       |  |   |   |    |    |    |    |    |    |   |   |   |    |    |   |
|   phv205  |    -    |                                          |       |  |   |   |    |    |    |    |    |    |   |   |   |    |    |   |
|   phv206  |    -    |                                          |       |  |   |   |    |    |    |    |    |    |   |   |   |    |    |   |
|   phv207  |    -    |                                          |       |  |   |   |    |    |    |    |    |    |   |   |   |    |    |   |
|   phv208  |    -    |                                          |       |  |   |   |    |    |    |    |    |    |   |   |   |    |    |   |
|   phv209  |    -    |                                          |       |  |   |   |    |    |    |    |    |    |   |   |   |    |    |   |
|   phv210  |    -    |                                          |       |  |   |   |    |    |    |    |    |    |   |   |   |    |    |   |
|   phv211  |    -    |                                          |       |  |   |   |    |    |    |    |    |    |   |   |   |    |    |   |
|   phv212  |    -    |                                          |       |  |   |   |    |    |    |    |    |    |   |   |   |    |    |   |
|   phv213  |    -    |                                          |       |  |   |   |    |    |    |    |    |    |   |   |   |    |    |   |
|   phv214  |    -    |                                          |       |  |   |   |    |    |    |    |    |    |   |   |   |    |    |   |
|   phv215  |    -    |                                          |       |  |   |   |    |    |    |    |    |    |   |   |   |    |    |   |
|   phv216  |    -    |                                          |       |  |   |   |    |    |    |    |    |    |   |   |   |    |    |   |
|   phv217  |    -    |                                          |       |  |   |   |    |    |    |    |    |    |   |   |   |    |    |   |
|   phv218  |    -    |                                          |       |  |   |   |    |    |    |    |    |    |   |   |   |    |    |   |
|   phv219  |    -    |                                          |       |  |   |   |    |    |    |    |    |    |   |   |   |    |    |   |
|   phv220  |    -    |                                          |       |  |   |   |    |    |    |    |    |    |   |   |   |    |    |   |
|   phv221  |    -    |                                          |       |  |   |   |    |    |    |    |    |    |   |   |   |    |    |   |
|   phv222  |    -    |                                          |       |  |   |   |    |    |    |    |    |    |   |   |   |    |    |   |
|   phv223  |    -    |                                          |       |  |   |   |    |    |    |    |    |    |   |   |   |    |    |   |
|   phv224  |    -    |                                          |       |  |   |   |    |    |    |    |    |    |   |   |   |    |    |   |
|   phv225  |    -    |                                          |       |  |   |   |    |    |    |    |    |    |   |   |   |    |    |   |
|   phv226  |    -    |                                          |       |  |   |   |    |    |    |    |    |    |   |   |   |    |    |   |
|   phv227  |    -    |                                          |       |  |   |   |    |    |    |    |    |    |   |   |   |    |    |   |
|   phv228  |    -    |                                          |       |  |   |   |    |    |    |    |    |    |   |   |   |    |    |   |
|   phv229  |    -    |                                          |       |  |   |   |    |    |    |    |    |    |   |   |   |    |    |   |
|   phv230  |    -    |                                          |       |  |   |   |    |    |    |    |    |    |   |   |   |    |    |   |
|   phv231  |    -    |                                          |       |  |   |   |    |    |    |    |    |    |   |   |   |    |    |   |
|   phv232  |    -    |                                          |       |  |   |   |    |    |    |    |    |    |   |   |   |    |    |   |
|   phv233  |    -    |                                          |       |  |   |   |    |    |    |    |    |    |   |   |   |    |    |   |
|   phv234  |    -    |                                          |       |  |   |   |    |    |    |    |    |    |   |   |   |    |    |   |
|   phv235  |    -    |                                          |       |  |   |   |    |    |    |    |    |    |   |   |   |    |    |   |
|   phv236  |    -    |                                          |       |  |   |   |    |    |    |    |    |    |   |   |   |    |    |   |
|   phv237  |    -    |                                          |       |  |   |   |    |    |    |    |    |    |   |   |   |    |    |   |
|   phv238  |    -    |                                          |       |  |   |   |    |    |    |    |    |    |   |   |   |    |    |   |
|   phv239  |    -    |                                          |       |  |   |   |    |    |    |    |    |    |   |   |   |    |    |   |
|   phv240  |    -    |                                          |       |  |   |   |    |    |    |    |    |    |   |   |   |    |    |   |
|   phv241  |    -    |                                          |       |  |   |   |    |    |    |    |    |    |   |   |   |    |    |   |
|   phv242  |    -    |                                          |       |  |   |   |    |    |    |    |    |    |   |   |   |    |    |   |
|   phv243  |    -    |                                          |       |  |   |   |    |    |    |    |    |    |   |   |   |    |    |   |
|   phv244  |    -    |                                          |       |  |   |   |    |    |    |    |    |    |   |   |   |    |    |   |
|   phv245  |    -    |                                          |       |  |   |   |    |    |    |    |    |    |   |   |   |    |    |   |
|   phv246  |    -    |                                          |       |  |   |   |    |    |    |    |    |    |   |   |   |    |    |   |
|   phv247  |    -    |                                          |       |  |   |   |    |    |    |    |    |    |   |   |   |    |    |   |
|   phv248  |    -    |                                          |       |  |   |   |    |    |    |    |    |    |   |   |   |    |    |   |
|   phv249  |    -    |                                          |       |  |   |   |    |    |    |    |    |    |   |   |   |    |    |   |
|   phv250  |    -    |                                          |       |  |   |   |    |    |    |    |    |    |   |   |   |    |    |   |
|   phv251  |    -    |                                          |       |  |   |   |    |    |    |    |    |    |   |   |   |    |    |   |
|   phv252  |    -    |                                          |       |  |   |   |    |    |    |    |    |    |   |   |   |    |    |   |
|   phv253  |    -    |                                          |       |  |   |   |    |    |    |    |    |    |   |   |   |    |    |   |
|   phv254  |    -    |                                          |       |  |   |   |    |    |    |    |    |    |   |   |   |    |    |   |
|   phv255  |    -    |                                          |       |  |   |   |    |    |    |    |    |    |   |   |   |    |    |   |
|           |         |                                          |       |  |   |   |    |    |    |    |    |    |   |   |   |    |    |   |
|   phv256  | ingress |                                          |   SH  |  |   |   |    |    |    |    |    |    |   |   |   |    |    |   |
|   [31:28] | ingress |          hdr.ipv4.version[3:0]           |  pkt  |  | W | ~ | ~  | ~  | ~  | ~  | ~  | ~  | ~ | ~ | ~ | ~  | ~  | R |
|   [27:24] | ingress |            hdr.ipv4.ihl[3:0]             |  pkt  |  | W | ~ | ~  | ~  | ~  | ~  | ~  | ~  | ~ | ~ | ~ | ~  | ~  | R |
|   [23:16] | ingress |          hdr.ipv4.diffserv[7:0]          |  pkt  |  | W | ~ | ~  | ~  | ~  | ~  | ~  | ~  | ~ | ~ | ~ | ~  | ~  | R |
|   [15:0]  | ingress |         hdr.ipv4.total_len[15:0]         |  pkt  |  | W | ~ | ~  | ~  | ~  | ~  | ~  | ~  | ~ | ~ | ~ | ~  | ~  | R |
|   phv257  | ingress |                                          | OL,SH |  |   |   |    |    |    |    |    |    |   |   |   |    |    |   |
|   [31:28] | ingress |         hdr.tcp.data_offset[3:0]         |  pkt  |  | W | ~ | ~  | ~  | ~  | ~  | ~  | ~  | ~ | ~ | ~ | ~  | ~  | R |
|   [31:16] | ingress |         hdr.udp.hdr_length[15:0]         |  pkt  |  | W | ~ | ~  | ~  | ~  | ~  | ~  | ~  | ~ | ~ | ~ | ~  | ~  | R |
|   [27:24] | ingress |             hdr.tcp.res[3:0]             |  pkt  |  | W | ~ | ~  | ~  | ~  | ~  | ~  | ~  | ~ | ~ | ~ | ~  | ~  | R |
|   [23:16] | ingress |            hdr.tcp.flags[7:0]            |  pkt  |  | W | ~ | ~  | ~  | ~  | ~  | ~  | ~  | ~ | ~ | ~ | ~  | ~  | R |
|   [15:0]  | ingress |          hdr.udp.checksum[15:0]          |  pkt  |  | W | ~ | ~  | ~  | ~  | ~  | ~  | ~  | ~ | ~ | ~ | ~  | ~  | R |
|   [15:0]  | ingress |           hdr.tcp.window[15:0]           |  pkt  |  | W | ~ | ~  | ~  | ~  | ~  | ~  | ~  | ~ | ~ | ~ | ~  | ~  | R |
|   phv258  | ingress |                                          |   SH  |  |   |   |    |    |    |    |    |    |   |   |   |    |    |   |
|   [31:24] | ingress |            hdr.ipv4.ttl[7:0]             |  pkt  |  | W | ~ | ~  | ~  | ~  | ~  | ~  | ~  | ~ | ~ | ~ | ~  | ~  | R |
|   [23:16] | ingress |          hdr.ipv4.protocol[7:0]          |  pkt  |  | W | ~ | ~  | ~  | ~  | ~  | ~  | ~  | ~ | ~ | ~ | ~  | ~  | R |
|   [15:0]  | ingress |       hdr.ipv4.hdr_checksum[15:0]        |  pkt  |  | W | ~ | ~  | ~  | ~  | ~  | ~  | ~  | ~ | ~ | ~ | ~  | ~  | R |
|   phv259  | ingress |                                          |   SH  |  |   |   |    |    |    |    |    |    |   |   |   |    |    |   |
|   [31:16] | ingress |      hdr.ipv4.identification[15:0]       |  pkt  |  | W | ~ | ~  | ~  | ~  | ~  | ~  | ~  | ~ | ~ | ~ | ~  | ~  | R |
|   [15:13] | ingress |           hdr.ipv4.flags[2:0]            |  pkt  |  | W | ~ | ~  | ~  | ~  | ~  | ~  | ~  | ~ | ~ | ~ | ~  | ~  | R |
|   [12:0]  | ingress |        hdr.ipv4.frag_offset[12:0]        |  pkt  |  | W | ~ | ~  | ~  | ~  | ~  | ~  | ~  | ~ | ~ | ~ | ~  | ~  | R |
|   phv260  | ingress |                                          |       |  |   |   |    |    |    |    |    |    |   |   |   |    |    |   |
|   [31:0]  | ingress |         hdr.ipv4.dst_addr[31:0]          |  pkt  |  | W | ~ | ~  | ~  | ~  | ~  | ~  | ~  | ~ | ~ | ~ | ~  | ~  | R |
|   phv261  | ingress |                                          |       |  |   |   |    |    |    |    |    |    |   |   |   |    |    |   |
|   [31:0]  | ingress |           hdr.tcp.ack_no[31:0]           |  pkt  |  | W | ~ | ~  | ~  | ~  | ~  | ~  | ~  | ~ | ~ | ~ | ~  | ~  | R |
|   phv262  | ingress |                                          |       |  |   |   |    |    |    |    |    |    |   |   |   |    |    |   |
|   [31:0]  | ingress |           hdr.tcp.seq_no[31:0]           |  pkt  |  | W | ~ | ~  | ~  | ~  | ~  | ~  | ~  | ~ | ~ | ~ | ~  | ~  | R |
|   phv263  |    -    |                                          |       |  |   |   |    |    |    |    |    |    |   |   |   |    |    |   |
|   phv264  |    -    |                                          |       |  |   |   |    |    |    |    |    |    |   |   |   |    |    |   |
|   phv265  |    -    |                                          |       |  |   |   |    |    |    |    |    |    |   |   |   |    |    |   |
|   phv266  |    -    |                                          |       |  |   |   |    |    |    |    |    |    |   |   |   |    |    |   |
|   phv267  |    -    |                                          |       |  |   |   |    |    |    |    |    |    |   |   |   |    |    |   |
|   phv268  |    -    |                                          |       |  |   |   |    |    |    |    |    |    |   |   |   |    |    |   |
|   phv269  |    -    |                                          |       |  |   |   |    |    |    |    |    |    |   |   |   |    |    |   |
|   phv270  |    -    |                                          |       |  |   |   |    |    |    |    |    |    |   |   |   |    |    |   |
|   phv271  |    -    |                                          |       |  |   |   |    |    |    |    |    |    |   |   |   |    |    |   |
|   phv272  |    -    |                                          |       |  |   |   |    |    |    |    |    |    |   |   |   |    |    |   |
|   phv273  |    -    |                                          |       |  |   |   |    |    |    |    |    |    |   |   |   |    |    |   |
|   phv274  |    -    |                                          |       |  |   |   |    |    |    |    |    |    |   |   |   |    |    |   |
|   phv275  |    -    |                                          |       |  |   |   |    |    |    |    |    |    |   |   |   |    |    |   |
|   phv276  |    -    |                                          |       |  |   |   |    |    |    |    |    |    |   |   |   |    |    |   |
|   phv277  |    -    |                                          |       |  |   |   |    |    |    |    |    |    |   |   |   |    |    |   |
|   phv278  |    -    |                                          |       |  |   |   |    |    |    |    |    |    |   |   |   |    |    |   |
|   phv279  |    -    |                                          |       |  |   |   |    |    |    |    |    |    |   |   |   |    |    |   |
|   phv280  |    -    |                                          |       |  |   |   |    |    |    |    |    |    |   |   |   |    |    |   |
|   phv281  |    -    |                                          |       |  |   |   |    |    |    |    |    |    |   |   |   |    |    |   |
|   phv282  |    -    |                                          |       |  |   |   |    |    |    |    |    |    |   |   |   |    |    |   |
|   phv283  |    -    |                                          |       |  |   |   |    |    |    |    |    |    |   |   |   |    |    |   |
|   phv284  |    -    |                                          |       |  |   |   |    |    |    |    |    |    |   |   |   |    |    |   |
|   phv285  |    -    |                                          |       |  |   |   |    |    |    |    |    |    |   |   |   |    |    |   |
|   phv286  |    -    |                                          |       |  |   |   |    |    |    |    |    |    |   |   |   |    |    |   |
|   phv287  |    -    |                                          |       |  |   |   |    |    |    |    |    |    |   |   |   |    |    |   |
|           |         |                                          |       |  |   |   |    |    |    |    |    |    |   |   |   |    |    |   |
|   phv288  | ingress |                                          |       |  |   |   |    |    |    |    |    |    |   |   |   |    |    |   |
|    [7:0]  | ingress |        hdr.ethernet.dst_addr[7:0]        |  pkt  |  | W | ~ | ~  | ~  | ~  | ~  | ~  | ~  | ~ | ~ | ~ | ~  | ~  | R |
|   phv289  | ingress |                                          |       |  |   |   |    |    |    |    |    |    |   |   |   |    |    |   |
|    [7:0]  | ingress |       hdr.ethernet.dst_addr[15:8]        |  pkt  |  | W | ~ | ~  | ~  | ~  | ~  | ~  | ~  | ~ | ~ | ~ | ~  | ~  | R |
|   phv290  | ingress |                                          |       |  |   |   |    |    |    |    |    |    |   |   |   |    |    |   |
|    [7:0]  | ingress |       hdr.ethernet.dst_addr[23:16]       |  pkt  |  | W | ~ | ~  | ~  | ~  | ~  | ~  | ~  | ~ | ~ | ~ | ~  | ~  | R |
|   phv291  | ingress |                                          |       |  |   |   |    |    |    |    |    |    |   |   |   |    |    |   |
|    [7:0]  | ingress |       hdr.ethernet.dst_addr[31:24]       |  pkt  |  | W | ~ | ~  | ~  | ~  | ~  | ~  | ~  | ~ | ~ | ~ | ~  | ~  | R |
|   phv292  |    -    |                                          |       |  |   |   |    |    |    |    |    |    |   |   |   |    |    |   |
|   phv293  |    -    |                                          |       |  |   |   |    |    |    |    |    |    |   |   |   |    |    |   |
|   phv294  |    -    |                                          |       |  |   |   |    |    |    |    |    |    |   |   |   |    |    |   |
|   phv295  |    -    |                                          |       |  |   |   |    |    |    |    |    |    |   |   |   |    |    |   |
|   phv296  |    -    |                                          |       |  |   |   |    |    |    |    |    |    |   |   |   |    |    |   |
|   phv297  |    -    |                                          |       |  |   |   |    |    |    |    |    |    |   |   |   |    |    |   |
|   phv298  |    -    |                                          |       |  |   |   |    |    |    |    |    |    |   |   |   |    |    |   |
|   phv299  |    -    |                                          |       |  |   |   |    |    |    |    |    |    |   |   |   |    |    |   |
|   phv300  |    -    |                                          |       |  |   |   |    |    |    |    |    |    |   |   |   |    |    |   |
|   phv301  |    -    |                                          |       |  |   |   |    |    |    |    |    |    |   |   |   |    |    |   |
|   phv302  |    -    |                                          |       |  |   |   |    |    |    |    |    |    |   |   |   |    |    |   |
|   phv303  |    -    |                                          |       |  |   |   |    |    |    |    |    |    |   |   |   |    |    |   |
|   phv304  |    -    |                                          |       |  |   |   |    |    |    |    |    |    |   |   |   |    |    |   |
|   phv305  |    -    |                                          |       |  |   |   |    |    |    |    |    |    |   |   |   |    |    |   |
|   phv306  |    -    |                                          |       |  |   |   |    |    |    |    |    |    |   |   |   |    |    |   |
|   phv307  |    -    |                                          |       |  |   |   |    |    |    |    |    |    |   |   |   |    |    |   |
|   phv308  |    -    |                                          |       |  |   |   |    |    |    |    |    |    |   |   |   |    |    |   |
|   phv309  |    -    |                                          |       |  |   |   |    |    |    |    |    |    |   |   |   |    |    |   |
|   phv310  |    -    |                                          |       |  |   |   |    |    |    |    |    |    |   |   |   |    |    |   |
|   phv311  |    -    |                                          |       |  |   |   |    |    |    |    |    |    |   |   |   |    |    |   |
|   phv312  |    -    |                                          |       |  |   |   |    |    |    |    |    |    |   |   |   |    |    |   |
|   phv313  |    -    |                                          |       |  |   |   |    |    |    |    |    |    |   |   |   |    |    |   |
|   phv314  |    -    |                                          |       |  |   |   |    |    |    |    |    |    |   |   |   |    |    |   |
|   phv315  |    -    |                                          |       |  |   |   |    |    |    |    |    |    |   |   |   |    |    |   |
|   phv316  |    -    |                                          |       |  |   |   |    |    |    |    |    |    |   |   |   |    |    |   |
|   phv317  |    -    |                                          |       |  |   |   |    |    |    |    |    |    |   |   |   |    |    |   |
|   phv318  |    -    |                                          |       |  |   |   |    |    |    |    |    |    |   |   |   |    |    |   |
|   phv319  |    -    |                                          |       |  |   |   |    |    |    |    |    |    |   |   |   |    |    |   |
|           |         |                                          |       |  |   |   |    |    |    |    |    |    |   |   |   |    |    |   |
|   phv320  | ingress |                                          | OL,SH |  |   |   |    |    |    |    |    |    |   |   |   |    |    |   |
|   [15:0]  | ingress |          hdr.udp.dst_port[15:0]          |  pkt  |  | W | ~ | ~  | ~  | ~  | ~  | ~  | ~  | ~ | ~ | ~ | ~  | ~  | R |
|   [15:0]  | ingress |         hdr.tcp.urgent_ptr[15:0]         |  pkt  |  | W | ~ | ~  | ~  | ~  | ~  | ~  | ~  | ~ | ~ | ~ | ~  | ~  | R |
|   phv321  | ingress |                                          | OL,SH |  |   |   |    |    |    |    |    |    |   |   |   |    |    |   |
|   [15:0]  | ingress |          hdr.udp.src_port[15:0]          |  pkt  |  | W | ~ | ~  | ~  | ~  | ~  | ~  | ~  | ~ | ~ | ~ | ~  | ~  | R |
|   [15:0]  | ingress |          hdr.tcp.checksum[15:0]          |  pkt  |  | W | ~ | ~  | ~  | ~  | ~  | ~  | ~  | ~ | ~ | ~ | ~  | ~  | R |
|   phv322  | ingress |                                          |       |  |   |   |    |    |    |    |    |    |   |   |   |    |    |   |
|   [15:0]  | ingress |          hdr.tcp.dst_port[15:0]          |  pkt  |  | W | ~ | ~  | ~  | ~  | ~  | ~  | ~  | ~ | ~ | ~ | ~  | ~  | R |
|   phv323  | ingress |                                          |       |  |   |   |    |    |    |    |    |    |   |   |   |    |    |   |
|   [15:0]  | ingress |          hdr.tcp.src_port[15:0]          |  pkt  |  | W | ~ | ~  | ~  | ~  | ~  | ~  | ~  | ~ | ~ | ~ | ~  | ~  | R |
|   phv324  | ingress |                                          |       |  |   |   |    |    |    |    |    |    |   |   |   |    |    |   |
|   [15:0]  | ingress |       hdr.ethernet.src_addr[15:0]        |  pkt  |  | W | ~ | ~  | ~  | ~  | ~  | ~  | ~  | ~ | ~ | ~ | ~  | ~  | R |
|   phv325  | ingress |                                          |       |  |   |   |    |    |    |    |    |    |   |   |   |    |    |   |
|   [15:0]  | ingress |       hdr.ethernet.src_addr[31:16]       |  pkt  |  | W | ~ | ~  | ~  | ~  | ~  | ~  | ~  | ~ | ~ | ~ | ~  | ~  | R |
|   phv326  | ingress |                                          |       |  |   |   |    |    |    |    |    |    |   |   |   |    |    |   |
|   [15:0]  | ingress |      hdr.ethernet.ether_type[15:0]       |  pkt  |  | W | ~ | ~  | ~  | ~  | ~  | ~  | ~  | ~ | ~ | ~ | ~  | ~  | R |
|   phv327  | ingress |                                          |       |  |   |   |    |    |    |    |    |    |   |   |   |    |    |   |
|   [15:0]  | ingress |       hdr.ethernet.src_addr[47:32]       |  pkt  |  | W | ~ | ~  | ~  | ~  | ~  | ~  | ~  | ~ | ~ | ~ | ~  | ~  | R |
|   phv328  | ingress |                                          |       |  |   |   |    |    |    |    |    |    |   |   |   |    |    |   |
|   [15:0]  | ingress |       hdr.ethernet.dst_addr[47:32]       |  pkt  |  | W | ~ | ~  | ~  | ~  | ~  | ~  | ~  | ~ | ~ | ~ | ~  | ~  | R |
|   phv329  |    -    |                                          |       |  |   |   |    |    |    |    |    |    |   |   |   |    |    |   |
|   phv330  |    -    |                                          |       |  |   |   |    |    |    |    |    |    |   |   |   |    |    |   |
|   phv331  |    -    |                                          |       |  |   |   |    |    |    |    |    |    |   |   |   |    |    |   |
|   phv332  |    -    |                                          |       |  |   |   |    |    |    |    |    |    |   |   |   |    |    |   |
|   phv333  |    -    |                                          |       |  |   |   |    |    |    |    |    |    |   |   |   |    |    |   |
|   phv334  |    -    |                                          |       |  |   |   |    |    |    |    |    |    |   |   |   |    |    |   |
|   phv335  |    -    |                                          |       |  |   |   |    |    |    |    |    |    |   |   |   |    |    |   |
|   phv336  |    -    |                                          |       |  |   |   |    |    |    |    |    |    |   |   |   |    |    |   |
|   phv337  |    -    |                                          |       |  |   |   |    |    |    |    |    |    |   |   |   |    |    |   |
|   phv338  |    -    |                                          |       |  |   |   |    |    |    |    |    |    |   |   |   |    |    |   |
|   phv339  |    -    |                                          |       |  |   |   |    |    |    |    |    |    |   |   |   |    |    |   |
|   phv340  |    -    |                                          |       |  |   |   |    |    |    |    |    |    |   |   |   |    |    |   |
|   phv341  |    -    |                                          |       |  |   |   |    |    |    |    |    |    |   |   |   |    |    |   |
|   phv342  |    -    |                                          |       |  |   |   |    |    |    |    |    |    |   |   |   |    |    |   |
|   phv343  |    -    |                                          |       |  |   |   |    |    |    |    |    |    |   |   |   |    |    |   |
|   phv344  |    -    |                                          |       |  |   |   |    |    |    |    |    |    |   |   |   |    |    |   |
|   phv345  |    -    |                                          |       |  |   |   |    |    |    |    |    |    |   |   |   |    |    |   |
|   phv346  |    -    |                                          |       |  |   |   |    |    |    |    |    |    |   |   |   |    |    |   |
|   phv347  |    -    |                                          |       |  |   |   |    |    |    |    |    |    |   |   |   |    |    |   |
|   phv348  |    -    |                                          |       |  |   |   |    |    |    |    |    |    |   |   |   |    |    |   |
|   phv349  |    -    |                                          |       |  |   |   |    |    |    |    |    |    |   |   |   |    |    |   |
|   phv350  |    -    |                                          |       |  |   |   |    |    |    |    |    |    |   |   |   |    |    |   |
|   phv351  |    -    |                                          |       |  |   |   |    |    |    |    |    |    |   |   |   |    |    |   |
|   phv352  |    -    |                                          |       |  |   |   |    |    |    |    |    |    |   |   |   |    |    |   |
|   phv353  |    -    |                                          |       |  |   |   |    |    |    |    |    |    |   |   |   |    |    |   |
|   phv354  |    -    |                                          |       |  |   |   |    |    |    |    |    |    |   |   |   |    |    |   |
|   phv355  |    -    |                                          |       |  |   |   |    |    |    |    |    |    |   |   |   |    |    |   |
|   phv356  |    -    |                                          |       |  |   |   |    |    |    |    |    |    |   |   |   |    |    |   |
|   phv357  |    -    |                                          |       |  |   |   |    |    |    |    |    |    |   |   |   |    |    |   |
|   phv358  |    -    |                                          |       |  |   |   |    |    |    |    |    |    |   |   |   |    |    |   |
|   phv359  |    -    |                                          |       |  |   |   |    |    |    |    |    |    |   |   |   |    |    |   |
|   phv360  |    -    |                                          |       |  |   |   |    |    |    |    |    |    |   |   |   |    |    |   |
|   phv361  |    -    |                                          |       |  |   |   |    |    |    |    |    |    |   |   |   |    |    |   |
|   phv362  |    -    |                                          |       |  |   |   |    |    |    |    |    |    |   |   |   |    |    |   |
|   phv363  |    -    |                                          |       |  |   |   |    |    |    |    |    |    |   |   |   |    |    |   |
|   phv364  |    -    |                                          |       |  |   |   |    |    |    |    |    |    |   |   |   |    |    |   |
|   phv365  |    -    |                                          |       |  |   |   |    |    |    |    |    |    |   |   |   |    |    |   |
|   phv366  |    -    |                                          |       |  |   |   |    |    |    |    |    |    |   |   |   |    |    |   |
|   phv367  |    -    |                                          |       |  |   |   |    |    |    |    |    |    |   |   |   |    |    |   |
----------------------------------------------------------------------------------------------------------------------------------------------


Containers used: 35
Containers with data overlayed: 8  (22.86%)
Containers shared: 14  (40.00%)

------------------------
  Legend:
------------------------
   P:     Parsed
   D:     Deparsed
   OL:    Overlay
   SH:    Shared
   pkt:   Packet data
   meta:  Metadata
   imeta: Intrinsic Metadata
   pov:   Packet Occupancy Vector bit
   R:     Read
   W:     Write
   ~:     Field is live


---------------------------------------------------------------------------------------------------------------------------------------
| Direction | Location | Fields Live | Bits Live | Header Fields Live | Header Bits Live | Metadata Fields Live | Metadata Bits Live |
---------------------------------------------------------------------------------------------------------------------------------------
|  ingress  |  Parser  | 35 (66.04%) |    510    |    29 (90.62%)     |       496        |      6 (28.57%)      |         14         |
|  ingress  | Stage 0  | 39 (73.58%) |    550    |    29 (90.62%)     |       496        |     10 (47.62%)      |         54         |
|  ingress  | Stage 1  | 38 (71.70%) |    534    |    29 (90.62%)     |       496        |      9 (42.86%)      |         38         |
|  ingress  | Stage 2  | 40 (75.47%) |    544    |    29 (90.62%)     |       496        |     11 (52.38%)      |         48         |
|  ingress  | Stage 3  | 39 (73.58%) |    535    |    29 (90.62%)     |       496        |     10 (47.62%)      |         39         |
|  ingress  | Stage 4  | 39 (73.58%) |    535    |    29 (90.62%)     |       496        |     10 (47.62%)      |         39         |
|  ingress  | Stage 5  | 38 (71.70%) |    519    |    29 (90.62%)     |       496        |      9 (42.86%)      |         23         |
|  ingress  | Stage 6  | 38 (71.70%) |    519    |    29 (90.62%)     |       496        |      9 (42.86%)      |         23         |
|  ingress  | Stage 7  | 41 (77.36%) |    557    |    32 (100.00%)    |       536        |      9 (42.86%)      |         21         |
|  ingress  | Stage 8  | 40 (75.47%) |    556    |    32 (100.00%)    |       536        |      8 (38.10%)      |         20         |
|  ingress  | Stage 9  | 40 (75.47%) |    556    |    32 (100.00%)    |       536        |      8 (38.10%)      |         20         |
|  ingress  | Stage 10 | 40 (75.47%) |    556    |    32 (100.00%)    |       536        |      8 (38.10%)      |         20         |
|  ingress  | Stage 11 | 40 (75.47%) |    556    |    32 (100.00%)    |       536        |      8 (38.10%)      |         20         |
|  ingress  | Deparser | 43 (81.13%) |    593    |    32 (100.00%)    |       536        |     11 (52.38%)      |         57         |
|           |          |             |           |                    |                  |                      |                    |
|   egress  |  Parser  |  0 (0.00%)  |     0     |     0 (0.00%)      |        0         |      0 (0.00%)       |         0          |
|   egress  | Stage 0  |  0 (0.00%)  |     0     |     0 (0.00%)      |        0         |      0 (0.00%)       |         0          |
|   egress  | Stage 1  |  0 (0.00%)  |     0     |     0 (0.00%)      |        0         |      0 (0.00%)       |         0          |
|   egress  | Stage 2  |  0 (0.00%)  |     0     |     0 (0.00%)      |        0         |      0 (0.00%)       |         0          |
|   egress  | Stage 3  |  0 (0.00%)  |     0     |     0 (0.00%)      |        0         |      0 (0.00%)       |         0          |
|   egress  | Stage 4  |  0 (0.00%)  |     0     |     0 (0.00%)      |        0         |      0 (0.00%)       |         0          |
|   egress  | Stage 5  |  0 (0.00%)  |     0     |     0 (0.00%)      |        0         |      0 (0.00%)       |         0          |
|   egress  | Stage 6  |  0 (0.00%)  |     0     |     0 (0.00%)      |        0         |      0 (0.00%)       |         0          |
|   egress  | Stage 7  |  0 (0.00%)  |     0     |     0 (0.00%)      |        0         |      0 (0.00%)       |         0          |
|   egress  | Stage 8  |  0 (0.00%)  |     0     |     0 (0.00%)      |        0         |      0 (0.00%)       |         0          |
|   egress  | Stage 9  |  0 (0.00%)  |     0     |     0 (0.00%)      |        0         |      0 (0.00%)       |         0          |
|   egress  | Stage 10 |  0 (0.00%)  |     0     |     0 (0.00%)      |        0         |      0 (0.00%)       |         0          |
|   egress  | Stage 11 |  0 (0.00%)  |     0     |     0 (0.00%)      |        0         |      0 (0.00%)       |         0          |
|   egress  | Deparser |  0 (0.00%)  |     0     |     0 (0.00%)      |        0         |      0 (0.00%)       |         0          |
---------------------------------------------------------------------------------------------------------------------------------------




------------------------------------------------------------------------------------------------------------------------------------------------------------------------------------------------------------------------------
| Direction | Container |    Parser   |   Stage 0   |   Stage 1   |   Stage 2   |   Stage 3   |   Stage 4   |   Stage 5   |   Stage 6   |   Stage 7   |   Stage 8   |   Stage 9   |   Stage 10  |   Stage 11  |   Deparser  |
------------------------------------------------------------------------------------------------------------------------------------------------------------------------------------------------------------------------------
|  ingress  |   phv64   |      -      |      -      |      -      |      -      |      -      |      -      |      -      |      -      |      -      |      -      |      -      |      -      |      -      |  1 (8 bits) |
|  ingress  |   phv65   |      -      |      -      |      -      |      -      |      -      |      -      |      -      |      -      |      -      |      -      |      -      |      -      |      -      |  1 (3 bits) |
|  ingress  |   phv66   |      -      |      -      |      -      |      -      |      -      |      -      |      -      |      -      |  1 (3 bits) |  1 (3 bits) |  1 (3 bits) |  1 (3 bits) |  1 (3 bits) |  1 (3 bits) |
|  ingress  |   phv67   |      -      |      -      |      -      |      -      |      -      |      -      |      -      |      -      |  1 (3 bits) |  1 (3 bits) |  1 (3 bits) |  1 (3 bits) |  1 (3 bits) |  1 (3 bits) |
|  ingress  |   phv68   |      -      |  1 (4 bits) |  1 (4 bits) |  2 (5 bits) |  2 (5 bits) |  2 (5 bits) |  2 (5 bits) |  2 (5 bits) |  1 (1 bits) |  1 (1 bits) |  1 (1 bits) |  1 (1 bits) |  1 (1 bits) |  1 (1 bits) |
|  ingress  |   phv69   |      -      |      -      |      -      |      -      |      -      |      -      |      -      |      -      |  1 (8 bits) |  1 (8 bits) |  1 (8 bits) |  1 (8 bits) |  1 (8 bits) |  1 (8 bits) |
|  ingress  |   phv70   |  4 (4 bits) |  4 (4 bits) |  4 (4 bits) |  4 (4 bits) |  4 (4 bits) |  4 (4 bits) |  4 (4 bits) |  4 (4 bits) |  4 (4 bits) |  4 (4 bits) |  4 (4 bits) |  4 (4 bits) |  4 (4 bits) |  4 (4 bits) |
|           |           |             |             |             |             |             |             |             |             |             |             |             |             |             |             |
|  ingress  |   phv128  | 2 (10 bits) | 3 (14 bits) | 3 (14 bits) | 3 (14 bits) |  2 (5 bits) |  2 (5 bits) |  2 (5 bits) |  2 (5 bits) |  1 (1 bits) |      -      |      -      |      -      |      -      |      -      |
|  ingress  |   phv129  |      -      |      -      |      -      |  1 (9 bits) |  1 (9 bits) |  1 (9 bits) |  1 (9 bits) |  1 (9 bits) |  1 (9 bits) |  1 (9 bits) |  1 (9 bits) |  1 (9 bits) |  1 (9 bits) |  1 (9 bits) |
|  ingress  |   phv130  |      -      | 1 (16 bits) |      -      |      -      |      -      | 1 (16 bits) |      -      |      -      |      -      |      -      |      -      |      -      |      -      | 1 (10 bits) |
|  ingress  |   phv131  | 1 (16 bits) | 1 (16 bits) | 1 (16 bits) | 1 (16 bits) | 1 (16 bits) | 1 (16 bits) | 1 (16 bits) | 1 (16 bits) | 1 (16 bits) | 1 (16 bits) | 1 (16 bits) | 1 (16 bits) | 1 (16 bits) | 1 (16 bits) |
|  ingress  |   phv132  |      -      |      -      | 1 (16 bits) |      -      |      -      |      -      |      -      |      -      | 1 (16 bits) | 1 (16 bits) | 1 (16 bits) | 1 (16 bits) | 1 (16 bits) | 1 (16 bits) |
|  ingress  |   phv133  | 1 (16 bits) | 1 (16 bits) | 1 (16 bits) | 1 (16 bits) | 1 (16 bits) | 1 (16 bits) | 1 (16 bits) | 1 (16 bits) | 1 (16 bits) | 1 (16 bits) | 1 (16 bits) | 1 (16 bits) | 1 (16 bits) | 1 (16 bits) |
|  ingress  |   phv134  |      -      | 1 (16 bits) |      -      |      -      | 1 (16 bits) |      -      |      -      |      -      |      -      |      -      |      -      |      -      |      -      |      -      |
|  ingress  |   phv135  |      -      |      -      |      -      | 1 (16 bits) |      -      |      -      |      -      |      -      | 1 (16 bits) | 1 (16 bits) | 1 (16 bits) | 1 (16 bits) | 1 (16 bits) | 1 (16 bits) |
|           |           |             |             |             |             |             |             |             |             |             |             |             |             |             |             |
|  ingress  |   phv256  | 4 (32 bits) | 4 (32 bits) | 4 (32 bits) | 4 (32 bits) | 4 (32 bits) | 4 (32 bits) | 4 (32 bits) | 4 (32 bits) | 4 (32 bits) | 4 (32 bits) | 4 (32 bits) | 4 (32 bits) | 4 (32 bits) | 4 (32 bits) |
|  ingress  |   phv257  | 6 (32 bits) | 6 (32 bits) | 6 (32 bits) | 6 (32 bits) | 6 (32 bits) | 6 (32 bits) | 6 (32 bits) | 6 (32 bits) | 6 (32 bits) | 6 (32 bits) | 6 (32 bits) | 6 (32 bits) | 6 (32 bits) | 6 (32 bits) |
|  ingress  |   phv258  | 3 (32 bits) | 3 (32 bits) | 3 (32 bits) | 3 (32 bits) | 3 (32 bits) | 3 (32 bits) | 3 (32 bits) | 3 (32 bits) | 3 (32 bits) | 3 (32 bits) | 3 (32 bits) | 3 (32 bits) | 3 (32 bits) | 3 (32 bits) |
|  ingress  |   phv259  | 3 (32 bits) | 3 (32 bits) | 3 (32 bits) | 3 (32 bits) | 3 (32 bits) | 3 (32 bits) | 3 (32 bits) | 3 (32 bits) | 3 (32 bits) | 3 (32 bits) | 3 (32 bits) | 3 (32 bits) | 3 (32 bits) | 3 (32 bits) |
|  ingress  |   phv260  | 1 (32 bits) | 1 (32 bits) | 1 (32 bits) | 1 (32 bits) | 1 (32 bits) | 1 (32 bits) | 1 (32 bits) | 1 (32 bits) | 1 (32 bits) | 1 (32 bits) | 1 (32 bits) | 1 (32 bits) | 1 (32 bits) | 1 (32 bits) |
|  ingress  |   phv261  | 1 (32 bits) | 1 (32 bits) | 1 (32 bits) | 1 (32 bits) | 1 (32 bits) | 1 (32 bits) | 1 (32 bits) | 1 (32 bits) | 1 (32 bits) | 1 (32 bits) | 1 (32 bits) | 1 (32 bits) | 1 (32 bits) | 1 (32 bits) |
|  ingress  |   phv262  | 1 (32 bits) | 1 (32 bits) | 1 (32 bits) | 1 (32 bits) | 1 (32 bits) | 1 (32 bits) | 1 (32 bits) | 1 (32 bits) | 1 (32 bits) | 1 (32 bits) | 1 (32 bits) | 1 (32 bits) | 1 (32 bits) | 1 (32 bits) |
|           |           |             |             |             |             |             |             |             |             |             |             |             |             |             |             |
|  ingress  |   phv288  |  1 (8 bits) |  1 (8 bits) |  1 (8 bits) |  1 (8 bits) |  1 (8 bits) |  1 (8 bits) |  1 (8 bits) |  1 (8 bits) |  1 (8 bits) |  1 (8 bits) |  1 (8 bits) |  1 (8 bits) |  1 (8 bits) |  1 (8 bits) |
|  ingress  |   phv289  |  1 (8 bits) |  1 (8 bits) |  1 (8 bits) |  1 (8 bits) |  1 (8 bits) |  1 (8 bits) |  1 (8 bits) |  1 (8 bits) |  1 (8 bits) |  1 (8 bits) |  1 (8 bits) |  1 (8 bits) |  1 (8 bits) |  1 (8 bits) |
|  ingress  |   phv290  |  1 (8 bits) |  1 (8 bits) |  1 (8 bits) |  1 (8 bits) |  1 (8 bits) |  1 (8 bits) |  1 (8 bits) |  1 (8 bits) |  1 (8 bits) |  1 (8 bits) |  1 (8 bits) |  1 (8 bits) |  1 (8 bits) |  1 (8 bits) |
|  ingress  |   phv291  |  1 (8 bits) |  1 (8 bits) |  1 (8 bits) |  1 (8 bits) |  1 (8 bits) |  1 (8 bits) |  1 (8 bits) |  1 (8 bits) |  1 (8 bits) |  1 (8 bits) |  1 (8 bits) |  1 (8 bits) |  1 (8 bits) |  1 (8 bits) |
|           |           |             |             |             |             |             |             |             |             |             |             |             |             |             |             |
|  ingress  |   phv320  | 2 (16 bits) | 2 (16 bits) | 2 (16 bits) | 2 (16 bits) | 2 (16 bits) | 2 (16 bits) | 2 (16 bits) | 2 (16 bits) | 2 (16 bits) | 2 (16 bits) | 2 (16 bits) | 2 (16 bits) | 2 (16 bits) | 2 (16 bits) |
|  ingress  |   phv321  | 2 (16 bits) | 2 (16 bits) | 2 (16 bits) | 2 (16 bits) | 2 (16 bits) | 2 (16 bits) | 2 (16 bits) | 2 (16 bits) | 2 (16 bits) | 2 (16 bits) | 2 (16 bits) | 2 (16 bits) | 2 (16 bits) | 2 (16 bits) |
|  ingress  |   phv322  | 1 (16 bits) | 1 (16 bits) | 1 (16 bits) | 1 (16 bits) | 1 (16 bits) | 1 (16 bits) | 1 (16 bits) | 1 (16 bits) | 1 (16 bits) | 1 (16 bits) | 1 (16 bits) | 1 (16 bits) | 1 (16 bits) | 1 (16 bits) |
|  ingress  |   phv323  | 1 (16 bits) | 1 (16 bits) | 1 (16 bits) | 1 (16 bits) | 1 (16 bits) | 1 (16 bits) | 1 (16 bits) | 1 (16 bits) | 1 (16 bits) | 1 (16 bits) | 1 (16 bits) | 1 (16 bits) | 1 (16 bits) | 1 (16 bits) |
|  ingress  |   phv324  | 1 (16 bits) | 1 (16 bits) | 1 (16 bits) | 1 (16 bits) | 1 (16 bits) | 1 (16 bits) | 1 (16 bits) | 1 (16 bits) | 1 (16 bits) | 1 (16 bits) | 1 (16 bits) | 1 (16 bits) | 1 (16 bits) | 1 (16 bits) |
|  ingress  |   phv325  | 1 (16 bits) | 1 (16 bits) | 1 (16 bits) | 1 (16 bits) | 1 (16 bits) | 1 (16 bits) | 1 (16 bits) | 1 (16 bits) | 1 (16 bits) | 1 (16 bits) | 1 (16 bits) | 1 (16 bits) | 1 (16 bits) | 1 (16 bits) |
|  ingress  |   phv326  | 1 (16 bits) | 1 (16 bits) | 1 (16 bits) | 1 (16 bits) | 1 (16 bits) | 1 (16 bits) | 1 (16 bits) | 1 (16 bits) | 1 (16 bits) | 1 (16 bits) | 1 (16 bits) | 1 (16 bits) | 1 (16 bits) | 1 (16 bits) |
|  ingress  |   phv327  | 1 (16 bits) | 1 (16 bits) | 1 (16 bits) | 1 (16 bits) | 1 (16 bits) | 1 (16 bits) | 1 (16 bits) | 1 (16 bits) | 1 (16 bits) | 1 (16 bits) | 1 (16 bits) | 1 (16 bits) | 1 (16 bits) | 1 (16 bits) |
|  ingress  |   phv328  | 1 (16 bits) | 1 (16 bits) | 1 (16 bits) | 1 (16 bits) | 1 (16 bits) | 1 (16 bits) | 1 (16 bits) | 1 (16 bits) | 1 (16 bits) | 1 (16 bits) | 1 (16 bits) | 1 (16 bits) | 1 (16 bits) | 1 (16 bits) |
------------------------------------------------------------------------------------------------------------------------------------------------------------------------------------------------------------------------------

