Parser Characterization Report:
Number of states on ingress: 7

Number of matches on ingress: 11

Longest path (6 states) on ingress:
    $entry_point
    start
    parse_ethernet
    parse_ethernet.$split_0
    parse_ipv4
    parse_udp

Shortest path (4 states) on ingress:
    $entry_point
    start
    parse_ethernet
    parse_ethernet.$split_0

Timing is met for min-sized packet (73 B) running at 100 Gbps

Extractor usage:
+-------------------------+------------+-------+--------+--------+------------------+-------+
|State                    |Match       |8-bit  |16-bit  |32-bit  |Total Extractors  |Other  |
+-------------------------+------------+-------+--------+--------+------------------+-------+
|$entry_point             |*           |0      |0       |0       |0                 |       |
|start                    |0b0*******  |0      |1       |0       |1                 |       |
|-                        |0b1*******  |0      |1       |0       |1                 |       |
|parse_ethernet           |*           |4      |4       |0       |8                 |       |
|parse_ethernet.$split_0  |0x0800      |1      |1       |0       |2                 |       |
|-                        |0x****      |1      |1       |0       |2                 |       |
|parse_ipv4               |0x11        |1      |2       |4       |7                 |       |
|-                        |0x06        |1      |2       |4       |7                 |       |
|-                        |0x**        |1      |2       |4       |7                 |       |
|parse_tcp                |*           |1      |4       |3       |8                 |       |
|parse_udp                |*           |1      |2       |1       |4                 |       |
+-------------------------+------------+-------+--------+--------+------------------+-------+
Number of states on egress: 1

Number of matches on egress: 1

Longest path (1 states) on egress:
    $entry_point.start

Shortest path (1 states) on egress:
    $entry_point.start

Timing is met for min-sized packet (73 B) running at 100 Gbps

Extractor usage:
+--------------------+-------+-------+--------+--------+------------------+-------+
|State               |Match  |8-bit  |16-bit  |32-bit  |Total Extractors  |Other  |
+--------------------+-------+-------+--------+--------+------------------+-------+
|$entry_point.start  |*      |0      |0       |0       |0                 |       |
+--------------------+-------+-------+--------+--------+------------------+-------+
