FindDependencyGraph : After Instruction Selection
ingress: [3] 0 00 000 0000 00000 000000 0000000 00000000 000000000
  swap1_hi_0
    stateful WaterfallIngress.table_1_hi  66K
  swap1_lo_0
    stateful WaterfallIngress.table_1_lo  66K
  swap2_lo_0
    stateful WaterfallIngress.table_2_lo  66K
  swap2_hi_0
    stateful WaterfallIngress.table_2_hi  66K
  swap3_hi_0
    stateful WaterfallIngress.table_3_hi  66K
  swap3_lo_0
    stateful WaterfallIngress.table_3_lo  66K
  swap4_hi_0
    stateful WaterfallIngress.table_4_hi  66K
  swap4_lo_0
    stateful WaterfallIngress.table_4_lo  66K
  resub_0
  tbl_bypass_egress
egress: [4]

DepStagesThruDomFrontier postorder : swap1_hi_0
DepStagesThruDomFrontier postorder : swap1_lo_0
DepStagesThruDomFrontier postorder : swap2_lo_0
DepStagesThruDomFrontier postorder : swap2_hi_0
DepStagesThruDomFrontier postorder : swap3_hi_0
DepStagesThruDomFrontier postorder : swap3_lo_0
DepStagesThruDomFrontier postorder : swap4_hi_0
DepStagesThruDomFrontier postorder : swap4_lo_0
DepStagesThruDomFrontier postorder : resub_0
DepStagesThruDomFrontier postorder : tbl_bypass_egress
    Maximum stage number according to dependences: 
      INGRESS: 7
      EGRESS: -1
GRAPH
    swap1_hi_0 -- IXBAR_READ --> swap2_lo_0
    swap1_lo_0 -- IXBAR_READ --> swap2_lo_0
    swap1_lo_0 -- OUTPUT --> swap2_lo_0
    swap1_hi_0 -- IXBAR_READ --> swap2_hi_0
    swap1_lo_0 -- IXBAR_READ --> swap2_hi_0
    swap2_lo_0 -- IXBAR_READ --> swap2_hi_0
    swap2_lo_0 -- ANTI_ACTION_READ --> swap2_hi_0
    swap1_hi_0 -- OUTPUT --> swap2_hi_0
    swap1_hi_0 -- IXBAR_READ --> swap3_hi_0
    swap2_hi_0 -- IXBAR_READ --> swap3_hi_0
    swap1_lo_0 -- IXBAR_READ --> swap3_hi_0
    swap2_lo_0 -- IXBAR_READ --> swap3_hi_0
    swap2_lo_0 -- ANTI_ACTION_READ --> swap3_hi_0
    swap2_hi_0 -- ANTI_ACTION_READ --> swap3_hi_0
    swap1_hi_0 -- OUTPUT --> swap3_hi_0
    swap2_hi_0 -- OUTPUT --> swap3_hi_0
    swap1_hi_0 -- IXBAR_READ --> swap3_lo_0
    swap2_hi_0 -- IXBAR_READ --> swap3_lo_0
    swap3_hi_0 -- IXBAR_READ --> swap3_lo_0
    swap1_lo_0 -- IXBAR_READ --> swap3_lo_0
    swap2_lo_0 -- IXBAR_READ --> swap3_lo_0
    swap2_lo_0 -- ANTI_ACTION_READ --> swap3_lo_0
    swap2_hi_0 -- ANTI_ACTION_READ --> swap3_lo_0
    swap3_hi_0 -- ANTI_ACTION_READ --> swap3_lo_0
    swap1_lo_0 -- OUTPUT --> swap3_lo_0
    swap2_lo_0 -- OUTPUT --> swap3_lo_0
    swap1_hi_0 -- IXBAR_READ --> swap4_hi_0
    swap2_hi_0 -- IXBAR_READ --> swap4_hi_0
    swap3_hi_0 -- IXBAR_READ --> swap4_hi_0
    swap1_lo_0 -- IXBAR_READ --> swap4_hi_0
    swap2_lo_0 -- IXBAR_READ --> swap4_hi_0
    swap3_lo_0 -- IXBAR_READ --> swap4_hi_0
    swap2_lo_0 -- ANTI_ACTION_READ --> swap4_hi_0
    swap2_hi_0 -- ANTI_ACTION_READ --> swap4_hi_0
    swap3_hi_0 -- ANTI_ACTION_READ --> swap4_hi_0
    swap3_lo_0 -- ANTI_ACTION_READ --> swap4_hi_0
    swap1_hi_0 -- OUTPUT --> swap4_hi_0
    swap2_hi_0 -- OUTPUT --> swap4_hi_0
    swap3_hi_0 -- OUTPUT --> swap4_hi_0
    swap1_hi_0 -- IXBAR_READ --> swap4_lo_0
    swap2_hi_0 -- IXBAR_READ --> swap4_lo_0
    swap3_hi_0 -- IXBAR_READ --> swap4_lo_0
    swap4_hi_0 -- IXBAR_READ --> swap4_lo_0
    swap1_lo_0 -- IXBAR_READ --> swap4_lo_0
    swap2_lo_0 -- IXBAR_READ --> swap4_lo_0
    swap3_lo_0 -- IXBAR_READ --> swap4_lo_0
    swap2_lo_0 -- ANTI_ACTION_READ --> swap4_lo_0
    swap2_hi_0 -- ANTI_ACTION_READ --> swap4_lo_0
    swap3_hi_0 -- ANTI_ACTION_READ --> swap4_lo_0
    swap3_lo_0 -- ANTI_ACTION_READ --> swap4_lo_0
    swap4_hi_0 -- ANTI_ACTION_READ --> swap4_lo_0
    swap1_lo_0 -- OUTPUT --> swap4_lo_0
    swap2_lo_0 -- OUTPUT --> swap4_lo_0
    swap3_lo_0 -- OUTPUT --> swap4_lo_0
    swap1_hi_0 -- IXBAR_READ --> resub_0
    swap2_hi_0 -- IXBAR_READ --> resub_0
    swap3_hi_0 -- IXBAR_READ --> resub_0
    swap4_hi_0 -- IXBAR_READ --> resub_0
    swap1_lo_0 -- IXBAR_READ --> resub_0
    swap2_lo_0 -- IXBAR_READ --> resub_0
    swap3_lo_0 -- IXBAR_READ --> resub_0
    swap4_lo_0 -- IXBAR_READ --> resub_0
    swap4_lo_0 -- ANTI_NEXT_TABLE_DATA --> resub_0
    swap4_hi_0 -- ANTI_NEXT_TABLE_DATA --> swap4_lo_0
    swap4_hi_0 -- ANTI_NEXT_TABLE_DATA --> resub_0
    swap3_lo_0 -- ANTI_NEXT_TABLE_DATA --> swap4_hi_0
    swap3_lo_0 -- ANTI_NEXT_TABLE_DATA --> swap4_lo_0
    swap3_lo_0 -- ANTI_NEXT_TABLE_DATA --> resub_0
    swap3_hi_0 -- ANTI_NEXT_TABLE_DATA --> swap3_lo_0
    swap3_hi_0 -- ANTI_NEXT_TABLE_DATA --> swap4_hi_0
    swap3_hi_0 -- ANTI_NEXT_TABLE_DATA --> swap4_lo_0
    swap3_hi_0 -- ANTI_NEXT_TABLE_DATA --> resub_0
    swap2_hi_0 -- ANTI_NEXT_TABLE_DATA --> swap3_hi_0
    swap2_hi_0 -- ANTI_NEXT_TABLE_DATA --> swap3_lo_0
    swap2_hi_0 -- ANTI_NEXT_TABLE_DATA --> swap4_hi_0
    swap2_hi_0 -- ANTI_NEXT_TABLE_DATA --> swap4_lo_0
    swap2_hi_0 -- ANTI_NEXT_TABLE_DATA --> resub_0
    swap2_lo_0 -- ANTI_NEXT_TABLE_DATA --> swap2_hi_0
    swap2_lo_0 -- ANTI_NEXT_TABLE_DATA --> swap3_hi_0
    swap2_lo_0 -- ANTI_NEXT_TABLE_DATA --> swap3_lo_0
    swap2_lo_0 -- ANTI_NEXT_TABLE_DATA --> swap4_hi_0
    swap2_lo_0 -- ANTI_NEXT_TABLE_DATA --> swap4_lo_0
    swap2_lo_0 -- ANTI_NEXT_TABLE_DATA --> resub_0
    swap1_hi_0 -- ANTI_NEXT_TABLE_DATA --> swap2_lo_0
    swap1_hi_0 -- ANTI_NEXT_TABLE_DATA --> swap2_hi_0
    swap1_hi_0 -- ANTI_NEXT_TABLE_DATA --> swap3_hi_0
    swap1_hi_0 -- ANTI_NEXT_TABLE_DATA --> swap3_lo_0
    swap1_hi_0 -- ANTI_NEXT_TABLE_DATA --> swap4_hi_0
    swap1_hi_0 -- ANTI_NEXT_TABLE_DATA --> swap4_lo_0
    swap1_hi_0 -- ANTI_NEXT_TABLE_DATA --> resub_0
    swap1_lo_0 -- ANTI_NEXT_TABLE_DATA --> swap2_lo_0
    swap1_lo_0 -- ANTI_NEXT_TABLE_DATA --> swap2_hi_0
    swap1_lo_0 -- ANTI_NEXT_TABLE_DATA --> swap3_hi_0
    swap1_lo_0 -- ANTI_NEXT_TABLE_DATA --> swap3_lo_0
    swap1_lo_0 -- ANTI_NEXT_TABLE_DATA --> swap4_hi_0
    swap1_lo_0 -- ANTI_NEXT_TABLE_DATA --> swap4_lo_0
    swap1_lo_0 -- ANTI_NEXT_TABLE_DATA --> resub_0
MIN STAGE INFO
    Each table also indicates its dependency chain length
    First number refers to a dependency chain from which each tables are not split
    Second number refers to a dependency chain from which each tables are split as on  last allocation pass
 Stage #0
     swap1_hi_0 7 7
     swap1_lo_0 7 7
     tbl_bypass_egress 0 0
 Stage #1
     swap2_lo_0 6 6
	- Edge IXBAR_READ swap1_hi_0
	- Edge IXBAR_READ swap1_lo_0
	- Edge OUTPUT swap1_lo_0
 Stage #2
     swap2_hi_0 5 5
	- Edge IXBAR_READ swap2_lo_0
 Stage #3
     swap3_hi_0 4 4
	- Edge IXBAR_READ swap2_hi_0
	- Edge OUTPUT swap2_hi_0
 Stage #4
     swap3_lo_0 3 3
	- Edge IXBAR_READ swap3_hi_0
 Stage #5
     swap4_hi_0 2 2
	- Edge IXBAR_READ swap3_lo_0
 Stage #6
     swap4_lo_0 1 1
	- Edge IXBAR_READ swap4_hi_0
 Stage #7
     resub_0 0 0
	- Edge IXBAR_READ swap4_lo_0

FindDependencyGraph : Just Before PHV allocation
ingress: [3] 0 00 000 0000 00000 000000 0000000 00000000 000000000
  swap1_hi_0
    stateful WaterfallIngress.table_1_hi  66K
  swap1_lo_0
    stateful WaterfallIngress.table_1_lo  66K
  swap2_lo_0
    stateful WaterfallIngress.table_2_lo  66K
  swap2_hi_0
    stateful WaterfallIngress.table_2_hi  66K
  swap3_hi_0
    stateful WaterfallIngress.table_3_hi  66K
  swap3_lo_0
    stateful WaterfallIngress.table_3_lo  66K
  swap4_hi_0
    stateful WaterfallIngress.table_4_hi  66K
  swap4_lo_0
    stateful WaterfallIngress.table_4_lo  66K
  resub_0
  tbl_bypass_egress
egress: [4]

DepStagesThruDomFrontier postorder : swap1_hi_0
DepStagesThruDomFrontier postorder : swap1_lo_0
DepStagesThruDomFrontier postorder : swap2_lo_0
DepStagesThruDomFrontier postorder : swap2_hi_0
DepStagesThruDomFrontier postorder : swap3_hi_0
DepStagesThruDomFrontier postorder : swap3_lo_0
DepStagesThruDomFrontier postorder : swap4_hi_0
DepStagesThruDomFrontier postorder : swap4_lo_0
DepStagesThruDomFrontier postorder : resub_0
DepStagesThruDomFrontier postorder : tbl_bypass_egress
    Maximum stage number according to dependences: 
      INGRESS: 7
      EGRESS: -1
GRAPH
    swap1_hi_0 -- IXBAR_READ --> swap2_lo_0
    swap1_lo_0 -- IXBAR_READ --> swap2_lo_0
    swap1_lo_0 -- OUTPUT --> swap2_lo_0
    swap1_hi_0 -- IXBAR_READ --> swap2_hi_0
    swap1_lo_0 -- IXBAR_READ --> swap2_hi_0
    swap2_lo_0 -- IXBAR_READ --> swap2_hi_0
    swap2_lo_0 -- ANTI_ACTION_READ --> swap2_hi_0
    swap1_hi_0 -- OUTPUT --> swap2_hi_0
    swap1_hi_0 -- IXBAR_READ --> swap3_hi_0
    swap2_hi_0 -- IXBAR_READ --> swap3_hi_0
    swap1_lo_0 -- IXBAR_READ --> swap3_hi_0
    swap2_lo_0 -- IXBAR_READ --> swap3_hi_0
    swap2_lo_0 -- ANTI_ACTION_READ --> swap3_hi_0
    swap2_hi_0 -- ANTI_ACTION_READ --> swap3_hi_0
    swap1_hi_0 -- OUTPUT --> swap3_hi_0
    swap2_hi_0 -- OUTPUT --> swap3_hi_0
    swap1_hi_0 -- IXBAR_READ --> swap3_lo_0
    swap2_hi_0 -- IXBAR_READ --> swap3_lo_0
    swap3_hi_0 -- IXBAR_READ --> swap3_lo_0
    swap1_lo_0 -- IXBAR_READ --> swap3_lo_0
    swap2_lo_0 -- IXBAR_READ --> swap3_lo_0
    swap2_lo_0 -- ANTI_ACTION_READ --> swap3_lo_0
    swap2_hi_0 -- ANTI_ACTION_READ --> swap3_lo_0
    swap3_hi_0 -- ANTI_ACTION_READ --> swap3_lo_0
    swap1_lo_0 -- OUTPUT --> swap3_lo_0
    swap2_lo_0 -- OUTPUT --> swap3_lo_0
    swap1_hi_0 -- IXBAR_READ --> swap4_hi_0
    swap2_hi_0 -- IXBAR_READ --> swap4_hi_0
    swap3_hi_0 -- IXBAR_READ --> swap4_hi_0
    swap1_lo_0 -- IXBAR_READ --> swap4_hi_0
    swap2_lo_0 -- IXBAR_READ --> swap4_hi_0
    swap3_lo_0 -- IXBAR_READ --> swap4_hi_0
    swap2_lo_0 -- ANTI_ACTION_READ --> swap4_hi_0
    swap2_hi_0 -- ANTI_ACTION_READ --> swap4_hi_0
    swap3_hi_0 -- ANTI_ACTION_READ --> swap4_hi_0
    swap3_lo_0 -- ANTI_ACTION_READ --> swap4_hi_0
    swap1_hi_0 -- OUTPUT --> swap4_hi_0
    swap2_hi_0 -- OUTPUT --> swap4_hi_0
    swap3_hi_0 -- OUTPUT --> swap4_hi_0
    swap1_hi_0 -- IXBAR_READ --> swap4_lo_0
    swap2_hi_0 -- IXBAR_READ --> swap4_lo_0
    swap3_hi_0 -- IXBAR_READ --> swap4_lo_0
    swap4_hi_0 -- IXBAR_READ --> swap4_lo_0
    swap1_lo_0 -- IXBAR_READ --> swap4_lo_0
    swap2_lo_0 -- IXBAR_READ --> swap4_lo_0
    swap3_lo_0 -- IXBAR_READ --> swap4_lo_0
    swap2_lo_0 -- ANTI_ACTION_READ --> swap4_lo_0
    swap2_hi_0 -- ANTI_ACTION_READ --> swap4_lo_0
    swap3_hi_0 -- ANTI_ACTION_READ --> swap4_lo_0
    swap3_lo_0 -- ANTI_ACTION_READ --> swap4_lo_0
    swap4_hi_0 -- ANTI_ACTION_READ --> swap4_lo_0
    swap1_lo_0 -- OUTPUT --> swap4_lo_0
    swap2_lo_0 -- OUTPUT --> swap4_lo_0
    swap3_lo_0 -- OUTPUT --> swap4_lo_0
    swap1_hi_0 -- IXBAR_READ --> resub_0
    swap2_hi_0 -- IXBAR_READ --> resub_0
    swap3_hi_0 -- IXBAR_READ --> resub_0
    swap4_hi_0 -- IXBAR_READ --> resub_0
    swap1_lo_0 -- IXBAR_READ --> resub_0
    swap2_lo_0 -- IXBAR_READ --> resub_0
    swap3_lo_0 -- IXBAR_READ --> resub_0
    swap4_lo_0 -- IXBAR_READ --> resub_0
    swap4_lo_0 -- ANTI_NEXT_TABLE_DATA --> resub_0
    swap4_hi_0 -- ANTI_NEXT_TABLE_DATA --> swap4_lo_0
    swap4_hi_0 -- ANTI_NEXT_TABLE_DATA --> resub_0
    swap3_lo_0 -- ANTI_NEXT_TABLE_DATA --> swap4_hi_0
    swap3_lo_0 -- ANTI_NEXT_TABLE_DATA --> swap4_lo_0
    swap3_lo_0 -- ANTI_NEXT_TABLE_DATA --> resub_0
    swap3_hi_0 -- ANTI_NEXT_TABLE_DATA --> swap3_lo_0
    swap3_hi_0 -- ANTI_NEXT_TABLE_DATA --> swap4_hi_0
    swap3_hi_0 -- ANTI_NEXT_TABLE_DATA --> swap4_lo_0
    swap3_hi_0 -- ANTI_NEXT_TABLE_DATA --> resub_0
    swap2_hi_0 -- ANTI_NEXT_TABLE_DATA --> swap3_hi_0
    swap2_hi_0 -- ANTI_NEXT_TABLE_DATA --> swap3_lo_0
    swap2_hi_0 -- ANTI_NEXT_TABLE_DATA --> swap4_hi_0
    swap2_hi_0 -- ANTI_NEXT_TABLE_DATA --> swap4_lo_0
    swap2_hi_0 -- ANTI_NEXT_TABLE_DATA --> resub_0
    swap2_lo_0 -- ANTI_NEXT_TABLE_DATA --> swap2_hi_0
    swap2_lo_0 -- ANTI_NEXT_TABLE_DATA --> swap3_hi_0
    swap2_lo_0 -- ANTI_NEXT_TABLE_DATA --> swap3_lo_0
    swap2_lo_0 -- ANTI_NEXT_TABLE_DATA --> swap4_hi_0
    swap2_lo_0 -- ANTI_NEXT_TABLE_DATA --> swap4_lo_0
    swap2_lo_0 -- ANTI_NEXT_TABLE_DATA --> resub_0
    swap1_hi_0 -- ANTI_NEXT_TABLE_DATA --> swap2_lo_0
    swap1_hi_0 -- ANTI_NEXT_TABLE_DATA --> swap2_hi_0
    swap1_hi_0 -- ANTI_NEXT_TABLE_DATA --> swap3_hi_0
    swap1_hi_0 -- ANTI_NEXT_TABLE_DATA --> swap3_lo_0
    swap1_hi_0 -- ANTI_NEXT_TABLE_DATA --> swap4_hi_0
    swap1_hi_0 -- ANTI_NEXT_TABLE_DATA --> swap4_lo_0
    swap1_hi_0 -- ANTI_NEXT_TABLE_DATA --> resub_0
    swap1_lo_0 -- ANTI_NEXT_TABLE_DATA --> swap2_lo_0
    swap1_lo_0 -- ANTI_NEXT_TABLE_DATA --> swap2_hi_0
    swap1_lo_0 -- ANTI_NEXT_TABLE_DATA --> swap3_hi_0
    swap1_lo_0 -- ANTI_NEXT_TABLE_DATA --> swap3_lo_0
    swap1_lo_0 -- ANTI_NEXT_TABLE_DATA --> swap4_hi_0
    swap1_lo_0 -- ANTI_NEXT_TABLE_DATA --> swap4_lo_0
    swap1_lo_0 -- ANTI_NEXT_TABLE_DATA --> resub_0
MIN STAGE INFO
    Each table also indicates its dependency chain length
    First number refers to a dependency chain from which each tables are not split
    Second number refers to a dependency chain from which each tables are split as on  last allocation pass
 Stage #0
     swap1_hi_0 7 7
     swap1_lo_0 7 7
     tbl_bypass_egress 0 0
 Stage #1
     swap2_lo_0 6 6
	- Edge IXBAR_READ swap1_hi_0
	- Edge IXBAR_READ swap1_lo_0
	- Edge OUTPUT swap1_lo_0
 Stage #2
     swap2_hi_0 5 5
	- Edge IXBAR_READ swap2_lo_0
 Stage #3
     swap3_hi_0 4 4
	- Edge IXBAR_READ swap2_hi_0
	- Edge OUTPUT swap2_hi_0
 Stage #4
     swap3_lo_0 3 3
	- Edge IXBAR_READ swap3_hi_0
 Stage #5
     swap4_hi_0 2 2
	- Edge IXBAR_READ swap3_lo_0
 Stage #6
     swap4_lo_0 1 1
	- Edge IXBAR_READ swap4_hi_0
 Stage #7
     resub_0 0 0
	- Edge IXBAR_READ swap4_lo_0

ingress: [3] 0 11 111 1111 11111 111111 1111111 11111111 000000000
  swap1_hi_0{ E -9+2, 0 0K }
    stateful WaterfallIngress.table_1_hi  66K
  swap1_lo_0{ E -9+2, 0 0K }
    stateful WaterfallIngress.table_1_lo  66K
  swap2_lo_0{ E -1+2, 0 0K }
    stateful WaterfallIngress.table_2_lo  66K
  swap2_hi_0{ E -1+2, 0 0K }
    stateful WaterfallIngress.table_2_hi  66K
  swap3_hi_0{ E -1+2, 0 0K }
    stateful WaterfallIngress.table_3_hi  66K
  swap3_lo_0{ E -1+2, 0 0K }
    stateful WaterfallIngress.table_3_lo  66K
  swap4_hi_0{ E -1+2, 0 0K }
    stateful WaterfallIngress.table_4_hi  66K
  swap4_lo_0{ E -1+2, 0 0K }
    stateful WaterfallIngress.table_4_lo  66K
  resub_0{ E -1+1, 0 0K }
  tbl_bypass_egress
egress: [4]

DepStagesThruDomFrontier postorder : swap1_hi_0
DepStagesThruDomFrontier postorder : swap1_lo_0
DepStagesThruDomFrontier postorder : swap2_lo_0
DepStagesThruDomFrontier postorder : swap2_hi_0
DepStagesThruDomFrontier postorder : swap3_hi_0
DepStagesThruDomFrontier postorder : swap3_lo_0
DepStagesThruDomFrontier postorder : swap4_hi_0
DepStagesThruDomFrontier postorder : swap4_lo_0
DepStagesThruDomFrontier postorder : resub_0
DepStagesThruDomFrontier postorder : tbl_bypass_egress
    Maximum stage number according to dependences: 
      INGRESS: 7
      EGRESS: -1
GRAPH
    swap3_hi_0 -- ANTI_NEXT_TABLE_METADATA --> resub_0
    swap3_lo_0 -- ANTI_NEXT_TABLE_METADATA --> resub_0
    swap2_lo_0 -- ANTI_NEXT_TABLE_METADATA --> swap4_hi_0
    swap2_lo_0 -- ANTI_NEXT_TABLE_METADATA --> swap4_lo_0
    swap2_lo_0 -- ANTI_NEXT_TABLE_METADATA --> swap3_hi_0
    swap2_lo_0 -- ANTI_NEXT_TABLE_METADATA --> swap3_lo_0
    swap2_hi_0 -- ANTI_NEXT_TABLE_METADATA --> swap4_hi_0
    swap2_hi_0 -- ANTI_NEXT_TABLE_METADATA --> swap4_lo_0
    swap2_hi_0 -- ANTI_NEXT_TABLE_METADATA --> swap3_hi_0
    swap2_hi_0 -- ANTI_NEXT_TABLE_METADATA --> swap3_lo_0
    swap1_hi_0 -- IXBAR_READ --> swap2_lo_0
    swap1_lo_0 -- IXBAR_READ --> swap2_lo_0
    swap1_lo_0 -- OUTPUT --> swap2_lo_0
    swap1_hi_0 -- IXBAR_READ --> swap2_hi_0
    swap1_lo_0 -- IXBAR_READ --> swap2_hi_0
    swap2_lo_0 -- IXBAR_READ --> swap2_hi_0
    swap2_lo_0 -- ANTI_ACTION_READ --> swap2_hi_0
    swap1_hi_0 -- OUTPUT --> swap2_hi_0
    swap1_hi_0 -- IXBAR_READ --> swap3_hi_0
    swap2_hi_0 -- IXBAR_READ --> swap3_hi_0
    swap1_lo_0 -- IXBAR_READ --> swap3_hi_0
    swap2_lo_0 -- IXBAR_READ --> swap3_hi_0
    swap2_lo_0 -- ANTI_ACTION_READ --> swap3_hi_0
    swap2_hi_0 -- ANTI_ACTION_READ --> swap3_hi_0
    swap1_hi_0 -- OUTPUT --> swap3_hi_0
    swap2_hi_0 -- OUTPUT --> swap3_hi_0
    swap1_hi_0 -- IXBAR_READ --> swap3_lo_0
    swap2_hi_0 -- IXBAR_READ --> swap3_lo_0
    swap3_hi_0 -- IXBAR_READ --> swap3_lo_0
    swap1_lo_0 -- IXBAR_READ --> swap3_lo_0
    swap2_lo_0 -- IXBAR_READ --> swap3_lo_0
    swap2_lo_0 -- ANTI_ACTION_READ --> swap3_lo_0
    swap2_hi_0 -- ANTI_ACTION_READ --> swap3_lo_0
    swap3_hi_0 -- ANTI_ACTION_READ --> swap3_lo_0
    swap1_lo_0 -- OUTPUT --> swap3_lo_0
    swap2_lo_0 -- OUTPUT --> swap3_lo_0
    swap1_hi_0 -- IXBAR_READ --> swap4_hi_0
    swap2_hi_0 -- IXBAR_READ --> swap4_hi_0
    swap3_hi_0 -- IXBAR_READ --> swap4_hi_0
    swap1_lo_0 -- IXBAR_READ --> swap4_hi_0
    swap2_lo_0 -- IXBAR_READ --> swap4_hi_0
    swap3_lo_0 -- IXBAR_READ --> swap4_hi_0
    swap2_lo_0 -- ANTI_ACTION_READ --> swap4_hi_0
    swap2_hi_0 -- ANTI_ACTION_READ --> swap4_hi_0
    swap3_hi_0 -- ANTI_ACTION_READ --> swap4_hi_0
    swap3_lo_0 -- ANTI_ACTION_READ --> swap4_hi_0
    swap1_hi_0 -- OUTPUT --> swap4_hi_0
    swap2_hi_0 -- OUTPUT --> swap4_hi_0
    swap3_hi_0 -- OUTPUT --> swap4_hi_0
    swap1_hi_0 -- IXBAR_READ --> swap4_lo_0
    swap2_hi_0 -- IXBAR_READ --> swap4_lo_0
    swap3_hi_0 -- IXBAR_READ --> swap4_lo_0
    swap4_hi_0 -- IXBAR_READ --> swap4_lo_0
    swap1_lo_0 -- IXBAR_READ --> swap4_lo_0
    swap2_lo_0 -- IXBAR_READ --> swap4_lo_0
    swap3_lo_0 -- IXBAR_READ --> swap4_lo_0
    swap2_lo_0 -- ANTI_ACTION_READ --> swap4_lo_0
    swap2_hi_0 -- ANTI_ACTION_READ --> swap4_lo_0
    swap3_hi_0 -- ANTI_ACTION_READ --> swap4_lo_0
    swap3_lo_0 -- ANTI_ACTION_READ --> swap4_lo_0
    swap4_hi_0 -- ANTI_ACTION_READ --> swap4_lo_0
    swap1_lo_0 -- OUTPUT --> swap4_lo_0
    swap2_lo_0 -- OUTPUT --> swap4_lo_0
    swap3_lo_0 -- OUTPUT --> swap4_lo_0
    swap1_hi_0 -- IXBAR_READ --> resub_0
    swap2_hi_0 -- IXBAR_READ --> resub_0
    swap3_hi_0 -- IXBAR_READ --> resub_0
    swap4_hi_0 -- IXBAR_READ --> resub_0
    swap1_lo_0 -- IXBAR_READ --> resub_0
    swap2_lo_0 -- IXBAR_READ --> resub_0
    swap3_lo_0 -- IXBAR_READ --> resub_0
    swap4_lo_0 -- IXBAR_READ --> resub_0
    swap4_lo_0 -- ANTI_NEXT_TABLE_DATA --> resub_0
    swap4_hi_0 -- ANTI_NEXT_TABLE_DATA --> swap4_lo_0
    swap4_hi_0 -- ANTI_NEXT_TABLE_DATA --> resub_0
    swap3_lo_0 -- ANTI_NEXT_TABLE_DATA --> resub_0
    swap3_lo_0 -- ANTI_NEXT_TABLE_DATA --> swap4_hi_0
    swap3_lo_0 -- ANTI_NEXT_TABLE_DATA --> swap4_lo_0
    swap3_hi_0 -- ANTI_NEXT_TABLE_DATA --> resub_0
    swap3_hi_0 -- ANTI_NEXT_TABLE_DATA --> swap3_lo_0
    swap3_hi_0 -- ANTI_NEXT_TABLE_DATA --> swap4_hi_0
    swap3_hi_0 -- ANTI_NEXT_TABLE_DATA --> swap4_lo_0
    swap2_hi_0 -- ANTI_NEXT_TABLE_DATA --> swap4_hi_0
    swap2_hi_0 -- ANTI_NEXT_TABLE_DATA --> swap4_lo_0
    swap2_hi_0 -- ANTI_NEXT_TABLE_DATA --> swap3_hi_0
    swap2_hi_0 -- ANTI_NEXT_TABLE_DATA --> swap3_lo_0
    swap2_hi_0 -- ANTI_NEXT_TABLE_DATA --> resub_0
    swap2_lo_0 -- ANTI_NEXT_TABLE_DATA --> swap4_hi_0
    swap2_lo_0 -- ANTI_NEXT_TABLE_DATA --> swap4_lo_0
    swap2_lo_0 -- ANTI_NEXT_TABLE_DATA --> swap3_hi_0
    swap2_lo_0 -- ANTI_NEXT_TABLE_DATA --> swap3_lo_0
    swap2_lo_0 -- ANTI_NEXT_TABLE_DATA --> swap2_hi_0
    swap2_lo_0 -- ANTI_NEXT_TABLE_DATA --> resub_0
    swap1_hi_0 -- ANTI_NEXT_TABLE_DATA --> swap2_lo_0
    swap1_hi_0 -- ANTI_NEXT_TABLE_DATA --> swap2_hi_0
    swap1_hi_0 -- ANTI_NEXT_TABLE_DATA --> swap3_hi_0
    swap1_hi_0 -- ANTI_NEXT_TABLE_DATA --> swap3_lo_0
    swap1_hi_0 -- ANTI_NEXT_TABLE_DATA --> swap4_hi_0
    swap1_hi_0 -- ANTI_NEXT_TABLE_DATA --> swap4_lo_0
    swap1_hi_0 -- ANTI_NEXT_TABLE_DATA --> resub_0
    swap1_lo_0 -- ANTI_NEXT_TABLE_DATA --> swap2_lo_0
    swap1_lo_0 -- ANTI_NEXT_TABLE_DATA --> swap2_hi_0
    swap1_lo_0 -- ANTI_NEXT_TABLE_DATA --> swap3_hi_0
    swap1_lo_0 -- ANTI_NEXT_TABLE_DATA --> swap3_lo_0
    swap1_lo_0 -- ANTI_NEXT_TABLE_DATA --> swap4_hi_0
    swap1_lo_0 -- ANTI_NEXT_TABLE_DATA --> swap4_lo_0
    swap1_lo_0 -- ANTI_NEXT_TABLE_DATA --> resub_0
MIN STAGE INFO
    Each table also indicates its dependency chain length
    First number refers to a dependency chain from which each tables are not split
    Second number refers to a dependency chain from which each tables are split as on  last allocation pass
 Stage #0
     swap1_hi_0 7 7
     swap1_lo_0 7 7
     tbl_bypass_egress 0 0
 Stage #1
     swap2_lo_0 6 6
	- Edge IXBAR_READ swap1_hi_0
	- Edge IXBAR_READ swap1_lo_0
	- Edge OUTPUT swap1_lo_0
 Stage #2
     swap2_hi_0 5 5
	- Edge IXBAR_READ swap2_lo_0
 Stage #3
     swap3_hi_0 4 4
	- Edge IXBAR_READ swap2_hi_0
	- Edge OUTPUT swap2_hi_0
 Stage #4
     swap3_lo_0 3 3
	- Edge IXBAR_READ swap3_hi_0
 Stage #5
     swap4_hi_0 2 2
	- Edge IXBAR_READ swap3_lo_0
 Stage #6
     swap4_lo_0 1 1
	- Edge IXBAR_READ swap4_hi_0
 Stage #7
     resub_0 0 0
	- Edge IXBAR_READ swap4_lo_0

FindDependencyGraph : Before Table Placement
ingress: [3] 0 11 111 1111 11111 111111 1111111 11111111 000000000
  swap1_hi_0{ E -9+2, 0 0K }
    stateful WaterfallIngress.table_1_hi  66K
  swap1_lo_0{ E -9+2, 0 0K }
    stateful WaterfallIngress.table_1_lo  66K
  swap2_lo_0{ E -1+2, 0 0K }
    stateful WaterfallIngress.table_2_lo  66K
  swap2_hi_0{ E -1+2, 0 0K }
    stateful WaterfallIngress.table_2_hi  66K
  swap3_hi_0{ E -1+2, 0 0K }
    stateful WaterfallIngress.table_3_hi  66K
  swap3_lo_0{ E -1+2, 0 0K }
    stateful WaterfallIngress.table_3_lo  66K
  swap4_hi_0{ E -1+2, 0 0K }
    stateful WaterfallIngress.table_4_hi  66K
  swap4_lo_0{ E -1+2, 0 0K }
    stateful WaterfallIngress.table_4_lo  66K
  resub_0{ E -1+1, 0 0K }
  tbl_bypass_egress
egress: [4]

DepStagesThruDomFrontier postorder : swap1_hi_0
DepStagesThruDomFrontier postorder : swap1_lo_0
DepStagesThruDomFrontier postorder : swap2_lo_0
DepStagesThruDomFrontier postorder : swap2_hi_0
DepStagesThruDomFrontier postorder : swap3_hi_0
DepStagesThruDomFrontier postorder : swap3_lo_0
DepStagesThruDomFrontier postorder : swap4_hi_0
DepStagesThruDomFrontier postorder : swap4_lo_0
DepStagesThruDomFrontier postorder : resub_0
DepStagesThruDomFrontier postorder : tbl_bypass_egress
    Maximum stage number according to dependences: 
      INGRESS: 7
      EGRESS: -1
GRAPH
    swap3_hi_0 -- ANTI_NEXT_TABLE_METADATA --> resub_0
    swap3_lo_0 -- ANTI_NEXT_TABLE_METADATA --> resub_0
    swap2_lo_0 -- ANTI_NEXT_TABLE_METADATA --> swap4_hi_0
    swap2_lo_0 -- ANTI_NEXT_TABLE_METADATA --> swap4_lo_0
    swap2_lo_0 -- ANTI_NEXT_TABLE_METADATA --> swap3_hi_0
    swap2_lo_0 -- ANTI_NEXT_TABLE_METADATA --> swap3_lo_0
    swap2_hi_0 -- ANTI_NEXT_TABLE_METADATA --> swap4_hi_0
    swap2_hi_0 -- ANTI_NEXT_TABLE_METADATA --> swap4_lo_0
    swap2_hi_0 -- ANTI_NEXT_TABLE_METADATA --> swap3_hi_0
    swap2_hi_0 -- ANTI_NEXT_TABLE_METADATA --> swap3_lo_0
    swap1_hi_0 -- IXBAR_READ --> swap2_lo_0
    swap1_lo_0 -- IXBAR_READ --> swap2_lo_0
    swap1_lo_0 -- OUTPUT --> swap2_lo_0
    swap1_hi_0 -- IXBAR_READ --> swap2_hi_0
    swap1_lo_0 -- IXBAR_READ --> swap2_hi_0
    swap2_lo_0 -- IXBAR_READ --> swap2_hi_0
    swap2_lo_0 -- ANTI_ACTION_READ --> swap2_hi_0
    swap1_hi_0 -- OUTPUT --> swap2_hi_0
    swap1_hi_0 -- IXBAR_READ --> swap3_hi_0
    swap2_hi_0 -- IXBAR_READ --> swap3_hi_0
    swap1_lo_0 -- IXBAR_READ --> swap3_hi_0
    swap2_lo_0 -- IXBAR_READ --> swap3_hi_0
    swap2_lo_0 -- ANTI_ACTION_READ --> swap3_hi_0
    swap2_hi_0 -- ANTI_ACTION_READ --> swap3_hi_0
    swap1_hi_0 -- OUTPUT --> swap3_hi_0
    swap2_hi_0 -- OUTPUT --> swap3_hi_0
    swap1_hi_0 -- IXBAR_READ --> swap3_lo_0
    swap2_hi_0 -- IXBAR_READ --> swap3_lo_0
    swap3_hi_0 -- IXBAR_READ --> swap3_lo_0
    swap1_lo_0 -- IXBAR_READ --> swap3_lo_0
    swap2_lo_0 -- IXBAR_READ --> swap3_lo_0
    swap2_lo_0 -- ANTI_ACTION_READ --> swap3_lo_0
    swap2_hi_0 -- ANTI_ACTION_READ --> swap3_lo_0
    swap3_hi_0 -- ANTI_ACTION_READ --> swap3_lo_0
    swap1_lo_0 -- OUTPUT --> swap3_lo_0
    swap2_lo_0 -- OUTPUT --> swap3_lo_0
    swap1_hi_0 -- IXBAR_READ --> swap4_hi_0
    swap2_hi_0 -- IXBAR_READ --> swap4_hi_0
    swap3_hi_0 -- IXBAR_READ --> swap4_hi_0
    swap1_lo_0 -- IXBAR_READ --> swap4_hi_0
    swap2_lo_0 -- IXBAR_READ --> swap4_hi_0
    swap3_lo_0 -- IXBAR_READ --> swap4_hi_0
    swap2_lo_0 -- ANTI_ACTION_READ --> swap4_hi_0
    swap2_hi_0 -- ANTI_ACTION_READ --> swap4_hi_0
    swap3_hi_0 -- ANTI_ACTION_READ --> swap4_hi_0
    swap3_lo_0 -- ANTI_ACTION_READ --> swap4_hi_0
    swap1_hi_0 -- OUTPUT --> swap4_hi_0
    swap2_hi_0 -- OUTPUT --> swap4_hi_0
    swap3_hi_0 -- OUTPUT --> swap4_hi_0
    swap1_hi_0 -- IXBAR_READ --> swap4_lo_0
    swap2_hi_0 -- IXBAR_READ --> swap4_lo_0
    swap3_hi_0 -- IXBAR_READ --> swap4_lo_0
    swap4_hi_0 -- IXBAR_READ --> swap4_lo_0
    swap1_lo_0 -- IXBAR_READ --> swap4_lo_0
    swap2_lo_0 -- IXBAR_READ --> swap4_lo_0
    swap3_lo_0 -- IXBAR_READ --> swap4_lo_0
    swap2_lo_0 -- ANTI_ACTION_READ --> swap4_lo_0
    swap2_hi_0 -- ANTI_ACTION_READ --> swap4_lo_0
    swap3_hi_0 -- ANTI_ACTION_READ --> swap4_lo_0
    swap3_lo_0 -- ANTI_ACTION_READ --> swap4_lo_0
    swap4_hi_0 -- ANTI_ACTION_READ --> swap4_lo_0
    swap1_lo_0 -- OUTPUT --> swap4_lo_0
    swap2_lo_0 -- OUTPUT --> swap4_lo_0
    swap3_lo_0 -- OUTPUT --> swap4_lo_0
    swap1_hi_0 -- IXBAR_READ --> resub_0
    swap2_hi_0 -- IXBAR_READ --> resub_0
    swap3_hi_0 -- IXBAR_READ --> resub_0
    swap4_hi_0 -- IXBAR_READ --> resub_0
    swap1_lo_0 -- IXBAR_READ --> resub_0
    swap2_lo_0 -- IXBAR_READ --> resub_0
    swap3_lo_0 -- IXBAR_READ --> resub_0
    swap4_lo_0 -- IXBAR_READ --> resub_0
    swap4_lo_0 -- ANTI_NEXT_TABLE_DATA --> resub_0
    swap4_hi_0 -- ANTI_NEXT_TABLE_DATA --> swap4_lo_0
    swap4_hi_0 -- ANTI_NEXT_TABLE_DATA --> resub_0
    swap3_lo_0 -- ANTI_NEXT_TABLE_DATA --> resub_0
    swap3_lo_0 -- ANTI_NEXT_TABLE_DATA --> swap4_hi_0
    swap3_lo_0 -- ANTI_NEXT_TABLE_DATA --> swap4_lo_0
    swap3_hi_0 -- ANTI_NEXT_TABLE_DATA --> resub_0
    swap3_hi_0 -- ANTI_NEXT_TABLE_DATA --> swap3_lo_0
    swap3_hi_0 -- ANTI_NEXT_TABLE_DATA --> swap4_hi_0
    swap3_hi_0 -- ANTI_NEXT_TABLE_DATA --> swap4_lo_0
    swap2_hi_0 -- ANTI_NEXT_TABLE_DATA --> swap4_hi_0
    swap2_hi_0 -- ANTI_NEXT_TABLE_DATA --> swap4_lo_0
    swap2_hi_0 -- ANTI_NEXT_TABLE_DATA --> swap3_hi_0
    swap2_hi_0 -- ANTI_NEXT_TABLE_DATA --> swap3_lo_0
    swap2_hi_0 -- ANTI_NEXT_TABLE_DATA --> resub_0
    swap2_lo_0 -- ANTI_NEXT_TABLE_DATA --> swap4_hi_0
    swap2_lo_0 -- ANTI_NEXT_TABLE_DATA --> swap4_lo_0
    swap2_lo_0 -- ANTI_NEXT_TABLE_DATA --> swap3_hi_0
    swap2_lo_0 -- ANTI_NEXT_TABLE_DATA --> swap3_lo_0
    swap2_lo_0 -- ANTI_NEXT_TABLE_DATA --> swap2_hi_0
    swap2_lo_0 -- ANTI_NEXT_TABLE_DATA --> resub_0
    swap1_hi_0 -- ANTI_NEXT_TABLE_DATA --> swap2_lo_0
    swap1_hi_0 -- ANTI_NEXT_TABLE_DATA --> swap2_hi_0
    swap1_hi_0 -- ANTI_NEXT_TABLE_DATA --> swap3_hi_0
    swap1_hi_0 -- ANTI_NEXT_TABLE_DATA --> swap3_lo_0
    swap1_hi_0 -- ANTI_NEXT_TABLE_DATA --> swap4_hi_0
    swap1_hi_0 -- ANTI_NEXT_TABLE_DATA --> swap4_lo_0
    swap1_hi_0 -- ANTI_NEXT_TABLE_DATA --> resub_0
    swap1_lo_0 -- ANTI_NEXT_TABLE_DATA --> swap2_lo_0
    swap1_lo_0 -- ANTI_NEXT_TABLE_DATA --> swap2_hi_0
    swap1_lo_0 -- ANTI_NEXT_TABLE_DATA --> swap3_hi_0
    swap1_lo_0 -- ANTI_NEXT_TABLE_DATA --> swap3_lo_0
    swap1_lo_0 -- ANTI_NEXT_TABLE_DATA --> swap4_hi_0
    swap1_lo_0 -- ANTI_NEXT_TABLE_DATA --> swap4_lo_0
    swap1_lo_0 -- ANTI_NEXT_TABLE_DATA --> resub_0
MIN STAGE INFO
    Each table also indicates its dependency chain length
    First number refers to a dependency chain from which each tables are not split
    Second number refers to a dependency chain from which each tables are split as on  last allocation pass
 Stage #0
     swap1_hi_0 7 7
     swap1_lo_0 7 7
     tbl_bypass_egress 0 0
 Stage #1
     swap2_lo_0 6 6
	- Edge IXBAR_READ swap1_hi_0
	- Edge IXBAR_READ swap1_lo_0
	- Edge OUTPUT swap1_lo_0
 Stage #2
     swap2_hi_0 5 5
	- Edge IXBAR_READ swap2_lo_0
 Stage #3
     swap3_hi_0 4 4
	- Edge IXBAR_READ swap2_hi_0
	- Edge OUTPUT swap2_hi_0
 Stage #4
     swap3_lo_0 3 3
	- Edge IXBAR_READ swap3_hi_0
 Stage #5
     swap4_hi_0 2 2
	- Edge IXBAR_READ swap3_lo_0
 Stage #6
     swap4_lo_0 1 1
	- Edge IXBAR_READ swap4_hi_0
 Stage #7
     resub_0 0 0
	- Edge IXBAR_READ swap4_lo_0

FindDependencyGraph : After Table Placement
ingress: [3] 0 11 111 0000 11110 111101 1111011 11110111 111101111
  0: swap1_lo_0{ E -9+22, 0 [1x2 2K] }
    stateful WaterfallIngress.table_1_lo 66 K
  1: swap1_hi_0{ E -9+22, 0 [1x2 2K] }
    stateful WaterfallIngress.table_1_hi 66 K
  10: swap2_lo_0{ E -1+22, 0 [1x2 2K] }
    stateful WaterfallIngress.table_2_lo 66 K
  20: swap2_hi_0{ E -1+22, 0 [1x2 2K] }
    stateful WaterfallIngress.table_2_hi 66 K
  21: tbl_bypass_egress
  30: swap3_hi_0{ E -1+22, 0 [1x2 2K] }
    stateful WaterfallIngress.table_3_hi 66 K
  40: swap3_lo_0{ E -1+22, 0 [1x2 2K] }
    stateful WaterfallIngress.table_3_lo 66 K
  50: swap4_hi_0{ E -1+22, 0 [1x2 2K] }
    stateful WaterfallIngress.table_4_hi 66 K
  60: swap4_lo_0{ E -1+22, 0 [1x2 2K] }
    stateful WaterfallIngress.table_4_lo 66 K
  70: resub_0{ E -1+1, 0 [1x5 5K] }
egress: [4]

DepStagesThruDomFrontier postorder : swap1_lo_0
DepStagesThruDomFrontier postorder : swap1_hi_0
DepStagesThruDomFrontier postorder : swap2_lo_0
DepStagesThruDomFrontier postorder : swap2_hi_0
DepStagesThruDomFrontier postorder : tbl_bypass_egress
DepStagesThruDomFrontier postorder : swap3_hi_0
DepStagesThruDomFrontier postorder : swap3_lo_0
DepStagesThruDomFrontier postorder : swap4_hi_0
DepStagesThruDomFrontier postorder : swap4_lo_0
DepStagesThruDomFrontier postorder : resub_0
    Maximum stage number according to dependences: 
      INGRESS: 7
      EGRESS: -1
GRAPH
    swap1_hi_0 -- IXBAR_READ --> swap2_lo_0
    swap1_lo_0 -- IXBAR_READ --> swap2_lo_0
    swap1_lo_0 -- OUTPUT --> swap2_lo_0
    swap1_hi_0 -- IXBAR_READ --> swap2_hi_0
    swap1_lo_0 -- IXBAR_READ --> swap2_hi_0
    swap2_lo_0 -- IXBAR_READ --> swap2_hi_0
    swap2_lo_0 -- ANTI_ACTION_READ --> swap2_hi_0
    swap1_hi_0 -- OUTPUT --> swap2_hi_0
    swap1_hi_0 -- IXBAR_READ --> swap3_hi_0
    swap2_hi_0 -- IXBAR_READ --> swap3_hi_0
    swap1_lo_0 -- IXBAR_READ --> swap3_hi_0
    swap2_lo_0 -- IXBAR_READ --> swap3_hi_0
    swap2_lo_0 -- ANTI_ACTION_READ --> swap3_hi_0
    swap2_hi_0 -- ANTI_ACTION_READ --> swap3_hi_0
    swap1_hi_0 -- OUTPUT --> swap3_hi_0
    swap2_hi_0 -- OUTPUT --> swap3_hi_0
    swap1_hi_0 -- IXBAR_READ --> swap3_lo_0
    swap2_hi_0 -- IXBAR_READ --> swap3_lo_0
    swap3_hi_0 -- IXBAR_READ --> swap3_lo_0
    swap1_lo_0 -- IXBAR_READ --> swap3_lo_0
    swap2_lo_0 -- IXBAR_READ --> swap3_lo_0
    swap2_lo_0 -- ANTI_ACTION_READ --> swap3_lo_0
    swap2_hi_0 -- ANTI_ACTION_READ --> swap3_lo_0
    swap3_hi_0 -- ANTI_ACTION_READ --> swap3_lo_0
    swap1_lo_0 -- OUTPUT --> swap3_lo_0
    swap2_lo_0 -- OUTPUT --> swap3_lo_0
    swap1_hi_0 -- IXBAR_READ --> swap4_hi_0
    swap2_hi_0 -- IXBAR_READ --> swap4_hi_0
    swap3_hi_0 -- IXBAR_READ --> swap4_hi_0
    swap1_lo_0 -- IXBAR_READ --> swap4_hi_0
    swap2_lo_0 -- IXBAR_READ --> swap4_hi_0
    swap3_lo_0 -- IXBAR_READ --> swap4_hi_0
    swap2_lo_0 -- ANTI_ACTION_READ --> swap4_hi_0
    swap2_hi_0 -- ANTI_ACTION_READ --> swap4_hi_0
    swap3_hi_0 -- ANTI_ACTION_READ --> swap4_hi_0
    swap3_lo_0 -- ANTI_ACTION_READ --> swap4_hi_0
    swap1_hi_0 -- OUTPUT --> swap4_hi_0
    swap2_hi_0 -- OUTPUT --> swap4_hi_0
    swap3_hi_0 -- OUTPUT --> swap4_hi_0
    swap1_hi_0 -- IXBAR_READ --> swap4_lo_0
    swap2_hi_0 -- IXBAR_READ --> swap4_lo_0
    swap3_hi_0 -- IXBAR_READ --> swap4_lo_0
    swap4_hi_0 -- IXBAR_READ --> swap4_lo_0
    swap1_lo_0 -- IXBAR_READ --> swap4_lo_0
    swap2_lo_0 -- IXBAR_READ --> swap4_lo_0
    swap3_lo_0 -- IXBAR_READ --> swap4_lo_0
    swap2_lo_0 -- ANTI_ACTION_READ --> swap4_lo_0
    swap2_hi_0 -- ANTI_ACTION_READ --> swap4_lo_0
    swap3_hi_0 -- ANTI_ACTION_READ --> swap4_lo_0
    swap3_lo_0 -- ANTI_ACTION_READ --> swap4_lo_0
    swap4_hi_0 -- ANTI_ACTION_READ --> swap4_lo_0
    swap1_lo_0 -- OUTPUT --> swap4_lo_0
    swap2_lo_0 -- OUTPUT --> swap4_lo_0
    swap3_lo_0 -- OUTPUT --> swap4_lo_0
    swap1_hi_0 -- IXBAR_READ --> resub_0
    swap2_hi_0 -- IXBAR_READ --> resub_0
    swap3_hi_0 -- IXBAR_READ --> resub_0
    swap4_hi_0 -- IXBAR_READ --> resub_0
    swap1_lo_0 -- IXBAR_READ --> resub_0
    swap2_lo_0 -- IXBAR_READ --> resub_0
    swap3_lo_0 -- IXBAR_READ --> resub_0
    swap4_lo_0 -- IXBAR_READ --> resub_0
    swap4_lo_0 -- ANTI_NEXT_TABLE_DATA --> resub_0
    swap4_hi_0 -- ANTI_NEXT_TABLE_DATA --> swap4_lo_0
    swap4_hi_0 -- ANTI_NEXT_TABLE_DATA --> resub_0
    swap3_lo_0 -- ANTI_NEXT_TABLE_DATA --> swap4_hi_0
    swap3_lo_0 -- ANTI_NEXT_TABLE_DATA --> swap4_lo_0
    swap3_lo_0 -- ANTI_NEXT_TABLE_DATA --> resub_0
    swap3_hi_0 -- ANTI_NEXT_TABLE_DATA --> swap3_lo_0
    swap3_hi_0 -- ANTI_NEXT_TABLE_DATA --> swap4_hi_0
    swap3_hi_0 -- ANTI_NEXT_TABLE_DATA --> swap4_lo_0
    swap3_hi_0 -- ANTI_NEXT_TABLE_DATA --> resub_0
    swap2_hi_0 -- ANTI_NEXT_TABLE_DATA --> swap3_hi_0
    swap2_hi_0 -- ANTI_NEXT_TABLE_DATA --> swap3_lo_0
    swap2_hi_0 -- ANTI_NEXT_TABLE_DATA --> swap4_hi_0
    swap2_hi_0 -- ANTI_NEXT_TABLE_DATA --> swap4_lo_0
    swap2_hi_0 -- ANTI_NEXT_TABLE_DATA --> resub_0
    swap2_lo_0 -- ANTI_NEXT_TABLE_DATA --> swap2_hi_0
    swap2_lo_0 -- ANTI_NEXT_TABLE_DATA --> swap3_hi_0
    swap2_lo_0 -- ANTI_NEXT_TABLE_DATA --> swap3_lo_0
    swap2_lo_0 -- ANTI_NEXT_TABLE_DATA --> swap4_hi_0
    swap2_lo_0 -- ANTI_NEXT_TABLE_DATA --> swap4_lo_0
    swap2_lo_0 -- ANTI_NEXT_TABLE_DATA --> resub_0
    swap1_lo_0 -- ANTI_NEXT_TABLE_DATA --> swap2_lo_0
    swap1_lo_0 -- ANTI_NEXT_TABLE_DATA --> swap2_hi_0
    swap1_lo_0 -- ANTI_NEXT_TABLE_DATA --> swap3_hi_0
    swap1_lo_0 -- ANTI_NEXT_TABLE_DATA --> swap3_lo_0
    swap1_lo_0 -- ANTI_NEXT_TABLE_DATA --> swap4_hi_0
    swap1_lo_0 -- ANTI_NEXT_TABLE_DATA --> swap4_lo_0
    swap1_lo_0 -- ANTI_NEXT_TABLE_DATA --> resub_0
    swap1_hi_0 -- ANTI_NEXT_TABLE_DATA --> swap2_lo_0
    swap1_hi_0 -- ANTI_NEXT_TABLE_DATA --> swap2_hi_0
    swap1_hi_0 -- ANTI_NEXT_TABLE_DATA --> swap3_hi_0
    swap1_hi_0 -- ANTI_NEXT_TABLE_DATA --> swap3_lo_0
    swap1_hi_0 -- ANTI_NEXT_TABLE_DATA --> swap4_hi_0
    swap1_hi_0 -- ANTI_NEXT_TABLE_DATA --> swap4_lo_0
    swap1_hi_0 -- ANTI_NEXT_TABLE_DATA --> resub_0
MIN STAGE INFO
    Each table also indicates its dependency chain length
    First number refers to a dependency chain from which each tables are not split
    Second number refers to a dependency chain from which each tables are split as on  last allocation pass
 Stage #0
     swap1_lo_0 7 7
     swap1_hi_0 7 7
     tbl_bypass_egress 0 0
 Stage #1
     swap2_lo_0 6 6
	- Edge IXBAR_READ swap1_hi_0
	- Edge IXBAR_READ swap1_lo_0
	- Edge OUTPUT swap1_lo_0
 Stage #2
     swap2_hi_0 5 5
	- Edge IXBAR_READ swap2_lo_0
 Stage #3
     swap3_hi_0 4 4
	- Edge IXBAR_READ swap2_hi_0
	- Edge OUTPUT swap2_hi_0
 Stage #4
     swap3_lo_0 3 3
	- Edge IXBAR_READ swap3_hi_0
 Stage #5
     swap4_hi_0 2 2
	- Edge IXBAR_READ swap3_lo_0
 Stage #6
     swap4_lo_0 1 1
	- Edge IXBAR_READ swap4_hi_0
 Stage #7
     resub_0 0 0
	- Edge IXBAR_READ swap4_lo_0

FindDependencyGraph : Power Calculation
ingress: [3] 0 11 111 0000 11110 111101 1111011 11110111 111101111
  0: swap1_lo_0{ E -9+22, 0 [1x2 2K] }
    stateful WaterfallIngress.table_1_lo 66 K
  1: swap1_hi_0{ E -9+22, 0 [1x2 2K] }
    stateful WaterfallIngress.table_1_hi 66 K
  10: swap2_lo_0{ E -1+22, 0 [1x2 2K] }
    stateful WaterfallIngress.table_2_lo 66 K
  20: swap2_hi_0{ E -1+22, 0 [1x2 2K] }
    stateful WaterfallIngress.table_2_hi 66 K
  21: tbl_bypass_egress
  30: swap3_hi_0{ E -1+22, 0 [1x2 2K] }
    stateful WaterfallIngress.table_3_hi 66 K
  40: swap3_lo_0{ E -1+22, 0 [1x2 2K] }
    stateful WaterfallIngress.table_3_lo 66 K
  50: swap4_hi_0{ E -1+22, 0 [1x2 2K] }
    stateful WaterfallIngress.table_4_hi 66 K
  60: swap4_lo_0{ E -1+22, 0 [1x2 2K] }
    stateful WaterfallIngress.table_4_lo 66 K
  70: resub_0{ E -1+1, 0 [1x5 5K] }
egress: [4]

DepStagesThruDomFrontier postorder : swap1_lo_0
DepStagesThruDomFrontier postorder : swap1_hi_0
DepStagesThruDomFrontier postorder : swap2_lo_0
DepStagesThruDomFrontier postorder : swap2_hi_0
DepStagesThruDomFrontier postorder : tbl_bypass_egress
DepStagesThruDomFrontier postorder : swap3_hi_0
DepStagesThruDomFrontier postorder : swap3_lo_0
DepStagesThruDomFrontier postorder : swap4_hi_0
DepStagesThruDomFrontier postorder : swap4_lo_0
DepStagesThruDomFrontier postorder : resub_0
    Maximum stage number according to dependences: 
      INGRESS: 7
      EGRESS: -1
GRAPH
    swap1_hi_0 -- IXBAR_READ --> swap2_lo_0
    swap1_lo_0 -- IXBAR_READ --> swap2_lo_0
    swap1_lo_0 -- OUTPUT --> swap2_lo_0
    swap1_hi_0 -- IXBAR_READ --> swap2_hi_0
    swap1_lo_0 -- IXBAR_READ --> swap2_hi_0
    swap2_lo_0 -- IXBAR_READ --> swap2_hi_0
    swap2_lo_0 -- ANTI_ACTION_READ --> swap2_hi_0
    swap1_hi_0 -- OUTPUT --> swap2_hi_0
    swap1_hi_0 -- IXBAR_READ --> swap3_hi_0
    swap2_hi_0 -- IXBAR_READ --> swap3_hi_0
    swap1_lo_0 -- IXBAR_READ --> swap3_hi_0
    swap2_lo_0 -- IXBAR_READ --> swap3_hi_0
    swap2_lo_0 -- ANTI_ACTION_READ --> swap3_hi_0
    swap2_hi_0 -- ANTI_ACTION_READ --> swap3_hi_0
    swap1_hi_0 -- OUTPUT --> swap3_hi_0
    swap2_hi_0 -- OUTPUT --> swap3_hi_0
    swap1_hi_0 -- IXBAR_READ --> swap3_lo_0
    swap2_hi_0 -- IXBAR_READ --> swap3_lo_0
    swap3_hi_0 -- IXBAR_READ --> swap3_lo_0
    swap1_lo_0 -- IXBAR_READ --> swap3_lo_0
    swap2_lo_0 -- IXBAR_READ --> swap3_lo_0
    swap2_lo_0 -- ANTI_ACTION_READ --> swap3_lo_0
    swap2_hi_0 -- ANTI_ACTION_READ --> swap3_lo_0
    swap3_hi_0 -- ANTI_ACTION_READ --> swap3_lo_0
    swap1_lo_0 -- OUTPUT --> swap3_lo_0
    swap2_lo_0 -- OUTPUT --> swap3_lo_0
    swap1_hi_0 -- IXBAR_READ --> swap4_hi_0
    swap2_hi_0 -- IXBAR_READ --> swap4_hi_0
    swap3_hi_0 -- IXBAR_READ --> swap4_hi_0
    swap1_lo_0 -- IXBAR_READ --> swap4_hi_0
    swap2_lo_0 -- IXBAR_READ --> swap4_hi_0
    swap3_lo_0 -- IXBAR_READ --> swap4_hi_0
    swap2_lo_0 -- ANTI_ACTION_READ --> swap4_hi_0
    swap2_hi_0 -- ANTI_ACTION_READ --> swap4_hi_0
    swap3_hi_0 -- ANTI_ACTION_READ --> swap4_hi_0
    swap3_lo_0 -- ANTI_ACTION_READ --> swap4_hi_0
    swap1_hi_0 -- OUTPUT --> swap4_hi_0
    swap2_hi_0 -- OUTPUT --> swap4_hi_0
    swap3_hi_0 -- OUTPUT --> swap4_hi_0
    swap1_hi_0 -- IXBAR_READ --> swap4_lo_0
    swap2_hi_0 -- IXBAR_READ --> swap4_lo_0
    swap3_hi_0 -- IXBAR_READ --> swap4_lo_0
    swap4_hi_0 -- IXBAR_READ --> swap4_lo_0
    swap1_lo_0 -- IXBAR_READ --> swap4_lo_0
    swap2_lo_0 -- IXBAR_READ --> swap4_lo_0
    swap3_lo_0 -- IXBAR_READ --> swap4_lo_0
    swap2_lo_0 -- ANTI_ACTION_READ --> swap4_lo_0
    swap2_hi_0 -- ANTI_ACTION_READ --> swap4_lo_0
    swap3_hi_0 -- ANTI_ACTION_READ --> swap4_lo_0
    swap3_lo_0 -- ANTI_ACTION_READ --> swap4_lo_0
    swap4_hi_0 -- ANTI_ACTION_READ --> swap4_lo_0
    swap1_lo_0 -- OUTPUT --> swap4_lo_0
    swap2_lo_0 -- OUTPUT --> swap4_lo_0
    swap3_lo_0 -- OUTPUT --> swap4_lo_0
    swap1_hi_0 -- IXBAR_READ --> resub_0
    swap2_hi_0 -- IXBAR_READ --> resub_0
    swap3_hi_0 -- IXBAR_READ --> resub_0
    swap4_hi_0 -- IXBAR_READ --> resub_0
    swap1_lo_0 -- IXBAR_READ --> resub_0
    swap2_lo_0 -- IXBAR_READ --> resub_0
    swap3_lo_0 -- IXBAR_READ --> resub_0
    swap4_lo_0 -- IXBAR_READ --> resub_0
    swap4_lo_0 -- ANTI_NEXT_TABLE_DATA --> resub_0
    swap4_hi_0 -- ANTI_NEXT_TABLE_DATA --> swap4_lo_0
    swap4_hi_0 -- ANTI_NEXT_TABLE_DATA --> resub_0
    swap3_lo_0 -- ANTI_NEXT_TABLE_DATA --> swap4_hi_0
    swap3_lo_0 -- ANTI_NEXT_TABLE_DATA --> swap4_lo_0
    swap3_lo_0 -- ANTI_NEXT_TABLE_DATA --> resub_0
    swap3_hi_0 -- ANTI_NEXT_TABLE_DATA --> swap3_lo_0
    swap3_hi_0 -- ANTI_NEXT_TABLE_DATA --> swap4_hi_0
    swap3_hi_0 -- ANTI_NEXT_TABLE_DATA --> swap4_lo_0
    swap3_hi_0 -- ANTI_NEXT_TABLE_DATA --> resub_0
    swap2_hi_0 -- ANTI_NEXT_TABLE_DATA --> swap3_hi_0
    swap2_hi_0 -- ANTI_NEXT_TABLE_DATA --> swap3_lo_0
    swap2_hi_0 -- ANTI_NEXT_TABLE_DATA --> swap4_hi_0
    swap2_hi_0 -- ANTI_NEXT_TABLE_DATA --> swap4_lo_0
    swap2_hi_0 -- ANTI_NEXT_TABLE_DATA --> resub_0
    swap2_lo_0 -- ANTI_NEXT_TABLE_DATA --> swap2_hi_0
    swap2_lo_0 -- ANTI_NEXT_TABLE_DATA --> swap3_hi_0
    swap2_lo_0 -- ANTI_NEXT_TABLE_DATA --> swap3_lo_0
    swap2_lo_0 -- ANTI_NEXT_TABLE_DATA --> swap4_hi_0
    swap2_lo_0 -- ANTI_NEXT_TABLE_DATA --> swap4_lo_0
    swap2_lo_0 -- ANTI_NEXT_TABLE_DATA --> resub_0
    swap1_lo_0 -- ANTI_NEXT_TABLE_DATA --> swap2_lo_0
    swap1_lo_0 -- ANTI_NEXT_TABLE_DATA --> swap2_hi_0
    swap1_lo_0 -- ANTI_NEXT_TABLE_DATA --> swap3_hi_0
    swap1_lo_0 -- ANTI_NEXT_TABLE_DATA --> swap3_lo_0
    swap1_lo_0 -- ANTI_NEXT_TABLE_DATA --> swap4_hi_0
    swap1_lo_0 -- ANTI_NEXT_TABLE_DATA --> swap4_lo_0
    swap1_lo_0 -- ANTI_NEXT_TABLE_DATA --> resub_0
    swap1_hi_0 -- ANTI_NEXT_TABLE_DATA --> swap2_lo_0
    swap1_hi_0 -- ANTI_NEXT_TABLE_DATA --> swap2_hi_0
    swap1_hi_0 -- ANTI_NEXT_TABLE_DATA --> swap3_hi_0
    swap1_hi_0 -- ANTI_NEXT_TABLE_DATA --> swap3_lo_0
    swap1_hi_0 -- ANTI_NEXT_TABLE_DATA --> swap4_hi_0
    swap1_hi_0 -- ANTI_NEXT_TABLE_DATA --> swap4_lo_0
    swap1_hi_0 -- ANTI_NEXT_TABLE_DATA --> resub_0
MIN STAGE INFO
    Each table also indicates its dependency chain length
    First number refers to a dependency chain from which each tables are not split
    Second number refers to a dependency chain from which each tables are split as on  last allocation pass
 Stage #0
     swap1_lo_0 7 7
     swap1_hi_0 7 7
     tbl_bypass_egress 0 0
 Stage #1
     swap2_lo_0 6 6
	- Edge IXBAR_READ swap1_hi_0
	- Edge IXBAR_READ swap1_lo_0
	- Edge OUTPUT swap1_lo_0
 Stage #2
     swap2_hi_0 5 5
	- Edge IXBAR_READ swap2_lo_0
 Stage #3
     swap3_hi_0 4 4
	- Edge IXBAR_READ swap2_hi_0
	- Edge OUTPUT swap2_hi_0
 Stage #4
     swap3_lo_0 3 3
	- Edge IXBAR_READ swap3_hi_0
 Stage #5
     swap4_hi_0 2 2
	- Edge IXBAR_READ swap3_lo_0
 Stage #6
     swap4_lo_0 1 1
	- Edge IXBAR_READ swap4_hi_0
 Stage #7
     resub_0 0 0
	- Edge IXBAR_READ swap4_lo_0

