Table allocation done 1 time(s), state = INITIAL
Number of stages in table allocation: 8
  Number of stages for ingress table allocation: 8
  Number of stages for egress table allocation: 0
Critical path length through the table dependency graph: 8
Number of tables allocated: 10
+-------+---------------------------+
|Stage  |Table Name                 |
+-------+---------------------------+
|0      |WaterfallIngress.swap1_lo  |
|0      |WaterfallIngress.swap1_hi  |
|1      |WaterfallIngress.swap2_lo  |
|2      |WaterfallIngress.swap2_hi  |
|2      |tbl_bypass_egress          |
|3      |WaterfallIngress.swap3_hi  |
|4      |WaterfallIngress.swap3_lo  |
|5      |WaterfallIngress.swap4_hi  |
|6      |WaterfallIngress.swap4_lo  |
|7      |WaterfallIngress.resub     |
+-------+---------------------------+

