Table Placement ignores container conflicts? 0
Table placement starting on pipe with DEFAULT PLACEMENT approach
ingress: [3] 0 11 111 1111 11111 111111 1111111 11111111 000000000
  swap1_hi_0{ E -9+2, 0 0K }
    stateful WaterfallIngress.table_1_hi  66K
  swap1_lo_0{ E -9+2, 0 0K }
    stateful WaterfallIngress.table_1_lo  66K
  swap2_lo_0{ E -1+2, 0 0K }
    stateful WaterfallIngress.table_2_lo  66K
  swap2_hi_0{ E -1+2, 0 0K }
    stateful WaterfallIngress.table_2_hi  66K
  swap3_hi_0{ E -1+2, 0 0K }
    stateful WaterfallIngress.table_3_hi  66K
  swap3_lo_0{ E -1+2, 0 0K }
    stateful WaterfallIngress.table_3_lo  66K
  swap4_hi_0{ E -1+2, 0 0K }
    stateful WaterfallIngress.table_4_hi  66K
  swap4_lo_0{ E -1+2, 0 0K }
    stateful WaterfallIngress.table_4_lo  66K
  resub_0{ E -1+1, 0 0K }
  tbl_bypass_egress
egress: [4]

stage 0, work: [ 3115032 ], partly placed 0, placed 0
    { id=0 ram=0 tcam=0 mram=0 eixb=0 tixb=0 malu=0 salu=0 local_tinds=0 }
swap1_hi_0 is not a gateway! Aborting search for merge choices
try_place_table(swap1_hi_0, stage=0)
    Initial stage is 0, initial entries is 2
  Try_alloc_all for Table use
  Trying to allocate layout for swap1_hi_0 
  Picking layout option for table : swap1_hi_0
  picked layout for swap1_hi_0 FormatType(022) layout: 512eV ixbar:1B/1b match:0B/-9b gh:1 ov:22
    way:{ g:2 e:0 w:1 1 }
    entries:2048 srams:9 local_tinds: 0 maprams:8 tcams:0 afi:0 I
  Trying to allocate adb for swap1_hi_0 
  Trying to allocate imem for swap1_hi_0 
    Selected stage: 0    Furthest stage: 0
    try_place_table returning 2048 of swap1_hi_0 in stage 0
    Pl vector: swap1_hi_0 
swap1_lo_0 is not a gateway! Aborting search for merge choices
try_place_table(swap1_lo_0, stage=0)
    Initial stage is 0, initial entries is 2
  Try_alloc_all for Table use
  Trying to allocate layout for swap1_lo_0 
  Picking layout option for table : swap1_lo_0
  picked layout for swap1_lo_0 FormatType(022) layout: 512eV ixbar:1B/1b match:0B/-9b gh:1 ov:22
    way:{ g:2 e:0 w:1 1 }
    entries:2048 srams:9 local_tinds: 0 maprams:8 tcams:0 afi:0 I
  Trying to allocate adb for swap1_lo_0 
  Trying to allocate imem for swap1_lo_0 
    Selected stage: 0    Furthest stage: 0
    try_place_table returning 2048 of swap1_lo_0 in stage 0
    Pl vector: swap1_lo_0 
  - skipping swap2_lo_0 due to in-sequence control dependence on swap1_hi_0
  - skipping swap2_hi_0 due to in-sequence control dependence on swap1_hi_0
  - skipping swap3_hi_0 due to in-sequence control dependence on swap1_hi_0
  - skipping swap3_lo_0 due to in-sequence control dependence on swap1_hi_0
  - skipping swap4_hi_0 due to in-sequence control dependence on swap1_hi_0
  - skipping swap4_lo_0 due to in-sequence control dependence on swap1_hi_0
  - skipping resub_0 due to in-sequence control dependence on swap1_hi_0
tbl_bypass_egress is not a gateway! Aborting search for merge choices
try_place_table(tbl_bypass_egress, stage=0)
    Initial stage is 0, initial entries is 1
  Try_alloc_all for Table use
  Trying to allocate layout for tbl_bypass_egress 
  Picking layout option for table : tbl_bypass_egress
  picked layout for tbl_bypass_egress FormatType(02) layout: 0V ixbar:0B/0b match:0B/0b
    entries:0 srams:0 local_tinds: 0 maprams:0 tcams:0 afi:0
  Trying to allocate adb for tbl_bypass_egress 
  Trying to allocate imem for tbl_bypass_egress 
    Selected stage: 0    Furthest stage: 0
    try_place_table returning 1 of tbl_bypass_egress in stage 0
    Pl vector: tbl_bypass_egress 
found 3 tables that could be placed: [ swap1_hi_0, swap1_lo_0, tbl_bypass_egress ]
Initial best is first table seen: swap1_hi_0
For trial t : swap1_lo_0 with best: swap1_hi_0
    Updating best to swap1_lo_0 from swap1_hi_0 for reason: default choice
For trial t : tbl_bypass_egress with best: swap1_lo_0
    Keeping best swap1_lo_0 for reason: longer downward prop control-included dependence tail chain
placing 2048 entries of swap1_lo_0 in stage 0(0) FormatType(022)
stage 0, work: [ 3115032 ], partly placed 0, placed 1
    { id=1 ram=9 tcam=0 mram=8 eixb=1 tixb=0 malu=0 salu=0 local_tinds=0 }
swap1_hi_0 is not a gateway! Aborting search for merge choices
try_place_table(swap1_hi_0, stage=0)
    Initial stage is 0, initial entries is 2
  Try_alloc_all for Table use
  Trying to allocate layout for swap1_hi_0 
  Picking layout option for table : swap1_hi_0
  picked layout for swap1_hi_0 FormatType(022) layout: 512eV ixbar:1B/1b match:0B/-9b gh:1 ov:22
    way:{ g:2 e:0 w:1 1 }
    entries:2048 srams:9 local_tinds: 0 maprams:8 tcams:0 afi:0 I
  Trying to allocate adb for swap1_hi_0 
  Trying to allocate imem for swap1_hi_0 
    Selected stage: 0    Furthest stage: 1
    try_place_table returning 2048 of swap1_hi_0 in stage 0
    Pl vector: swap1_hi_0 
    - skipping swap1_lo_0 as its already done
  - skipping swap2_lo_0 due to in-sequence control dependence on swap1_hi_0
  - skipping swap2_hi_0 due to in-sequence control dependence on swap1_hi_0
  - skipping swap3_hi_0 due to in-sequence control dependence on swap1_hi_0
  - skipping swap3_lo_0 due to in-sequence control dependence on swap1_hi_0
  - skipping swap4_hi_0 due to in-sequence control dependence on swap1_hi_0
  - skipping swap4_lo_0 due to in-sequence control dependence on swap1_hi_0
  - skipping resub_0 due to in-sequence control dependence on swap1_hi_0
tbl_bypass_egress is not a gateway! Aborting search for merge choices
try_place_table(tbl_bypass_egress, stage=0)
    - action dependency between swap1_lo_0 and table tbl_bypass_egress due to PHV allocation advances stage to 1
    Initial stage is 1, initial entries is 1
  Try_alloc_all for Table use
  Trying to allocate layout for tbl_bypass_egress 
  Picking layout option for table : tbl_bypass_egress
  picked layout for tbl_bypass_egress FormatType(02) layout: 0V ixbar:0B/0b match:0B/0b
    entries:0 srams:0 local_tinds: 0 maprams:0 tcams:0 afi:0
  Trying to allocate adb for tbl_bypass_egress 
  Trying to allocate imem for tbl_bypass_egress 
    Selected stage: 1    Furthest stage: 1
    try_place_table returning 1 of tbl_bypass_egress in stage 1
    Pl vector: tbl_bypass_egress 
found 2 tables that could be placed: [ swap1_hi_0, tbl_bypass_egress ]
Initial best is first table seen: swap1_hi_0
For trial t : tbl_bypass_egress with best: swap1_hi_0
    Keeping best swap1_hi_0 for reason: earlier stage calculated
placing 2048 entries of swap1_hi_0 in stage 0(1) FormatType(022)
stage 0, work: [ 3115032 ], partly placed 0, placed 2
    { id=2 ram=18 tcam=0 mram=16 eixb=2 tixb=0 malu=0 salu=0 local_tinds=0 }
    - skipping swap1_hi_0 as its already done
    - skipping swap1_lo_0 as its already done
swap2_lo_0 is not a gateway! Aborting search for merge choices
try_place_table(swap2_lo_0, stage=0)
    - dependency between swap1_hi_0 and table advances stage
    Initial stage is 1, initial entries is 512
  Try_alloc_all for Table use
  Trying to allocate layout for swap2_lo_0 
  Picking layout option for table : swap2_lo_0
  picked layout for swap2_lo_0 FormatType(022) layout: 512eV ixbar:2B/9b match:0B/-1b gh:2 ov:22
    way:{ g:2 e:0 w:1 1 }
    entries:2048 srams:9 local_tinds: 0 maprams:8 tcams:0 afi:0 I
  Trying to allocate adb for swap2_lo_0 
  Trying to allocate imem for swap2_lo_0 
    Selected stage: 1    Furthest stage: 1
    try_place_table returning 2048 of swap2_lo_0 in stage 1
    Pl vector: swap2_lo_0 
  - skipping swap2_hi_0 due to in-sequence control dependence on swap2_lo_0
  - skipping swap3_hi_0 due to in-sequence control dependence on swap2_lo_0
  - skipping swap3_lo_0 due to in-sequence control dependence on swap2_lo_0
  - skipping swap4_hi_0 due to in-sequence control dependence on swap2_lo_0
  - skipping swap4_lo_0 due to in-sequence control dependence on swap2_lo_0
  - skipping resub_0 due to in-sequence control dependence on swap2_lo_0
tbl_bypass_egress is not a gateway! Aborting search for merge choices
try_place_table(tbl_bypass_egress, stage=0)
    - action dependency between swap1_lo_0 and table tbl_bypass_egress due to PHV allocation advances stage to 1
    Initial stage is 1, initial entries is 1
  Try_alloc_all for Table use
  Trying to allocate layout for tbl_bypass_egress 
  Picking layout option for table : tbl_bypass_egress
  picked layout for tbl_bypass_egress FormatType(02) layout: 0V ixbar:0B/0b match:0B/0b
    entries:0 srams:0 local_tinds: 0 maprams:0 tcams:0 afi:0
  Trying to allocate adb for tbl_bypass_egress 
  Trying to allocate imem for tbl_bypass_egress 
    Selected stage: 1    Furthest stage: 1
    try_place_table returning 1 of tbl_bypass_egress in stage 1
    Pl vector: tbl_bypass_egress 
found 2 tables that could be placed: [ swap2_lo_0, tbl_bypass_egress ]
Initial best is first table seen: swap2_lo_0
For trial t : tbl_bypass_egress with best: swap2_lo_0
    Keeping best swap2_lo_0 for reason: longer downward prop control-included dependence tail chain
placing 2048 entries of swap2_lo_0 in stage 1(10) FormatType(022)
stage 1, work: [ 3115032 ], partly placed 0, placed 3
    { id=1 ram=9 tcam=0 mram=8 eixb=2 tixb=0 malu=0 salu=0 local_tinds=0 }
    - skipping swap1_hi_0 as its already done
    - skipping swap1_lo_0 as its already done
    - skipping swap2_lo_0 as its already done
swap2_hi_0 is not a gateway! Aborting search for merge choices
try_place_table(swap2_hi_0, stage=1)
    - dependency between swap2_lo_0 and table advances stage
    Initial stage is 2, initial entries is 512
  Try_alloc_all for Table use
  Trying to allocate layout for swap2_hi_0 
  Picking layout option for table : swap2_hi_0
  picked layout for swap2_hi_0 FormatType(022) layout: 512eV ixbar:2B/9b match:0B/-1b gh:2 ov:22
    way:{ g:2 e:0 w:1 1 }
    entries:2048 srams:9 local_tinds: 0 maprams:8 tcams:0 afi:0 I
  Trying to allocate adb for swap2_hi_0 
  Trying to allocate imem for swap2_hi_0 
    Selected stage: 2    Furthest stage: 2
    try_place_table returning 2048 of swap2_hi_0 in stage 2
    Pl vector: swap2_hi_0 
  - skipping swap3_hi_0 due to in-sequence control dependence on swap2_hi_0
  - skipping swap3_lo_0 due to in-sequence control dependence on swap2_hi_0
  - skipping swap4_hi_0 due to in-sequence control dependence on swap2_hi_0
  - skipping swap4_lo_0 due to in-sequence control dependence on swap2_hi_0
  - skipping resub_0 due to in-sequence control dependence on swap2_hi_0
tbl_bypass_egress is not a gateway! Aborting search for merge choices
try_place_table(tbl_bypass_egress, stage=1)
    - action dependency between swap2_lo_0 and table tbl_bypass_egress due to PHV allocation advances stage to 2
    Initial stage is 2, initial entries is 1
  Try_alloc_all for Table use
  Trying to allocate layout for tbl_bypass_egress 
  Picking layout option for table : tbl_bypass_egress
  picked layout for tbl_bypass_egress FormatType(02) layout: 0V ixbar:0B/0b match:0B/0b
    entries:0 srams:0 local_tinds: 0 maprams:0 tcams:0 afi:0
  Trying to allocate adb for tbl_bypass_egress 
  Trying to allocate imem for tbl_bypass_egress 
    Selected stage: 2    Furthest stage: 2
    try_place_table returning 1 of tbl_bypass_egress in stage 2
    Pl vector: tbl_bypass_egress 
found 2 tables that could be placed: [ swap2_hi_0, tbl_bypass_egress ]
Initial best is first table seen: swap2_hi_0
For trial t : tbl_bypass_egress with best: swap2_hi_0
    Keeping best swap2_hi_0 for reason: longer downward prop control-included dependence tail chain
placing 2048 entries of swap2_hi_0 in stage 2(20) FormatType(022)
stage 2, work: [ 3115032 ], partly placed 0, placed 4
    { id=1 ram=9 tcam=0 mram=8 eixb=2 tixb=0 malu=0 salu=0 local_tinds=0 }
    - skipping swap1_hi_0 as its already done
    - skipping swap1_lo_0 as its already done
    - skipping swap2_lo_0 as its already done
    - skipping swap2_hi_0 as its already done
swap3_hi_0 is not a gateway! Aborting search for merge choices
try_place_table(swap3_hi_0, stage=2)
    - dependency between swap2_hi_0 and table advances stage
    Initial stage is 3, initial entries is 512
  Try_alloc_all for Table use
  Trying to allocate layout for swap3_hi_0 
  Picking layout option for table : swap3_hi_0
  picked layout for swap3_hi_0 FormatType(022) layout: 512eV ixbar:2B/9b match:0B/-1b gh:2 ov:22
    way:{ g:2 e:0 w:1 1 }
    entries:2048 srams:9 local_tinds: 0 maprams:8 tcams:0 afi:0 I
  Trying to allocate adb for swap3_hi_0 
  Trying to allocate imem for swap3_hi_0 
    Selected stage: 3    Furthest stage: 3
    try_place_table returning 2048 of swap3_hi_0 in stage 3
    Pl vector: swap3_hi_0 
  - skipping swap3_lo_0 due to in-sequence control dependence on swap3_hi_0
  - skipping swap4_hi_0 due to in-sequence control dependence on swap3_hi_0
  - skipping swap4_lo_0 due to in-sequence control dependence on swap3_hi_0
  - skipping resub_0 due to in-sequence control dependence on swap3_hi_0
tbl_bypass_egress is not a gateway! Aborting search for merge choices
try_place_table(tbl_bypass_egress, stage=2)
    Initial stage is 2, initial entries is 1
  Try_alloc_all for Table use
  Trying to allocate layout for tbl_bypass_egress 
  Picking layout option for table : tbl_bypass_egress
  picked layout for tbl_bypass_egress FormatType(02) layout: 0V ixbar:0B/0b match:0B/0b
    entries:0 srams:0 local_tinds: 0 maprams:0 tcams:0 afi:0
  Trying to allocate adb for tbl_bypass_egress 
  Trying to allocate imem for tbl_bypass_egress 
    Selected stage: 2    Furthest stage: 3
    try_place_table returning 1 of tbl_bypass_egress in stage 2
    Pl vector: tbl_bypass_egress 
found 2 tables that could be placed: [ swap3_hi_0, tbl_bypass_egress ]
Initial best is first table seen: swap3_hi_0
For trial t : tbl_bypass_egress with best: swap3_hi_0
    Updating best to tbl_bypass_egress from swap3_hi_0 for reason: earlier stage calculated
placing 1 entries of tbl_bypass_egress in stage 2(21) FormatType(02)
stage 2, work: [ 3115032 ], partly placed 0, placed 5
    { id=1 ram=9 tcam=0 mram=8 eixb=2 tixb=0 malu=0 salu=0 local_tinds=0 }
    - skipping swap1_hi_0 as its already done
    - skipping swap1_lo_0 as its already done
    - skipping swap2_lo_0 as its already done
    - skipping swap2_hi_0 as its already done
swap3_hi_0 is not a gateway! Aborting search for merge choices
try_place_table(swap3_hi_0, stage=2)
    - dependency between swap2_hi_0 and table advances stage
    Initial stage is 3, initial entries is 512
  Try_alloc_all for Table use
  Trying to allocate layout for swap3_hi_0 
  Picking layout option for table : swap3_hi_0
  picked layout for swap3_hi_0 FormatType(022) layout: 512eV ixbar:2B/9b match:0B/-1b gh:2 ov:22
    way:{ g:2 e:0 w:1 1 }
    entries:2048 srams:9 local_tinds: 0 maprams:8 tcams:0 afi:0 I
  Trying to allocate adb for swap3_hi_0 
  Trying to allocate imem for swap3_hi_0 
    Selected stage: 3    Furthest stage: 3
    try_place_table returning 2048 of swap3_hi_0 in stage 3
    Pl vector: swap3_hi_0 
  - skipping swap3_lo_0 due to in-sequence control dependence on swap3_hi_0
  - skipping swap4_hi_0 due to in-sequence control dependence on swap3_hi_0
  - skipping swap4_lo_0 due to in-sequence control dependence on swap3_hi_0
  - skipping resub_0 due to in-sequence control dependence on swap3_hi_0
    - skipping tbl_bypass_egress as its already done
found 1 tables that could be placed: [ swap3_hi_0 ]
Initial best is first table seen: swap3_hi_0
placing 2048 entries of swap3_hi_0 in stage 3(30) FormatType(022)
stage 3, work: [ 3115032 ], partly placed 0, placed 6
    { id=1 ram=9 tcam=0 mram=8 eixb=2 tixb=0 malu=0 salu=0 local_tinds=0 }
    - skipping swap1_hi_0 as its already done
    - skipping swap1_lo_0 as its already done
    - skipping swap2_lo_0 as its already done
    - skipping swap2_hi_0 as its already done
    - skipping swap3_hi_0 as its already done
swap3_lo_0 is not a gateway! Aborting search for merge choices
try_place_table(swap3_lo_0, stage=3)
    - dependency between swap3_hi_0 and table advances stage
    Initial stage is 4, initial entries is 512
  Try_alloc_all for Table use
  Trying to allocate layout for swap3_lo_0 
  Picking layout option for table : swap3_lo_0
  picked layout for swap3_lo_0 FormatType(022) layout: 512eV ixbar:2B/9b match:0B/-1b gh:2 ov:22
    way:{ g:2 e:0 w:1 1 }
    entries:2048 srams:9 local_tinds: 0 maprams:8 tcams:0 afi:0 I
  Trying to allocate adb for swap3_lo_0 
  Trying to allocate imem for swap3_lo_0 
    Selected stage: 4    Furthest stage: 4
    try_place_table returning 2048 of swap3_lo_0 in stage 4
    Pl vector: swap3_lo_0 
  - skipping swap4_hi_0 due to in-sequence control dependence on swap3_lo_0
  - skipping swap4_lo_0 due to in-sequence control dependence on swap3_lo_0
  - skipping resub_0 due to in-sequence control dependence on swap3_lo_0
    - skipping tbl_bypass_egress as its already done
found 1 tables that could be placed: [ swap3_lo_0 ]
Initial best is first table seen: swap3_lo_0
placing 2048 entries of swap3_lo_0 in stage 4(40) FormatType(022)
stage 4, work: [ 3115032 ], partly placed 0, placed 7
    { id=1 ram=9 tcam=0 mram=8 eixb=2 tixb=0 malu=0 salu=0 local_tinds=0 }
    - skipping swap1_hi_0 as its already done
    - skipping swap1_lo_0 as its already done
    - skipping swap2_lo_0 as its already done
    - skipping swap2_hi_0 as its already done
    - skipping swap3_hi_0 as its already done
    - skipping swap3_lo_0 as its already done
swap4_hi_0 is not a gateway! Aborting search for merge choices
try_place_table(swap4_hi_0, stage=4)
    - dependency between swap3_lo_0 and table advances stage
    Initial stage is 5, initial entries is 512
  Try_alloc_all for Table use
  Trying to allocate layout for swap4_hi_0 
  Picking layout option for table : swap4_hi_0
  picked layout for swap4_hi_0 FormatType(022) layout: 512eV ixbar:2B/9b match:0B/-1b gh:2 ov:22
    way:{ g:2 e:0 w:1 1 }
    entries:2048 srams:9 local_tinds: 0 maprams:8 tcams:0 afi:0 I
  Trying to allocate adb for swap4_hi_0 
  Trying to allocate imem for swap4_hi_0 
    Selected stage: 5    Furthest stage: 5
    try_place_table returning 2048 of swap4_hi_0 in stage 5
    Pl vector: swap4_hi_0 
  - skipping swap4_lo_0 due to in-sequence control dependence on swap4_hi_0
  - skipping resub_0 due to in-sequence control dependence on swap4_hi_0
    - skipping tbl_bypass_egress as its already done
found 1 tables that could be placed: [ swap4_hi_0 ]
Initial best is first table seen: swap4_hi_0
placing 2048 entries of swap4_hi_0 in stage 5(50) FormatType(022)
stage 5, work: [ 3115032 ], partly placed 0, placed 8
    { id=1 ram=9 tcam=0 mram=8 eixb=2 tixb=0 malu=0 salu=0 local_tinds=0 }
    - skipping swap1_hi_0 as its already done
    - skipping swap1_lo_0 as its already done
    - skipping swap2_lo_0 as its already done
    - skipping swap2_hi_0 as its already done
    - skipping swap3_hi_0 as its already done
    - skipping swap3_lo_0 as its already done
    - skipping swap4_hi_0 as its already done
swap4_lo_0 is not a gateway! Aborting search for merge choices
try_place_table(swap4_lo_0, stage=5)
    - dependency between swap4_hi_0 and table advances stage
    Initial stage is 6, initial entries is 512
  Try_alloc_all for Table use
  Trying to allocate layout for swap4_lo_0 
  Picking layout option for table : swap4_lo_0
  picked layout for swap4_lo_0 FormatType(022) layout: 512eV ixbar:2B/9b match:0B/-1b gh:2 ov:22
    way:{ g:2 e:0 w:1 1 }
    entries:2048 srams:9 local_tinds: 0 maprams:8 tcams:0 afi:0 I
  Trying to allocate adb for swap4_lo_0 
  Trying to allocate imem for swap4_lo_0 
    Selected stage: 6    Furthest stage: 6
    try_place_table returning 2048 of swap4_lo_0 in stage 6
    Pl vector: swap4_lo_0 
  - skipping resub_0 due to in-sequence control dependence on swap4_lo_0
    - skipping tbl_bypass_egress as its already done
found 1 tables that could be placed: [ swap4_lo_0 ]
Initial best is first table seen: swap4_lo_0
placing 2048 entries of swap4_lo_0 in stage 6(60) FormatType(022)
stage 6, work: [ 3115032 ], partly placed 0, placed 9
    { id=1 ram=9 tcam=0 mram=8 eixb=2 tixb=0 malu=0 salu=0 local_tinds=0 }
    - skipping swap1_hi_0 as its already done
    - skipping swap1_lo_0 as its already done
    - skipping swap2_lo_0 as its already done
    - skipping swap2_hi_0 as its already done
    - skipping swap3_hi_0 as its already done
    - skipping swap3_lo_0 as its already done
    - skipping swap4_hi_0 as its already done
    - skipping swap4_lo_0 as its already done
resub_0 is not a gateway! Aborting search for merge choices
try_place_table(resub_0, stage=6)
    - dependency between swap4_lo_0 and table advances stage
    Initial stage is 7, initial entries is 512
  Try_alloc_all for Table use
  Trying to allocate layout for resub_0 
  Picking layout option for table : resub_0
  picked layout for resub_0 FormatType(02) layout: 512eV ixbar:2B/9b match:0B/-1b gh:2 ov:1
    way:{ g:5 e:0 w:1 1 }
    entries:5120 srams:1 local_tinds: 0 maprams:0 tcams:0 afi:0 I
  Trying to allocate adb for resub_0 
  Trying to allocate imem for resub_0 
    Selected stage: 7    Furthest stage: 7
    try_place_table returning 5120 of resub_0 in stage 7
    Pl vector: resub_0 
    - skipping tbl_bypass_egress as its already done
found 1 tables that could be placed: [ resub_0 ]
Initial best is first table seen: resub_0
placing 5120 entries of resub_0 in stage 7(70) FormatType(02)
Adding complete placement for resource mode:0
Found a complete solution that fit the number of stages required
Evaluating complete solution with resource:0
Placement error(s):0 stages required:8
Updating best final placement with this one
Table placement placed 10 tables in 8 stages
  Table resub_0 logical id 0x70 entries=5120
  Table swap4_lo_0 logical id 0x60 entries=2048
    attached table WaterfallIngress.table_4_lo entries=65536
  Table swap4_hi_0 logical id 0x50 entries=2048
    attached table WaterfallIngress.table_4_hi entries=65536
  Table swap3_lo_0 logical id 0x40 entries=2048
    attached table WaterfallIngress.table_3_lo entries=65536
  Table swap3_hi_0 logical id 0x30 entries=2048
    attached table WaterfallIngress.table_3_hi entries=65536
  Table tbl_bypass_egress logical id 0x21 entries=1
  Table swap2_hi_0 logical id 0x20 entries=2048
    attached table WaterfallIngress.table_2_hi entries=65536
  Table swap2_lo_0 logical id 0x10 entries=2048
    attached table WaterfallIngress.table_2_lo entries=65536
  Table swap1_hi_0 logical id 0x1 entries=2048
    attached table WaterfallIngress.table_1_hi entries=65536
  Table swap1_lo_0 logical id 0x0 entries=2048
    attached table WaterfallIngress.table_1_lo entries=65536
Finished table placement decisions pipe
  Adding Ternary Indirect table to tbl_bypass_egress
table placement completed pipe
ingress: [3] 0 00 000 0000 00000 000000 0000000 00000000 000000000
  0: swap1_lo_0{ E -9+22, 0 [1x2 2K] }
    stateful WaterfallIngress.table_1_lo  66K
  1: swap1_hi_0{ E -9+22, 0 [1x2 2K] }
    stateful WaterfallIngress.table_1_hi  66K
  10: swap2_lo_0{ E -1+22, 0 [1x2 2K] }
    stateful WaterfallIngress.table_2_lo  66K
  20: swap2_hi_0{ E -1+22, 0 [1x2 2K] }
    stateful WaterfallIngress.table_2_hi  66K
  21: tbl_bypass_egress
  30: swap3_hi_0{ E -1+22, 0 [1x2 2K] }
    stateful WaterfallIngress.table_3_hi  66K
  40: swap3_lo_0{ E -1+22, 0 [1x2 2K] }
    stateful WaterfallIngress.table_3_lo  66K
  50: swap4_hi_0{ E -1+22, 0 [1x2 2K] }
    stateful WaterfallIngress.table_4_hi  66K
  60: swap4_lo_0{ E -1+22, 0 [1x2 2K] }
    stateful WaterfallIngress.table_4_lo  66K
  70: resub_0{ E -1+1, 0 [1x5 5K] }
egress: [4]

