Parser Characterization Report:
Number of states on ingress: 9

Number of matches on ingress: 13

Longest path (8 states) on ingress:
    $entry_point
    start
    parse_resubmit
    parse_ethernet
    parse_ethernet.$split_0
    parse_ipv4
    parse_ipv4.$split_0
    parse_udp

Shortest path (4 states) on ingress:
    $entry_point
    start
    parse_ethernet
    parse_ethernet.$split_0

Average rate: 9.125 Bps
Min packet size at 100 Gbps: 82 B (9 B payload)
Max data rate for min-sized packets: 89.06 Gbps / 152.5 MPps

Extractor usage:
+-------------------------+------------+-------+--------+--------+------------------+-------+
|State                    |Match       |8-bit  |16-bit  |32-bit  |Total Extractors  |Other  |
+-------------------------+------------+-------+--------+--------+------------------+-------+
|$entry_point             |*           |0      |0       |0       |0                 |       |
|start                    |0b0*******  |1      |1       |0       |2                 |       |
|-                        |0b1*******  |1      |1       |0       |2                 |       |
|parse_resubmit           |*           |0      |2       |0       |2                 |       |
|parse_ethernet           |*           |4      |4       |0       |8                 |       |
|parse_ethernet.$split_0  |0x0800      |1      |1       |0       |2                 |       |
|-                        |0x****      |1      |1       |0       |2                 |       |
|parse_ipv4               |*           |1      |0       |4       |5                 |       |
|parse_ipv4.$split_0      |0x11        |0      |0       |1       |1                 |       |
|-                        |0x06        |0      |0       |1       |1                 |       |
|-                        |0x**        |0      |0       |1       |1                 |       |
|parse_tcp                |*           |1      |4       |3       |8                 |       |
|parse_udp                |*           |1      |2       |1       |4                 |       |
+-------------------------+------------+-------+--------+--------+------------------+-------+
Number of states on egress: 15

Number of matches on egress: 23

Longest path (9 states) on egress:
    $entry_point
    start.$oob_stall_0
    start.$split_0
    parse_ipv4
    parse_ipv4.$split_0
    min_parse_depth_accept_initial
    min_parse_depth_accept_loop.$split_0
    min_parse_depth_accept_loop.$it1.$split_0
    min_parse_depth_accept_loop.$it2

Shortest path (4 states) on egress:
    $entry_point
    start.$oob_stall_0
    start.$split_0
    min_parse_depth_reject_initial

Average rate: 8.11111 Bps
Min packet size at 100 Gbps: 93 B (20 B payload)
Max data rate for min-sized packets: 78.08 Gbps / 133.699 MPps

Extractor usage:
+-------------------------------------------+--------+-------+--------+--------+------------------+-------+
|State                                      |Match   |8-bit  |16-bit  |32-bit  |Total Extractors  |Other  |
+-------------------------------------------+--------+-------+--------+--------+------------------+-------+
|$entry_point                               |*       |1      |2       |0       |3                 |       |
|start.$oob_stall_0                         |*       |0      |0       |0       |0                 |       |
|start.$split_0                             |0x0800  |0      |2       |2       |4                 |       |
|-                                          |0x****  |0      |2       |2       |4                 |       |
|min_parse_depth_reject_initial             |0x0     |0      |0       |0       |0                 |       |
|-                                          |0b**    |0      |0       |0       |0                 |       |
|min_parse_depth_reject_loop                |*       |0      |0       |0       |0                 |       |
|min_parse_depth_reject_loop.$split_0       |0x0     |0      |0       |0       |0                 |       |
|-                                          |0b**    |0      |0       |0       |0                 |       |
|parse_ipv4                                 |*       |1      |0       |4       |5                 |       |
|parse_ipv4.$split_0                        |0x06    |0      |0       |1       |1                 |       |
|-                                          |0x11    |0      |0       |1       |1                 |       |
|-                                          |0x**    |0      |0       |1       |1                 |       |
|min_parse_depth_accept_initial             |0x0     |4      |2       |1       |7                 |       |
|-                                          |0b**    |0      |0       |0       |0                 |       |
|min_parse_depth_accept_loop.$split_0       |0x0     |2      |4       |0       |6                 |       |
|-                                          |0b**    |0      |0       |0       |0                 |       |
|min_parse_depth_accept_loop.$it1.$split_0  |0x0     |0      |1       |0       |1                 |       |
|-                                          |0b**    |0      |1       |0       |1                 |       |
|min_parse_depth_accept_loop.$it2           |*       |2      |1       |2       |5                 |       |
|parse_udp                                  |0x****  |1      |2       |1       |4                 |       |
|parse_tcp                                  |*       |4      |2       |3       |9                 |       |
|parse_tcp.$split_0                         |0x****  |1      |0       |0       |1                 |       |
+-------------------------------------------+--------+-------+--------+--------+------------------+-------+
